<?xml version="1.0" encoding="utf-8"?><testsuites name="pytest tests"><testsuite name="pytest" errors="0" failures="2" skipped="0" tests="32" time="6.567" timestamp="2026-02-23T22:17:09.300559+00:00" hostname="agent-env-ce6d85dc-2984-4594-9424-7cb931240b38"><testcase classname="tests.test_admin_api.TestAdminHealth" name="test_api_health" time="0.198" /><testcase classname="tests.test_admin_api.TestAdminHealth" name="test_admin_stats" time="0.138" /><testcase classname="tests.test_admin_api.TestAdminHealth" name="test_admin_detailed_stats" time="0.147" /><testcase classname="tests.test_admin_api.TestAuthentication" name="test_login_success" time="0.199" /><testcase classname="tests.test_admin_api.TestAuthentication" name="test_login_invalid_password" time="0.168" /><testcase classname="tests.test_admin_api.TestOrganizations" name="test_list_organizations" time="0.369" /><testcase classname="tests.test_admin_api.TestOrganizations" name="test_create_organization" time="0.180" /><testcase classname="tests.test_admin_api.TestOrganizations" name="test_get_organization" time="0.311" /><testcase classname="tests.test_admin_api.TestOrganizations" name="test_delete_test_organizations" time="0.320" /><testcase classname="tests.test_admin_api.TestStores" name="test_list_stores" time="0.138" /><testcase classname="tests.test_admin_api.TestStores" name="test_create_store" time="0.315" /><testcase classname="tests.test_admin_api.TestStores" name="test_get_store" time="0.355" /><testcase classname="tests.test_admin_api.TestStores" name="test_delete_test_stores" time="0.200" /><testcase classname="tests.test_admin_api.TestUsers" name="test_list_users" time="0.122" /><testcase classname="tests.test_admin_api.TestUsers" name="test_hierarchy_users" time="0.130" /><testcase classname="tests.test_admin_api.TestUsers" name="test_get_user_detail" time="0.166" /><testcase classname="tests.test_admin_api.TestUsers" name="test_pending_users" time="0.134" /><testcase classname="tests.test_admin_api.TestUsers" name="test_pending_users_count" time="0.127" /><testcase classname="tests.test_admin_api.TestIndividuals" name="test_list_individuals" time="0.130" /><testcase classname="tests.test_admin_api.TestQuotes" name="test_list_quotes" time="0.190" /><testcase classname="tests.test_admin_api.TestQuotes" name="test_list_quotes_by_status" time="0.354" /><testcase classname="tests.test_admin_api.TestPartnerAgreements" name="test_list_agreements" time="0.144" /><testcase classname="tests.test_admin_api.TestSharedInboxes" name="test_list_shared_inboxes" time="0.151" /><testcase classname="tests.test_admin_api.TestSharedInboxes" name="test_list_team_users" time="0.150" /><testcase classname="tests.test_admin_api.TestCompanyDirectory" name="test_list_directory" time="0.297"><failure message="assert 404 == 200&#10; +  where 404 = &lt;Response [404]&gt;.status_code">tests/test_admin_api.py:340: in test_list_directory
    assert response.status_code == 200
E   assert 404 == 200
E    +  where 404 = &lt;Response [404]&gt;.status_code</failure></testcase><testcase classname="tests.test_admin_api.TestDataStats" name="test_data_stats_all_time" time="0.164" /><testcase classname="tests.test_admin_api.TestDataStats" name="test_data_stats_7d" time="0.254" /><testcase classname="tests.test_admin_api.TestDataStats" name="test_data_stats_30d" time="0.112" /><testcase classname="tests.test_admin_api.TestActivityFeed" name="test_recent_activity" time="0.109" /><testcase classname="tests.test_admin_api.TestActivityFeed" name="test_user_activity_feed" time="0.384"><failure message="assert 520 == 200&#10; +  where 520 = &lt;Response [520]&gt;.status_code">tests/test_admin_api.py:391: in test_user_activity_feed
    assert response.status_code == 200
E   assert 520 == 200
E    +  where 520 = &lt;Response [520]&gt;.status_code</failure></testcase><testcase classname="tests.test_admin_api.TestDiscountCodes" name="test_list_discount_codes" time="0.112" /><testcase classname="tests.test_admin_api.TestHierarchyOverview" name="test_hierarchy_overview" time="0.160" /></testsuite></testsuites>