<?xml version="1.0" encoding="utf-8"?><testsuites name="pytest tests"><testsuite name="pytest" errors="0" failures="0" skipped="0" tests="2" time="0.745" timestamp="2026-09-07T17:23:53.976726+00:00" hostname="agent-env-ed2e0bed-a367-4d5c-a080-e18e539ff770"><testcase classname="backend.tests.test_batch2_retest_297" name="test_tasks_no_emdash_no_phone_greeting" time="0.649" /><testcase classname="backend.tests.test_batch2_retest_297" name="test_resolve_template_variables_phone_guard" time="0.037" /></testsuite></testsuites>