<?xml version="1.0" encoding="utf-8"?><testsuites name="pytest tests"><testsuite name="pytest" errors="0" failures="0" skipped="0" tests="2" time="0.933" timestamp="2026-09-07T17:16:07.982838+00:00" hostname="agent-env-ed2e0bed-a367-4d5c-a080-e18e539ff770"><testcase classname="backend.tests.test_batch2_touchpoints" name="test_tasks_no_emdash_or_broken_template" time="0.838" /><testcase classname="backend.tests.test_batch2_touchpoints" name="test_resolve_template_variables_direct" time="0.031" /></testsuite></testsuites>