<?xml version="1.0" encoding="utf-8"?><testsuites name="pytest tests"><testsuite name="pytest" errors="0" failures="1" skipped="0" tests="6" time="2.704" timestamp="2026-09-10T03:56:23.859758+00:00" hostname="agent-env-ed2e0bed-a367-4d5c-a080-e18e539ff770"><testcase classname="backend.tests.test_campaigns_redesign" name="test_list_campaigns_has_sent_this_week" time="0.884"><failure message="AssertionError: Campaigns missing fields: [('VIP Customer Experience', ['ai_assist_mode', 'scope']), ('Review Follow-Up', ['ai_assist_mode', 'scope']), ('New Account Onboarding', ['ai_assist_mode', 'scope']), ('First 10 Reviews Sprint', ['ai_assist_mode', 'scope']), ('Ongoing Relationship Touches', ['ai_assist_mode', 'scope'])]&#10;assert not [('VIP Customer Experience', ['ai_assist_mode', 'scope']), ('Review Follow-Up', ['ai_assist_mode', 'scope']), ('New Account Onboarding', ['ai_assist_mode', 'scope']), ('First 10 Reviews Sprint', ['ai_assist_mode', 'scope']), ('Ongoing Relationship Touches', ['ai_assist_mode', 'scope']), ('Post-Purchase Follow-Up', ['ai_assist_mode', 'scope']), ...]">backend/tests/test_campaigns_redesign.py:49: in test_list_campaigns_has_sent_this_week
    assert not missing_summary, f"Campaigns missing fields: {missing_summary[:5]}"
E   AssertionError: Campaigns missing fields: [('VIP Customer Experience', ['ai_assist_mode', 'scope']), ('Review Follow-Up', ['ai_assist_mode', 'scope']), ('New Account Onboarding', ['ai_assist_mode', 'scope']), ('First 10 Reviews Sprint', ['ai_assist_mode', 'scope']), ('Ongoing Relationship Touches', ['ai_assist_mode', 'scope'])]
E   assert not [('VIP Customer Experience', ['ai_assist_mode', 'scope']), ('Review Follow-Up', ['ai_assist_mode', 'scope']), ('New Account Onboarding', ['ai_assist_mode', 'scope']), ('First 10 Reviews Sprint', ['ai_assist_mode', 'scope']), ('Ongoing Relationship Touches', ['ai_assist_mode', 'scope']), ('Post-Purchase Follow-Up', ['ai_assist_mode', 'scope']), ...]</failure></testcase><testcase classname="backend.tests.test_campaigns_redesign" name="test_permissions_allowed" time="0.132" /><testcase classname="backend.tests.test_campaigns_redesign" name="test_prebuilt_templates_returns_8" time="0.156" /><testcase classname="backend.tests.test_campaigns_redesign" name="test_prebuilt_template_sold_followup" time="0.128" /><testcase classname="backend.tests.test_campaigns_redesign" name="test_full_crud_and_enrollments" time="1.175" /><testcase classname="backend.tests.test_campaigns_redesign" name="test_sold_campaign_enrollments_enriched" time="0.136" /></testsuite></testsuites>