<?xml version="1.0" encoding="utf-8"?><testsuites name="pytest tests"><testsuite name="pytest" errors="0" failures="0" skipped="0" tests="16" time="2.606" timestamp="2026-08-30T16:33:08.328919+00:00" hostname="agent-env-ed2e0bed-a367-4d5c-a080-e18e539ff770"><testcase classname="tests.test_contacts_smart_lists.TestAuth" name="test_smart_lists_requires_auth" time="0.674" /><testcase classname="tests.test_contacts_smart_lists.TestAuth" name="test_contacts_list_requires_auth" time="0.053" /><testcase classname="tests.test_contacts_smart_lists.TestAuth" name="test_other_user_id_forbidden" time="0.066" /><testcase classname="tests.test_contacts_smart_lists.TestSmartListCounts" name="test_counts_shape" time="0.059" /><testcase classname="tests.test_contacts_smart_lists.TestSmartListCounts" name="test_count_matches_filtered_total[needs_attention]" time="0.131" /><testcase classname="tests.test_contacts_smart_lists.TestSmartListCounts" name="test_count_matches_filtered_total[hot]" time="0.119" /><testcase classname="tests.test_contacts_smart_lists.TestSmartListCounts" name="test_count_matches_filtered_total[new_this_week]" time="0.127" /><testcase classname="tests.test_contacts_smart_lists.TestSmartListCounts" name="test_count_matches_filtered_total[birthdays]" time="0.126" /><testcase classname="tests.test_contacts_smart_lists.TestSmartListCounts" name="test_invalid_smart_list_ignored" time="0.142" /><testcase classname="tests.test_contacts_smart_lists.TestHotSmartList" name="test_hot_tag_reflects_in_smart_list" time="0.445" /><testcase classname="tests.test_contacts_smart_lists.TestListBehaviour" name="test_pagination_pages_differ" time="0.140" /><testcase classname="tests.test_contacts_smart_lists.TestListBehaviour" name="test_sort_alpha_default" time="0.068" /><testcase classname="tests.test_contacts_smart_lists.TestListBehaviour" name="test_sort_recent" time="0.072" /><testcase classname="tests.test_contacts_smart_lists.TestListBehaviour" name="test_team_view_enriches_salesperson" time="0.069" /><testcase classname="tests.test_contacts_smart_lists.TestListBehaviour" name="test_search_filters" time="0.150" /><testcase classname="tests.test_contacts_smart_lists.TestListBehaviour" name="test_no_raw_objectid_leak" time="0.069" /></testsuite></testsuites>