<?xml version="1.0" encoding="utf-8"?><testsuites name="pytest tests"><testsuite name="pytest" errors="0" failures="0" skipped="0" tests="8" time="4.663" timestamp="2026-09-14T02:55:24.699185+00:00" hostname="agent-env-ed2e0bed-a367-4d5c-a080-e18e539ff770"><testcase classname="backend.tests.test_inbox_team_wiring_review" name="test_member_options_qa_manager" time="1.577" /><testcase classname="backend.tests.test_inbox_team_wiring_review" name="test_member_options_forest_orders_on_team_first" time="0.675" /><testcase classname="backend.tests.test_inbox_team_wiring_review" name="test_inbox_leads_overview_shape" time="0.210" /><testcase classname="backend.tests.test_inbox_team_wiring_review" name="test_rep_forbidden_inbox_leads" time="0.524" /><testcase classname="backend.tests.test_inbox_team_wiring_review" name="test_point_then_unpoint_source" time="0.960" /><testcase classname="backend.tests.test_inbox_team_wiring_review" name="test_point_bogus_source_400" time="0.146" /><testcase classname="backend.tests.test_inbox_team_wiring_review" name="test_lead_flows_reps_include_forest_via_inbox" time="0.312" /><testcase classname="backend.tests.test_inbox_team_wiring_review" name="test_lead_source_reps_shape" time="0.184" /></testsuite></testsuites>