<?xml version="1.0" encoding="utf-8"?><testsuites name="pytest tests"><testsuite name="pytest" errors="0" failures="0" skipped="0" tests="7" time="10.015" timestamp="2026-09-16T06:36:43.868182+00:00" hostname="agent-env-ed2e0bed-a367-4d5c-a080-e18e539ff770"><testcase classname="tests.test_interview_api" name="test_status_shape" time="1.207" /><testcase classname="tests.test_interview_api" name="test_get_session_ok_and_auth" time="0.593" /><testcase classname="tests.test_interview_api" name="test_rebuild_completed_session" time="7.486" /><testcase classname="tests.test_interview_api" name="test_delete_voice_noop" time="0.168" /><testcase classname="tests.test_interview_api" name="test_public_twiml_bad_token" time="0.145" /><testcase classname="tests.test_interview_api" name="test_public_call_status_204" time="0.129" /><testcase classname="tests.test_interview_api" name="test_scripts_regression" time="0.139" /></testsuite></testsuites>