<?xml version="1.0" encoding="utf-8"?><testsuites name="pytest tests"><testsuite name="pytest" errors="0" failures="0" skipped="0" tests="14" time="6.513" timestamp="2026-08-18T15:03:33.412182+00:00" hostname="agent-env-ed2e0bed-a367-4d5c-a080-e18e539ff770"><testcase classname="tests.test_intent_detection" name="test_skip_phrase_ok" time="0.001" /><testcase classname="tests.test_intent_detection" name="test_skip_phrase_thanks" time="0.000" /><testcase classname="tests.test_intent_detection" name="test_skip_phrase_thank_you" time="0.000" /><testcase classname="tests.test_intent_detection" name="test_empty_message_returns_default" time="0.000" /><testcase classname="tests.test_intent_detection" name="test_short_message_under_8_chars" time="0.000" /><testcase classname="tests.test_intent_detection" name="test_skip_phrase_yes" time="0.000" /><testcase classname="tests.test_intent_detection" name="test_skip_phrase_cool" time="0.000" /><testcase classname="tests.test_intent_detection" name="test_result_always_has_required_fields" time="2.697" /><testcase classname="tests.test_intent_detection" name="test_payment_question_scores_high" time="1.091" /><testcase classname="tests.test_intent_detection" name="test_ready_to_buy_scores_nine_or_ten" time="1.219" /><testcase classname="tests.test_intent_detection" name="test_hot_summary_non_empty_when_score_high" time="1.186" /><testcase classname="tests.test_intent_detection" name="test_process_inbound_intent_high_score_sets_hot_opportunity" time="0.256" /><testcase classname="tests.test_intent_detection" name="test_process_inbound_intent_low_score_no_db_write" time="0.009" /><testcase classname="tests.test_intent_detection" name="test_process_inbound_intent_moderate_score_not_hot" time="0.009" /></testsuite></testsuites>