<?xml version="1.0" encoding="utf-8"?><testsuites name="pytest tests"><testsuite name="pytest" errors="0" failures="0" skipped="0" tests="5" time="6.662" timestamp="2026-09-17T23:55:07.219389+00:00" hostname="agent-env-ed2e0bed-a367-4d5c-a080-e18e539ff770"><testcase classname="tests.test_duplicates_and_audition" name="test_find_sets_phone_email_and_sounds_alike" time="0.253" /><testcase classname="tests.test_duplicates_and_audition" name="test_merge_set_moves_records" time="0.021" /><testcase classname="tests.test_duplicates_and_audition" name="test_jessi_duplicate_tools_without_llm" time="0.040" /><testcase classname="tests.test_duplicates_and_audition" name="test_brain_picks_duplicate_tools" time="4.596" /><testcase classname="tests.test_duplicates_and_audition" name="test_shopper_audition_session" time="1.552" /></testsuite></testsuites>