<?xml version="1.0" encoding="utf-8"?><testsuites name="pytest tests"><testsuite name="pytest" errors="0" failures="0" skipped="0" tests="5" time="1.259" timestamp="2026-09-17T18:05:17.929233+00:00" hostname="agent-env-ed2e0bed-a367-4d5c-a080-e18e539ff770"><testcase classname="tests.test_live_shops_api_iter333" name="test_lab_features_contains_live_shop_calls_and_jessi_live_voice" time="1.004" /><testcase classname="tests.test_live_shops_api_iter333" name="test_shop_client_get_exposes_live_calls" time="0.026" /><testcase classname="tests.test_live_shops_api_iter333" name="test_shop_client_toggle_live_calls_true_then_false" time="0.127" /><testcase classname="tests.test_live_shops_api_iter333" name="test_live_voice_config_forest_available_not_configured" time="0.016" /><testcase classname="tests.test_live_shops_api_iter333" name="test_live_voice_session_503_no_key" time="0.014" /></testsuite></testsuites>