<?xml version="1.0" encoding="utf-8"?><testsuites name="pytest tests"><testsuite name="pytest" errors="0" failures="0" skipped="0" tests="5" time="2.475" timestamp="2026-09-13T02:53:51.765468+00:00" hostname="agent-env-ed2e0bed-a367-4d5c-a080-e18e539ff770"><testcase classname="backend.tests.test_mystery_shops_challenges" name="test_list_challenges_shape" time="1.578" /><testcase classname="backend.tests.test_mystery_shops_challenges" name="test_generate_short_scenario_400" time="0.213" /><testcase classname="backend.tests.test_mystery_shops_challenges" name="test_generate_bad_department_400" time="0.224" /><testcase classname="backend.tests.test_mystery_shops_challenges" name="test_put_nonexistent_challenge_404" time="0.176" /><testcase classname="backend.tests.test_mystery_shops_challenges" name="test_create_parts_missing_opening_line_400" time="0.205" /></testsuite></testsuites>