<?xml version="1.0" encoding="utf-8"?><testsuites name="pytest tests"><testsuite name="pytest" errors="0" failures="0" skipped="0" tests="17" time="8.272" timestamp="2026-09-13T03:24:17.045166+00:00" hostname="agent-env-ed2e0bed-a367-4d5c-a080-e18e539ff770"><testcase classname="tests.test_courses_certification" name="test_list_courses_shape" time="1.527" /><testcase classname="tests.test_courses_certification" name="test_create_requires_title" time="0.173" /><testcase classname="tests.test_courses_certification" name="test_create_invalid_department" time="0.205" /><testcase classname="tests.test_courses_certification" name="test_get_course_and_stats" time="0.864" /><testcase classname="tests.test_courses_certification" name="test_update_pass_pct" time="0.379" /><testcase classname="tests.test_courses_certification" name="test_manager_cannot_create" time="0.688" /><testcase classname="tests.test_courses_certification" name="test_manager_cannot_edit" time="0.181" /><testcase classname="tests.test_courses_certification" name="test_manager_list_no_can_manage" time="0.207" /><testcase classname="tests.test_courses_certification" name="test_manager_people_no_targets" time="0.192" /><testcase classname="tests.test_courses_certification" name="test_rep_people_forbidden" time="0.670" /><testcase classname="tests.test_courses_certification" name="test_enroll_rep_and_idempotent" time="0.472" /><testcase classname="tests.test_courses_certification" name="test_get_enrollment_detail" time="0.204" /><testcase classname="tests.test_courses_certification" name="test_rep_sees_own_enrollment_in_list" time="0.163" /><testcase classname="tests.test_courses_certification" name="test_rep_can_view_course" time="0.192" /><testcase classname="tests.test_courses_certification" name="test_record_result_certifies_and_public_certificate" time="1.030" /><testcase classname="tests.test_courses_certification" name="test_unenroll_removes_enrollment" time="0.441" /><testcase classname="tests.test_courses_certification" name="test_retire_course_returns_404_after" time="0.572" /></testsuite></testsuites>