<?xml version="1.0" encoding="utf-8"?><testsuites name="pytest tests"><testsuite name="pytest" errors="0" failures="0" skipped="0" tests="12" time="4.877" timestamp="2026-09-17T16:29:17.592653+00:00" hostname="agent-env-ed2e0bed-a367-4d5c-a080-e18e539ff770"><testcase classname="tests.test_live_voice_api_iter332" name="test_config_forest" time="1.176" /><testcase classname="tests.test_live_voice_api_iter332" name="test_config_rep" time="0.572" /><testcase classname="tests.test_live_voice_api_iter332" name="test_admin_config_forest" time="0.179" /><testcase classname="tests.test_live_voice_api_iter332" name="test_admin_config_forbidden_qa" time="0.617" /><testcase classname="tests.test_live_voice_api_iter332" name="test_admin_config_put_and_validate" time="0.374" /><testcase classname="tests.test_live_voice_api_iter332" name="test_admin_preview" time="0.183" /><testcase classname="tests.test_live_voice_api_iter332" name="test_restore_defaults" time="0.211" /><testcase classname="tests.test_live_voice_api_iter332" name="test_session_forest_503" time="0.187" /><testcase classname="tests.test_live_voice_api_iter332" name="test_session_rep_lab_403" time="0.158" /><testcase classname="tests.test_live_voice_api_iter332" name="test_session_rep_assistant_403" time="0.149" /><testcase classname="tests.test_live_voice_api_iter332" name="test_session_empty_sdp_400" time="0.152" /><testcase classname="tests.test_live_voice_api_iter332" name="test_lab_features_includes_jessi" time="0.824" /></testsuite></testsuites>