<?xml version="1.0" encoding="utf-8"?><testsuites name="pytest tests"><testsuite name="pytest" errors="0" failures="0" skipped="0" tests="7" time="4.284" timestamp="2026-09-16T06:49:38.768879+00:00" hostname="agent-env-ed2e0bed-a367-4d5c-a080-e18e539ff770"><testcase classname="tests.test_lab_api" name="test_lab_features_forbidden_for_non_super" time="2.439" /><testcase classname="tests.test_lab_api" name="test_lab_features_shape_for_super" time="0.148" /><testcase classname="tests.test_lab_api" name="test_lab_put_bad_status" time="0.152" /><testcase classname="tests.test_lab_api" name="test_lab_put_unknown_key" time="0.134" /><testcase classname="tests.test_lab_api" name="test_lab_put_live_then_lab" time="0.611" /><testcase classname="tests.test_lab_api" name="test_start_dry_run_forbidden_for_rep" time="0.281" /><testcase classname="tests.test_lab_api" name="test_start_forbidden_when_not_live" time="0.447" /></testsuite></testsuites>