<?xml version="1.0" encoding="utf-8"?><testsuites name="pytest tests"><testsuite name="pytest" errors="0" failures="0" skipped="0" tests="20" time="31.177" timestamp="2026-09-02T05:23:49.735747+00:00" hostname="agent-env-ed2e0bed-a367-4d5c-a080-e18e539ff770"><testcase classname="tests.test_lead_call_engine_ladder.TestWorkflowConfig" name="test_put_and_get_workflow" time="0.784" /><testcase classname="tests.test_lead_call_engine_ladder.TestWorkflowConfig" name="test_website_pages_listing" time="0.062" /><testcase classname="tests.test_lead_call_engine_ladder.TestWorkflowConfig" name="test_call_attempts_clamped_to_four" time="0.256" /><testcase classname="tests.test_lead_call_engine_ladder.TestWorkflowConfig" name="test_single_website_default" time="0.367" /><testcase classname="tests.test_lead_call_engine_ladder.TestFormPipeline" name="test_demo_request_routes_and_creates_job" time="2.129" /><testcase classname="tests.test_lead_call_engine_ladder.TestFormPipeline" name="test_scheduler_fires_attempt_one" time="9.003" /><testcase classname="tests.test_lead_call_engine_ladder.TestFormPipeline" name="test_page_specific_route_text_only_no_job" time="3.342" /><testcase classname="tests.test_lead_call_engine_ladder.TestVoiceWebhooks" name="test_answer_prompts_press_one" time="0.112" /><testcase classname="tests.test_lead_call_engine_ladder.TestVoiceWebhooks" name="test_answer_wrong_token" time="0.189" /><testcase classname="tests.test_lead_call_engine_ladder.TestVoiceWebhooks" name="test_claim_digit_two_passes" time="0.131" /><testcase classname="tests.test_lead_call_engine_ladder.TestVoiceWebhooks" name="test_claim_digit_one_whispers_and_bridges" time="0.210" /><testcase classname="tests.test_lead_call_engine_ladder.TestVoiceWebhooks" name="test_claim_persisted" time="0.002" /><testcase classname="tests.test_lead_call_engine_ladder.TestVoiceWebhooks" name="test_second_claim_already_claimed" time="0.190" /><testcase classname="tests.test_lead_call_engine_ladder.TestVoiceWebhooks" name="test_answer_after_claim" time="0.165" /><testcase classname="tests.test_lead_call_engine_ladder.TestVoiceWebhooks" name="test_status_callback_records" time="0.130" /><testcase classname="tests.test_lead_call_engine_ladder.TestInAppClaim" name="test_in_app_claim_stops_ladder" time="2.365" /><testcase classname="tests.test_lead_call_engine_ladder.TestExhaustion" name="test_single_attempt_ladder_exhausts" time="9.004" /><testcase classname="tests.test_lead_call_engine_ladder.TestRegression" name="test_get_lead_source_not_shadowed" time="0.101" /><testcase classname="tests.test_lead_call_engine_ladder.TestRegression" name="test_list_lead_sources" time="0.058" /><testcase classname="tests.test_lead_call_engine_ladder.TestRegression" name="test_legacy_demo_without_lead_source" time="2.369" /></testsuite></testsuites>