<?xml version="1.0" encoding="utf-8"?><testsuites name="pytest tests"><testsuite name="pytest" errors="0" failures="2" skipped="0" tests="12" time="3.952" timestamp="2026-09-03T11:04:07.918684+00:00" hostname="agent-env-ed2e0bed-a367-4d5c-a080-e18e539ff770"><testcase classname="tests.test_lead_queue_294.TestSummary" name="test_summary_forest" time="0.784" /><testcase classname="tests.test_lead_queue_294.TestSummary" name="test_summary_plain_user_not_visible" time="0.487" /><testcase classname="tests.test_lead_queue_294.TestQueue" name="test_queue_shape_and_seeded_leads" time="0.078" /><testcase classname="tests.test_lead_queue_294.TestQueue" name="test_reps" time="0.108" /><testcase classname="tests.test_lead_queue_294.TestSecurity" name="test_cross_user_summary_forbidden" time="0.080"><failure message="AssertionError: expected 403 got 200 {&quot;visible&quot;: true, &quot;waiting&quot;: 6, &quot;oldest_seconds&quot;: 580245, &quot;oldest&quot;: {&quot;conversation_id&quot;: &quot;6a907994af046c430462b9f2&quot;, &quot;contact_name&quot;: &quot;Sally Tester&quot;, &quot;waiting_seconds&quot;: 580245, &quot;heat&quot;: &quot;red&quot;}, &quot;names&quot;: &#10;assert 200 == 403&#10; +  where 200 = &lt;Response [200]&gt;.status_code">tests/test_lead_queue_294.py:118: in test_cross_user_summary_forbidden
    assert r.status_code == 403, f"expected 403 got {r.status_code} {r.text[:200]}"
E   AssertionError: expected 403 got 200 {"visible": true, "waiting": 6, "oldest_seconds": 580245, "oldest": {"conversation_id": "6a907994af046c430462b9f2", "contact_name": "Sally Tester", "waiting_seconds": 580245, "heat": "red"}, "names": 
E   assert 200 == 403
E    +  where 200 = &lt;Response [200]&gt;.status_code</failure></testcase><testcase classname="tests.test_lead_queue_294.TestSecurity" name="test_no_token" time="0.131"><failure message="AssertionError: 200&#10;assert 200 in (401, 403)&#10; +  where 200 = &lt;Response [200]&gt;.status_code">tests/test_lead_queue_294.py:122: in test_no_token
    assert r.status_code in (401, 403), r.status_code
E   AssertionError: 200
E   assert 200 in (401, 403)
E    +  where 200 = &lt;Response [200]&gt;.status_code</failure></testcase><testcase classname="tests.test_lead_queue_294.TestSecurity" name="test_reps_managers_only" time="0.071" /><testcase classname="tests.test_lead_queue_294.TestSecurity" name="test_claim_not_on_workflow" time="0.225" /><testcase classname="tests.test_lead_queue_294.TestReassign" name="test_reassign_and_restore" time="0.461" /><testcase classname="tests.test_lead_queue_294.TestRelease" name="test_release_mine_echo_and_reclaim" time="0.460" /><testcase classname="tests.test_lead_queue_294.TestRelease" name="test_claim_alpha_then_release" time="0.457" /><testcase classname="tests.test_lead_queue_294.TestWorkflowTimers" name="test_timers_save_validate_restore" time="0.489" /></testsuite></testsuites>