<?xml version="1.0" encoding="utf-8"?><testsuites name="pytest tests"><testsuite name="pytest" errors="0" failures="0" skipped="0" tests="16" time="5.863" timestamp="2026-09-16T20:25:18.824824+00:00" hostname="agent-env-ed2e0bed-a367-4d5c-a080-e18e539ff770"><testcase classname="tests.test_power_dialer_api" name="test_config_forest" time="0.719" /><testcase classname="tests.test_power_dialer_api" name="test_config_rep_blocked" time="0.741" /><testcase classname="tests.test_power_dialer_api" name="test_config_manager_lab_blocked" time="0.571" /><testcase classname="tests.test_power_dialer_api" name="test_import_csv_flexible" time="0.549" /><testcase classname="tests.test_power_dialer_api" name="test_leads_local_time" time="0.206" /><testcase classname="tests.test_power_dialer_api" name="test_dnc_add_check" time="0.507" /><testcase classname="tests.test_power_dialer_api" name="test_registry_rescrub" time="0.331" /><testcase classname="tests.test_power_dialer_api" name="test_pause_blocks_session" time="0.301" /><testcase classname="tests.test_power_dialer_api" name="test_delete_keeps_attempts" time="0.350" /><testcase classname="tests.test_power_dialer_api" name="test_seeded_demo_attempts" time="0.300" /><testcase classname="tests.test_power_dialer_api" name="test_ghl_connection" time="0.170" /><testcase classname="tests.test_power_dialer_api" name="test_ghl_bad_put" time="0.158" /><testcase classname="tests.test_power_dialer_api" name="test_ghl_webhook_unauth" time="0.160" /><testcase classname="tests.test_power_dialer_api" name="test_ghl_import_no_conn" time="0.243" /><testcase classname="tests.test_power_dialer_api" name="test_rep_answer_bad_session" time="0.136" /><testcase classname="tests.test_power_dialer_api" name="test_ringback_audio" time="0.330" /></testsuite></testsuites>