<?xml version="1.0" encoding="utf-8"?><testsuites name="pytest tests"><testsuite name="pytest" errors="0" failures="0" skipped="0" tests="18" time="3.863" timestamp="2026-07-23T00:36:35.114359+00:00" hostname="agent-env-ed2e0bed-a367-4d5c-a080-e18e539ff770"><testcase classname="backend.tests.test_purchase_history.TestAddPurchase" name="test_add_purchase_success" time="0.214" /><testcase classname="backend.tests.test_purchase_history.TestAddPurchase" name="test_add_purchase_missing_title" time="0.101" /><testcase classname="backend.tests.test_purchase_history.TestAddPurchase" name="test_add_purchase_response_structure" time="0.114" /><testcase classname="backend.tests.test_purchase_history.TestGetPurchaseHistory" name="test_get_purchases_returns_list" time="0.121" /><testcase classname="backend.tests.test_purchase_history.TestGetPurchaseHistory" name="test_get_purchases_contains_created" time="0.105" /><testcase classname="backend.tests.test_purchase_history.TestGetPurchaseHistory" name="test_get_purchases_sorted_newest_first" time="0.112" /><testcase classname="backend.tests.test_purchase_history.TestGetPurchaseHistory" name="test_get_purchases_invalid_contact" time="0.113" /><testcase classname="backend.tests.test_purchase_history.TestUpdatePurchase" name="test_update_purchase_title" time="0.111" /><testcase classname="backend.tests.test_purchase_history.TestUpdatePurchase" name="test_update_purchase_verified_in_get" time="0.107" /><testcase classname="backend.tests.test_purchase_history.TestUpdatePurchase" name="test_update_purchase_no_fields" time="0.102" /><testcase classname="backend.tests.test_purchase_history.TestUpdatePurchase" name="test_update_nonexistent_purchase" time="0.102" /><testcase classname="backend.tests.test_purchase_history.TestDeletePurchase" name="test_delete_purchase" time="0.236" /><testcase classname="backend.tests.test_purchase_history.TestDeletePurchase" name="test_delete_verified_removed" time="0.311" /><testcase classname="backend.tests.test_purchase_history.TestLegacyMigration" name="test_migration_for_contact_with_vehicle" time="1.504" /><testcase classname="backend.tests.test_purchase_history.TestBroadcastFilters" name="test_broadcast_preview_purchase_title_contains" time="0.102" /><testcase classname="backend.tests.test_purchase_history.TestBroadcastFilters" name="test_broadcast_preview_purchase_category" time="0.105" /><testcase classname="backend.tests.test_purchase_history.TestBroadcastFilters" name="test_broadcast_preview_purchase_year" time="0.117" /><testcase classname="backend.tests.test_purchase_history.TestBroadcastFilters" name="test_broadcast_preview_returns_list" time="0.114" /></testsuite></testsuites>