<?xml version="1.0" encoding="utf-8"?><testsuites name="pytest tests"><testsuite name="pytest" errors="0" failures="0" skipped="0" tests="14" time="0.575" timestamp="2026-07-22T20:15:48.639924+00:00" hostname="agent-env-ed2e0bed-a367-4d5c-a080-e18e539ff770"><testcase classname="backend.tests.test_push_notification_urls.TestPushNotificationEndpoints" name="test_vapid_key_endpoint" time="0.360" /><testcase classname="backend.tests.test_push_notification_urls.TestPushNotificationEndpoints" name="test_push_status_endpoint" time="0.128" /><testcase classname="backend.tests.test_push_notification_urls.TestPushNotificationPayloadStructure" name="test_send_push_to_user_stores_url_in_data" time="0.001" /><testcase classname="backend.tests.test_push_notification_urls.TestPushNotificationPayloadStructure" name="test_send_push_to_user_function_signature" time="0.001" /><testcase classname="backend.tests.test_push_notification_urls.TestTwilioWebhooksPushURLFormat" name="test_active_conv_push_sends_full_url" time="0.000" /><testcase classname="backend.tests.test_push_notification_urls.TestTwilioWebhooksPushURLFormat" name="test_notify_rep_push_sends_relative_path" time="0.001" /><testcase classname="backend.tests.test_push_notification_urls.TestTwilioWebhooksPushURLFormat" name="test_both_push_url_formats_present" time="0.000" /><testcase classname="backend.tests.test_push_notification_urls.TestAiReplyPushURLFormat" name="test_hot_topic_push_uses_relative_path" time="0.000" /><testcase classname="backend.tests.test_push_notification_urls.TestAiReplyPushURLFormat" name="test_draft_approval_push_uses_relative_path" time="0.000" /><testcase classname="backend.tests.test_push_notification_urls.TestAiReplyPushURLFormat" name="test_escalation_push_uses_relative_path" time="0.000" /><testcase classname="backend.tests.test_push_notification_urls.TestAiReplyPushURLFormat" name="test_no_full_urls_in_ai_reply_pushes" time="0.001" /><testcase classname="backend.tests.test_push_notification_urls.TestFrontendLayoutURLStripping" name="test_router_imported_from_expo_router" time="0.001" /><testcase classname="backend.tests.test_push_notification_urls.TestFrontendLayoutURLStripping" name="test_url_stripping_logic_present" time="0.001" /><testcase classname="backend.tests.test_push_notification_urls.TestFrontendLayoutURLStripping" name="test_router_push_called_on_notification_tap" time="0.000" /></testsuite></testsuites>