<?xml version="1.0" encoding="utf-8"?><testsuites name="pytest tests"><testsuite name="pytest" errors="0" failures="0" skipped="0" tests="13" time="3.055" timestamp="2026-03-10T02:27:06.078757+00:00" hostname="agent-env-68795eca-dc02-4f47-9f75-40bcbbbaad45"><testcase classname="backend.tests.test_session_push_notifications.TestSessionPersistence" name="test_login_returns_user_and_sets_cookie" time="0.482" /><testcase classname="backend.tests.test_session_push_notifications.TestSessionPersistence" name="test_auth_me_restores_session_from_cookie" time="0.602" /><testcase classname="backend.tests.test_session_push_notifications.TestSessionPersistence" name="test_auth_me_returns_401_without_cookie" time="0.128" /><testcase classname="backend.tests.test_session_push_notifications.TestSessionPersistence" name="test_auth_me_returns_401_with_invalid_cookie" time="0.109" /><testcase classname="backend.tests.test_session_push_notifications.TestPushNotifications" name="test_vapid_key_endpoint" time="0.108" /><testcase classname="backend.tests.test_session_push_notifications.TestPushNotifications" name="test_push_subscribe_endpoint" time="0.098" /><testcase classname="backend.tests.test_session_push_notifications.TestPushNotifications" name="test_push_subscribe_fails_without_subscription" time="0.133" /><testcase classname="backend.tests.test_session_push_notifications.TestPushNotifications" name="test_push_test_endpoint" time="0.155" /><testcase classname="backend.tests.test_session_push_notifications.TestPushNotifications" name="test_push_unsubscribe_endpoint" time="0.277" /><testcase classname="backend.tests.test_session_push_notifications.TestEngagementSignalPush" name="test_engagement_signal_endpoint" time="0.129" /><testcase classname="backend.tests.test_session_push_notifications.TestEngagementSignalPush" name="test_engagement_signals_list" time="0.105" /><testcase classname="backend.tests.test_session_push_notifications.TestRegressionContactEvents" name="test_contact_events_endpoint" time="0.511" /><testcase classname="backend.tests.test_session_push_notifications.TestRegressionTaskPerformance" name="test_tasks_performance_endpoint" time="0.159" /></testsuite></testsuites>