<?xml version="1.0" encoding="utf-8"?><testsuites name="pytest tests"><testsuite name="pytest" errors="0" failures="5" skipped="0" tests="10" time="3.165" timestamp="2026-09-01T09:58:22.337351+00:00" hostname="agent-env-ed2e0bed-a367-4d5c-a080-e18e539ff770"><testcase classname="tests.test_relationship_health_290_auth.TestAuthPlaybook" name="test_login_sets_httponly_cookie" time="0.673" /><testcase classname="tests.test_relationship_health_290_auth.TestAuthPlaybook" name="test_wrong_password_401" time="0.354" /><testcase classname="tests.test_relationship_health_290_auth.TestAuthPlaybook" name="test_bcrypt_hash_format" time="0.081" /><testcase classname="tests.test_relationship_health_290_auth.TestCombinedHomeAuthed" name="test_combined_home_with_token" time="0.711" /><testcase classname="tests.test_relationship_health_290_auth.TestCombinedHomeAuthed" name="test_combined_home_without_token_401" time="0.139" /><testcase classname="tests.test_relationship_health_290_auth.TestNewEndpointAuthorization" name="test_requires_auth[/api/relationship-health/69a0b7095fddcede09591667/summary]" time="0.133"><failure message="AssertionError: UNAUTHENTICATED ACCESS ALLOWED (200) for /api/relationship-health/69a0b7095fddcede09591667/summary: {&quot;total&quot;: 58, &quot;advocates&quot;: 3, &quot;buckets&quot;: [{&quot;key&quot;: &quot;opportunity&quot;, &quot;label&quot;: &quot;Opportunity&quot;, &quot;emoji&quot;: &quot;#x1F525&quot;, &quot;color&quot;: &quot;#FF3B30&quot;, &quot;icon&quot;: &quot;flame&quot;, &quot;order&quot;: 0, &quot;count&quot;: 1}, {&quot;key&quot;: &quot;at_risk&quot;, &quot;label&quot;: &quot;At Ris&#10;assert 200 in (401, 403)&#10; +  where 200 = &lt;Response [200]&gt;.status_code">tests/test_relationship_health_290_auth.py:112: in test_requires_auth
    assert r.status_code in (401, 403), (
E   AssertionError: UNAUTHENTICATED ACCESS ALLOWED (200) for /api/relationship-health/69a0b7095fddcede09591667/summary: {"total": 58, "advocates": 3, "buckets": [{"key": "opportunity", "label": "Opportunity", "emoji": "#x1F525", "color": "#FF3B30", "icon": "flame", "order": 0, "count": 1}, {"key": "at_risk", "label": "At Ris
E   assert 200 in (401, 403)
E    +  where 200 = &lt;Response [200]&gt;.status_code</failure></testcase><testcase classname="tests.test_relationship_health_290_auth.TestNewEndpointAuthorization" name="test_requires_auth[/api/relationship-health/69a0b7095fddcede09591667/contacts?bucket=cooling]" time="0.130"><failure message="AssertionError: UNAUTHENTICATED ACCESS ALLOWED (200) for /api/relationship-health/69a0b7095fddcede09591667/contacts?bucket=cooling: {&quot;bucket&quot;: &quot;cooling&quot;, &quot;label&quot;: &quot;Cooling&quot;, &quot;emoji&quot;: &quot;#x1F7E1&quot;, &quot;color&quot;: &quot;#FF9F0A&quot;, &quot;icon&quot;: &quot;time&quot;, &quot;order&quot;: 2, &quot;count&quot;: 14, &quot;items&quot;: [{&quot;contact_id&quot;: &quot;69be400d05c99b478bab5fb5&quot;, &quot;name&quot;: &quot;Mike Chen&quot;, &quot;phone&quot;: &#10;assert 200 in (401, 403)&#10; +  where 200 = &lt;Response [200]&gt;.status_code">tests/test_relationship_health_290_auth.py:112: in test_requires_auth
    assert r.status_code in (401, 403), (
E   AssertionError: UNAUTHENTICATED ACCESS ALLOWED (200) for /api/relationship-health/69a0b7095fddcede09591667/contacts?bucket=cooling: {"bucket": "cooling", "label": "Cooling", "emoji": "#x1F7E1", "color": "#FF9F0A", "icon": "time", "order": 2, "count": 14, "items": [{"contact_id": "69be400d05c99b478bab5fb5", "name": "Mike Chen", "phone": 
E   assert 200 in (401, 403)
E    +  where 200 = &lt;Response [200]&gt;.status_code</failure></testcase><testcase classname="tests.test_relationship_health_290_auth.TestNewEndpointAuthorization" name="test_requires_auth[/api/home/people-to-engage/69a0b7095fddcede09591667?limit=5]" time="0.143"><failure message="AssertionError: UNAUTHENTICATED ACCESS ALLOWED (200) for /api/home/people-to-engage/69a0b7095fddcede09591667?limit=5: {&quot;count&quot;: 5, &quot;people&quot;: [{&quot;contact_id&quot;: &quot;69a0c06f7626f14d125f8c34&quot;, &quot;first_name&quot;: &quot;Forest&quot;, &quot;last_name&quot;: &quot;Ward&quot;, &quot;phone&quot;: &quot;+18016349122&quot;, &quot;email&quot;: &quot;forestward@gmail.com&quot;, &quot;photo_url&quot;: &quot;https://app.imon&#10;assert 200 in (401, 403)&#10; +  where 200 = &lt;Response [200]&gt;.status_code">tests/test_relationship_health_290_auth.py:112: in test_requires_auth
    assert r.status_code in (401, 403), (
E   AssertionError: UNAUTHENTICATED ACCESS ALLOWED (200) for /api/home/people-to-engage/69a0b7095fddcede09591667?limit=5: {"count": 5, "people": [{"contact_id": "69a0c06f7626f14d125f8c34", "first_name": "Forest", "last_name": "Ward", "phone": "+18016349122", "email": "forestward@gmail.com", "photo_url": "https://app.imon
E   assert 200 in (401, 403)
E    +  where 200 = &lt;Response [200]&gt;.status_code</failure></testcase><testcase classname="tests.test_relationship_health_290_auth.TestNewEndpointAuthorization" name="test_requires_auth[/api/home/touch-mix/69a0b7095fddcede09591667?days=7]" time="0.131"><failure message="AssertionError: UNAUTHENTICATED ACCESS ALLOWED (200) for /api/home/touch-mix/69a0b7095fddcede09591667?days=7: {&quot;days&quot;: 7, &quot;total&quot;: 1, &quot;counts&quot;: {&quot;relationship&quot;: 1, &quot;transactional&quot;: 0, &quot;promotional&quot;: 0}, &quot;relationship_pct&quot;: 100}&#10;assert 200 in (401, 403)&#10; +  where 200 = &lt;Response [200]&gt;.status_code">tests/test_relationship_health_290_auth.py:112: in test_requires_auth
    assert r.status_code in (401, 403), (
E   AssertionError: UNAUTHENTICATED ACCESS ALLOWED (200) for /api/home/touch-mix/69a0b7095fddcede09591667?days=7: {"days": 7, "total": 1, "counts": {"relationship": 1, "transactional": 0, "promotional": 0}, "relationship_pct": 100}
E   assert 200 in (401, 403)
E    +  where 200 = &lt;Response [200]&gt;.status_code</failure></testcase><testcase classname="tests.test_relationship_health_290_auth.TestNewEndpointAuthorization" name="test_other_user_cannot_read_seed_book" time="0.571"><failure message="AssertionError: BOLA: regular user read another user's book (status 200, items=14)&#10;assert 200 == 403&#10; +  where 200 = &lt;Response [200]&gt;.status_code">tests/test_relationship_health_290_auth.py:128: in test_other_user_cannot_read_seed_book
    assert resp.status_code == 403, (
E   AssertionError: BOLA: regular user read another user's book (status 200, items=14)
E   assert 200 == 403
E    +  where 200 = &lt;Response [200]&gt;.status_code</failure></testcase></testsuite></testsuites>