<?xml version="1.0" encoding="utf-8"?><testsuites name="pytest tests"><testsuite name="pytest" errors="0" failures="1" skipped="0" tests="24" time="1.939" timestamp="2026-09-01T09:57:18.603740+00:00" hostname="agent-env-ed2e0bed-a367-4d5c-a080-e18e539ff770"><testcase classname="tests.test_relationship_health_290.TestHealthSummary" name="test_shape" time="0.324" /><testcase classname="tests.test_relationship_health_290.TestHealthSummary" name="test_bucket_meta" time="0.000" /><testcase classname="tests.test_relationship_health_290.TestHealthSummary" name="test_counts_sum" time="0.000" /><testcase classname="tests.test_relationship_health_290.TestHealthSummary" name="test_derived_fields" time="0.000" /><testcase classname="tests.test_relationship_health_290.TestHealthContacts" name="test_bucket_list[opportunity]" time="0.070" /><testcase classname="tests.test_relationship_health_290.TestHealthContacts" name="test_bucket_list[at_risk]" time="0.071" /><testcase classname="tests.test_relationship_health_290.TestHealthContacts" name="test_bucket_list[cooling]" time="0.065" /><testcase classname="tests.test_relationship_health_290.TestHealthContacts" name="test_bucket_list[advocate]" time="0.067" /><testcase classname="tests.test_relationship_health_290.TestHealthContacts" name="test_bucket_list[connected]" time="0.065" /><testcase classname="tests.test_relationship_health_290.TestHealthContacts" name="test_default_bucket_is_cooling" time="0.067" /><testcase classname="tests.test_relationship_health_290.TestHealthContacts" name="test_invalid_bucket_400" time="0.061" /><testcase classname="tests.test_relationship_health_290.TestHealthContacts" name="test_unknown_user_empty" time="0.068" /><testcase classname="tests.test_relationship_health_290.TestHealthOne" name="test_single_contact" time="0.127" /><testcase classname="tests.test_relationship_health_290.TestHealthOne" name="test_missing_contact_404" time="0.061" /><testcase classname="tests.test_relationship_health_290.TestHealthOne" name="test_malformed_contact_id_404" time="0.059" /><testcase classname="tests.test_relationship_health_290.TestPeopleToEngage" name="test_limit_25" time="0.076" /><testcase classname="tests.test_relationship_health_290.TestPeopleToEngage" name="test_limit_respected_and_capped" time="0.138" /><testcase classname="tests.test_relationship_health_290.TestPeopleToEngage" name="test_zero_or_negative_limit" time="0.068" /><testcase classname="tests.test_relationship_health_290.TestTouchMix" name="test_touch_mix[7]" time="0.067" /><testcase classname="tests.test_relationship_health_290.TestTouchMix" name="test_touch_mix[30]" time="0.062" /><testcase classname="tests.test_relationship_health_290.TestTouchMix" name="test_monotonic_window" time="0.125" /><testcase classname="tests.test_relationship_health_290.TestRegressions" name="test_combined_home" time="0.061"><failure message="AssertionError: {&quot;detail&quot;:&quot;Authentication required&quot;}&#10;assert 401 == 200&#10; +  where 401 = &lt;Response [401]&gt;.status_code">tests/test_relationship_health_290.py:193: in test_combined_home
    assert r.status_code == 200, r.text[:400]
E   AssertionError: {"detail":"Authentication required"}
E   assert 401 == 200
E    +  where 401 = &lt;Response [401]&gt;.status_code</failure></testcase><testcase classname="tests.test_relationship_health_290.TestRegressions" name="test_weekly_wins" time="0.069" /><testcase classname="tests.test_relationship_health_290.TestRegressions" name="test_weekly_wins_list" time="0.063" /></testsuite></testsuites>