<?xml version="1.0" encoding="utf-8"?><testsuites name="pytest tests"><testsuite name="pytest" errors="7" failures="0" skipped="0" tests="7" time="0.077" timestamp="2026-03-01T20:54:50.316274+00:00" hostname="agent-env-8651593a-3219-43de-b9e7-99ba376b5ae0"><testcase classname="backend.tests.test_send_card_campaign.TestCampaignModelFields" name="test_get_campaign_has_sequences" time="0.000"><error message="failed on setup with &quot;Failed: ScopeMismatch: You tried to access the function scoped fixture api_client with a module scoped request object. Requesting fixture stack:&#10;backend/tests/test_send_card_campaign.py:303:  def restore_campaign(api_client)&#10;Requested fixture:&#10;backend/tests/test_send_card_campaign.py:31:  def api_client(auth_token)&quot;">ScopeMismatch: You tried to access the function scoped fixture api_client with a module scoped request object. Requesting fixture stack:
backend/tests/test_send_card_campaign.py:303:  def restore_campaign(api_client)
Requested fixture:
backend/tests/test_send_card_campaign.py:31:  def api_client(auth_token)</error></testcase><testcase classname="backend.tests.test_send_card_campaign.TestCampaignModelFields" name="test_create_campaign_with_card_step" time="0.000"><error message="failed on setup with &quot;Failed: ScopeMismatch: You tried to access the function scoped fixture api_client with a module scoped request object. Requesting fixture stack:&#10;backend/tests/test_send_card_campaign.py:303:  def restore_campaign(api_client)&#10;Requested fixture:&#10;backend/tests/test_send_card_campaign.py:31:  def api_client(auth_token)&quot;">ScopeMismatch: You tried to access the function scoped fixture api_client with a module scoped request object. Requesting fixture stack:
backend/tests/test_send_card_campaign.py:303:  def restore_campaign(api_client)
Requested fixture:
backend/tests/test_send_card_campaign.py:31:  def api_client(auth_token)</error></testcase><testcase classname="backend.tests.test_send_card_campaign.TestCampaignModelFields" name="test_update_campaign_with_card_step" time="0.000"><error message="failed on setup with &quot;Failed: ScopeMismatch: You tried to access the function scoped fixture api_client with a module scoped request object. Requesting fixture stack:&#10;backend/tests/test_send_card_campaign.py:303:  def restore_campaign(api_client)&#10;Requested fixture:&#10;backend/tests/test_send_card_campaign.py:31:  def api_client(auth_token)&quot;">ScopeMismatch: You tried to access the function scoped fixture api_client with a module scoped request object. Requesting fixture stack:
backend/tests/test_send_card_campaign.py:303:  def restore_campaign(api_client)
Requested fixture:
backend/tests/test_send_card_campaign.py:31:  def api_client(auth_token)</error></testcase><testcase classname="backend.tests.test_send_card_campaign.TestCardTypeVariants" name="test_all_card_types_in_campaign" time="0.000"><error message="failed on setup with &quot;Failed: ScopeMismatch: You tried to access the function scoped fixture api_client with a module scoped request object. Requesting fixture stack:&#10;backend/tests/test_send_card_campaign.py:303:  def restore_campaign(api_client)&#10;Requested fixture:&#10;backend/tests/test_send_card_campaign.py:31:  def api_client(auth_token)&quot;">ScopeMismatch: You tried to access the function scoped fixture api_client with a module scoped request object. Requesting fixture stack:
backend/tests/test_send_card_campaign.py:303:  def restore_campaign(api_client)
Requested fixture:
backend/tests/test_send_card_campaign.py:31:  def api_client(auth_token)</error></testcase><testcase classname="backend.tests.test_send_card_campaign.TestSchedulerTrigger" name="test_scheduler_trigger_endpoint" time="0.000"><error message="failed on setup with &quot;Failed: ScopeMismatch: You tried to access the function scoped fixture api_client with a module scoped request object. Requesting fixture stack:&#10;backend/tests/test_send_card_campaign.py:303:  def restore_campaign(api_client)&#10;Requested fixture:&#10;backend/tests/test_send_card_campaign.py:31:  def api_client(auth_token)&quot;">ScopeMismatch: You tried to access the function scoped fixture api_client with a module scoped request object. Requesting fixture stack:
backend/tests/test_send_card_campaign.py:303:  def restore_campaign(api_client)
Requested fixture:
backend/tests/test_send_card_campaign.py:31:  def api_client(auth_token)</error></testcase><testcase classname="backend.tests.test_send_card_campaign.TestSchedulerTrigger" name="test_pending_sends_endpoint" time="0.000"><error message="failed on setup with &quot;Failed: ScopeMismatch: You tried to access the function scoped fixture api_client with a module scoped request object. Requesting fixture stack:&#10;backend/tests/test_send_card_campaign.py:303:  def restore_campaign(api_client)&#10;Requested fixture:&#10;backend/tests/test_send_card_campaign.py:31:  def api_client(auth_token)&quot;">ScopeMismatch: You tried to access the function scoped fixture api_client with a module scoped request object. Requesting fixture stack:
backend/tests/test_send_card_campaign.py:303:  def restore_campaign(api_client)
Requested fixture:
backend/tests/test_send_card_campaign.py:31:  def api_client(auth_token)</error></testcase><testcase classname="backend.tests.test_send_card_campaign.TestCampaignUpdatePayload" name="test_update_with_mixed_steps" time="0.000"><error message="failed on setup with &quot;Failed: ScopeMismatch: You tried to access the function scoped fixture api_client with a module scoped request object. Requesting fixture stack:&#10;backend/tests/test_send_card_campaign.py:303:  def restore_campaign(api_client)&#10;Requested fixture:&#10;backend/tests/test_send_card_campaign.py:31:  def api_client(auth_token)&quot;">ScopeMismatch: You tried to access the function scoped fixture api_client with a module scoped request object. Requesting fixture stack:
backend/tests/test_send_card_campaign.py:303:  def restore_campaign(api_client)
Requested fixture:
backend/tests/test_send_card_campaign.py:31:  def api_client(auth_token)</error></testcase></testsuite></testsuites>