<?xml version="1.0" encoding="utf-8"?><testsuites name="pytest tests"><testsuite name="pytest" errors="0" failures="0" skipped="0" tests="9" time="2.275" timestamp="2026-02-28T17:41:18.987529+00:00" hostname="agent-env-8651593a-3219-43de-b9e7-99ba376b5ae0"><testcase classname="backend.tests.test_birthday_card_manual.TestBirthdayCardManualCreation" name="test_create_birthday_card_manual_success" time="0.506" /><testcase classname="backend.tests.test_birthday_card_manual.TestBirthdayCardManualCreation" name="test_get_birthday_card_data" time="0.211" /><testcase classname="backend.tests.test_birthday_card_manual.TestBirthdayCardManualCreation" name="test_get_birthday_card_not_found" time="0.105" /><testcase classname="backend.tests.test_birthday_card_manual.TestBirthdayCardManualCreation" name="test_create_birthday_card_missing_photo" time="0.100" /><testcase classname="backend.tests.test_birthday_card_manual.TestBirthdayCardManualCreation" name="test_create_birthday_card_missing_name" time="0.119" /><testcase classname="backend.tests.test_birthday_card_manual.TestBirthdayCardManualCreation" name="test_birthday_card_image_endpoint" time="0.220" /><testcase classname="backend.tests.test_birthday_card_manual.TestBirthdayCardManualCreation" name="test_birthday_card_track_action" time="0.171" /><testcase classname="backend.tests.test_birthday_card_manual.TestBirthdayCardManualCreation" name="test_birthday_card_history" time="0.126" /><testcase classname="backend.tests.test_birthday_card_manual.TestBirthdayCardPublicAccess" name="test_public_card_access_no_auth" time="0.638" /></testsuite></testsuites>