<?xml version="1.0" encoding="utf-8"?><testsuites name="pytest tests"><testsuite name="pytest" errors="0" failures="0" skipped="0" tests="12" time="4.739" timestamp="2026-03-12T18:01:31.259945+00:00" hostname="agent-env-68795eca-dc02-4f47-9f75-40bcbbbaad45"><testcase classname="backend.tests.test_data_isolation_fixes.TestContactCreationIdAsString" name="test_create_contact_returns_string_id" time="0.586" /><testcase classname="backend.tests.test_data_isolation_fixes.TestContactCreationIdAsString" name="test_create_contact_id_can_be_used_for_redirect" time="0.638" /><testcase classname="backend.tests.test_data_isolation_fixes.TestOwnershipTypeAutoAssignment" name="test_manual_source_sets_org_ownership" time="0.273" /><testcase classname="backend.tests.test_data_isolation_fixes.TestOwnershipTypeAutoAssignment" name="test_phone_import_sets_personal_ownership" time="0.283" /><testcase classname="backend.tests.test_data_isolation_fixes.TestOwnershipTypeAutoAssignment" name="test_default_source_is_manual" time="0.256" /><testcase classname="backend.tests.test_data_isolation_fixes.TestPhotoIsolation" name="test_get_all_photos_filters_by_user_id" time="0.428" /><testcase classname="backend.tests.test_data_isolation_fixes.TestPhotoIsolation" name="test_congrats_filter_includes_user_id" time="0.424" /><testcase classname="backend.tests.test_data_isolation_fixes.TestSystemTaskIsolation" name="test_generate_system_tasks_uses_user_id_filter" time="0.210" /><testcase classname="backend.tests.test_data_isolation_fixes.TestSystemTaskIsolation" name="test_task_summary_filters_by_user_id" time="0.262" /><testcase classname="backend.tests.test_data_isolation_fixes.TestSystemTaskIsolation" name="test_get_tasks_filters_by_user_id" time="0.167" /><testcase classname="backend.tests.test_data_isolation_fixes.TestSystemTaskIsolation" name="test_dormant_contacts_only_checks_user_contacts" time="0.640" /><testcase classname="backend.tests.test_data_isolation_fixes.TestCrossUserIsolation" name="test_tasks_not_visible_to_other_users" time="0.506" /></testsuite></testsuites>