<?xml version="1.0" encoding="utf-8"?><testsuites name="pytest tests"><testsuite name="pytest" errors="0" failures="0" skipped="0" tests="16" time="2.196" timestamp="2026-03-08T15:52:20.424667+00:00" hostname="agent-env-8651593a-3219-43de-b9e7-99ba376b5ae0"><testcase classname="backend.tests.test_card_analytics.TestCardAnalyticsAPI" name="test_card_analytics_returns_valid_structure" time="0.183" /><testcase classname="backend.tests.test_card_analytics.TestCardAnalyticsAPI" name="test_card_analytics_summary_fields" time="0.127" /><testcase classname="backend.tests.test_card_analytics.TestCardAnalyticsAPI" name="test_card_analytics_scope_organization_for_super_admin" time="0.114" /><testcase classname="backend.tests.test_card_analytics.TestCardAnalyticsAPI" name="test_card_analytics_days_parameter_7" time="0.120" /><testcase classname="backend.tests.test_card_analytics.TestCardAnalyticsAPI" name="test_card_analytics_days_parameter_14" time="0.126" /><testcase classname="backend.tests.test_card_analytics.TestCardAnalyticsAPI" name="test_card_analytics_days_parameter_30" time="0.111" /><testcase classname="backend.tests.test_card_analytics.TestCardAnalyticsAPI" name="test_card_analytics_days_parameter_90" time="0.161" /><testcase classname="backend.tests.test_card_analytics.TestCardAnalyticsAPI" name="test_card_analytics_days_parameter_365" time="0.135" /><testcase classname="backend.tests.test_card_analytics.TestCardAnalyticsAPI" name="test_card_type_breakdown_structure" time="0.112" /><testcase classname="backend.tests.test_card_analytics.TestCardAnalyticsAPI" name="test_top_cards_structure" time="0.121" /><testcase classname="backend.tests.test_card_analytics.TestCardAnalyticsAPI" name="test_top_cards_sorted_by_engagement" time="0.114" /><testcase classname="backend.tests.test_card_analytics.TestCardAnalyticsAPI" name="test_daily_trend_structure" time="0.145" /><testcase classname="backend.tests.test_card_analytics.TestCardAnalyticsAPI" name="test_per_user_structure_for_manager" time="0.164" /><testcase classname="backend.tests.test_card_analytics.TestCardAnalyticsAPI" name="test_engagement_score_formula" time="0.120" /><testcase classname="backend.tests.test_card_analytics.TestCardAnalyticsAPI" name="test_invalid_user_returns_404" time="0.103" /><testcase classname="backend.tests.test_card_analytics.TestCardAnalyticsAPI" name="test_card_analytics_returns_real_data" time="0.125" /></testsuite></testsuites>