<?xml version="1.0" encoding="utf-8"?><testsuites name="pytest tests"><testsuite name="pytest" errors="0" failures="0" skipped="0" tests="13" time="7.846" timestamp="2026-03-06T03:40:52.012955+00:00" hostname="agent-env-8651593a-3219-43de-b9e7-99ba376b5ae0"><testcase classname="backend.tests.test_event_type_resolution.TestEventTypeResolution" name="test_create_short_url_business_card" time="0.324" /><testcase classname="backend.tests.test_event_type_resolution.TestEventTypeResolution" name="test_create_short_url_review_request" time="0.232" /><testcase classname="backend.tests.test_event_type_resolution.TestEventTypeResolution" name="test_create_short_url_congrats_card" time="0.254" /><testcase classname="backend.tests.test_event_type_resolution.TestEventTypeResolution" name="test_create_short_url_showcase" time="0.281" /><testcase classname="backend.tests.test_event_type_resolution.TestEventTypeResolution" name="test_send_message_with_explicit_event_type_digital_card" time="0.969" /><testcase classname="backend.tests.test_event_type_resolution.TestEventTypeResolution" name="test_send_message_with_explicit_event_type_review_request" time="0.360" /><testcase classname="backend.tests.test_event_type_resolution.TestEventTypeResolution" name="test_send_message_without_explicit_event_type_business_card_resolves_correctly" time="0.915" /><testcase classname="backend.tests.test_event_type_resolution.TestEventTypeResolution" name="test_send_message_without_explicit_event_type_review_request_resolves_correctly" time="0.907" /><testcase classname="backend.tests.test_event_type_resolution.TestEventTypeResolution" name="test_send_message_with_congrats_keyword_resolves_to_congrats_card_sent" time="0.878" /><testcase classname="backend.tests.test_event_type_resolution.TestEventTypeResolution" name="test_send_regular_personal_sms_resolves_to_personal_sms" time="0.939" /><testcase classname="backend.tests.test_event_type_resolution.TestEventTypeResolution" name="test_pydantic_endpoint_with_explicit_event_type" time="0.902" /><testcase classname="backend.tests.test_event_type_resolution.TestShortURLLinkTypeLookup" name="test_short_url_stats_returns_link_type" time="0.259" /><testcase classname="backend.tests.test_event_type_resolution.TestShortURLLinkTypeLookup" name="test_different_link_types_stored_correctly" time="0.542" /></testsuite></testsuites>