<?xml version="1.0" encoding="utf-8"?><testsuites name="pytest tests"><testsuite name="pytest" errors="0" failures="0" skipped="6" tests="22" time="5.811" timestamp="2026-03-04T01:53:11.136634+00:00" hostname="agent-env-8651593a-3219-43de-b9e7-99ba376b5ae0"><testcase classname="backend.tests.test_campaign_tasks_notifications.TestManualCampaignTasksNotifications" name="test_scheduler_trigger_endpoint_exists" time="0.602" /><testcase classname="backend.tests.test_campaign_tasks_notifications.TestManualCampaignTasksNotifications" name="test_user_has_seeded_campaigns" time="0.120"><skipped type="pytest.skip" message="Failed to create test user: 400 - {&quot;detail&quot;:&quot;Email already registered&quot;}">/app/backend/tests/test_campaign_tasks_notifications.py:90: Failed to create test user: 400 - {"detail":"Email already registered"}</skipped></testcase><testcase classname="backend.tests.test_campaign_tasks_notifications.TestManualCampaignTasksNotifications" name="test_create_contact_for_enrollment" time="0.119"><skipped type="pytest.skip" message="Failed to create test user: 400 - {&quot;detail&quot;:&quot;Email already registered&quot;}">/app/backend/tests/test_campaign_tasks_notifications.py:108: Failed to create test user: 400 - {"detail":"Email already registered"}</skipped></testcase><testcase classname="backend.tests.test_campaign_tasks_notifications.TestManualCampaignTasksNotifications" name="test_enroll_contact_in_manual_campaign" time="0.594" /><testcase classname="backend.tests.test_campaign_tasks_notifications.TestManualCampaignTasksNotifications" name="test_tasks_endpoint_returns_tasks" time="0.109"><skipped type="pytest.skip" message="Failed to create test user: 400 - {&quot;detail&quot;:&quot;Email already registered&quot;}">/app/backend/tests/test_campaign_tasks_notifications.py:169: Failed to create test user: 400 - {"detail":"Email already registered"}</skipped></testcase><testcase classname="backend.tests.test_campaign_tasks_notifications.TestManualCampaignTasksNotifications" name="test_notifications_endpoint_returns_notifications" time="0.108"><skipped type="pytest.skip" message="Failed to create test user: 400 - {&quot;detail&quot;:&quot;Email already registered&quot;}">/app/backend/tests/test_campaign_tasks_notifications.py:179: Failed to create test user: 400 - {"detail":"Email already registered"}</skipped></testcase><testcase classname="backend.tests.test_campaign_tasks_notifications.TestManualCampaignTasksNotifications" name="test_unread_count_endpoint" time="0.134"><skipped type="pytest.skip" message="Failed to create test user: 400 - {&quot;detail&quot;:&quot;Email already registered&quot;}">/app/backend/tests/test_campaign_tasks_notifications.py:188: Failed to create test user: 400 - {"detail":"Email already registered"}</skipped></testcase><testcase classname="backend.tests.test_campaign_tasks_notifications.TestFullCampaignTaskNotificationFlow" name="test_full_manual_campaign_flow_creates_task_notification" time="0.914" /><testcase classname="backend.tests.test_campaign_tasks_notifications.TestTaskModelFields" name="test_create_task_with_campaign_fields" time="0.356" /><testcase classname="backend.tests.test_campaign_tasks_notifications.TestTaskModelFields" name="test_task_fields_present_in_response" time="0.377" /><testcase classname="backend.tests.test_campaign_tasks_notifications.TestBothCampaignActionTypes" name="test_campaigns_have_different_action_types" time="0.351" /><testcase classname="backend.tests.test_campaign_tasks_notifications.TestDateTriggerTasksNotifications" name="test_date_triggers_seeded_for_user" time="0.648" /><testcase classname="backend.tests.test_campaign_tasks_notifications.TestPendingSendsEndpoint" name="test_get_pending_sends" time="0.353" /><testcase classname="backend.tests.test_campaign_tasks_notifications.TestPendingSendsEndpoint" name="test_pending_send_complete_endpoint_exists" time="0.375" /><testcase classname="backend.tests.test_campaign_tasks_notifications.TestPendingSendsEndpoint" name="test_pending_send_skip_endpoint_exists" time="0.122"><skipped type="pytest.skip" message="Could not create test user">/app/backend/tests/test_campaign_tasks_notifications.py:625: Could not create test user</skipped></testcase><testcase classname="backend.tests.test_campaign_tasks_notifications.TestSchedulerProcessingCreatesTasksNotifications" name="test_scheduler_code_path_for_manual_campaign" time="0.429" /><testcase classname="backend.tests.test_campaign_tasks_notifications.TestCodeVerification" name="test_scheduler_py_creates_task_with_campaign_fields" time="0.000" /><testcase classname="backend.tests.test_campaign_tasks_notifications.TestCodeVerification" name="test_scheduler_py_creates_notification_with_fields" time="0.000" /><testcase classname="backend.tests.test_campaign_tasks_notifications.TestCodeVerification" name="test_campaigns_router_creates_task_with_fields" time="0.000" /><testcase classname="backend.tests.test_campaign_tasks_notifications.TestCodeVerification" name="test_campaigns_router_creates_notification_with_fields" time="0.000" /><testcase classname="backend.tests.test_campaign_tasks_notifications.TestCodeVerification" name="test_task_model_has_campaign_fields" time="0.000" /><testcase classname="backend.tests.test_campaign_tasks_notifications.TestCodeVerification" name="test_date_trigger_creates_task_notification" time="0.000" /></testsuite></testsuites>