<?xml version="1.0" encoding="utf-8"?><testsuites name="pytest tests"><testsuite name="pytest" errors="0" failures="0" skipped="0" tests="10" time="4.429" timestamp="2026-02-25T14:57:15.344739+00:00" hostname="agent-env-7480ccae-69e9-433c-b94c-2d611833a1c8"><testcase classname="backend.tests.test_invite_individual_onboarding.TestInviteIndividualFeature" name="test_super_admin_login_success" time="0.357" /><testcase classname="backend.tests.test_invite_individual_onboarding.TestInviteIndividualFeature" name="test_create_individual_user_no_org" time="0.725" /><testcase classname="backend.tests.test_invite_individual_onboarding.TestInviteIndividualFeature" name="test_create_user_with_org" time="0.639" /><testcase classname="backend.tests.test_invite_individual_onboarding.TestInviteIndividualFeature" name="test_get_individuals_list" time="0.469" /><testcase classname="backend.tests.test_invite_individual_onboarding.TestAdminUsersAPI" name="test_list_users" time="0.575" /><testcase classname="backend.tests.test_invite_individual_onboarding.TestAdminUsersAPI" name="test_list_users_filtered_by_role" time="0.512" /><testcase classname="backend.tests.test_invite_individual_onboarding.TestAdminUsersAPI" name="test_detailed_stats" time="0.486" /><testcase classname="backend.tests.test_invite_individual_onboarding.TestHealthAndRoutes" name="test_health_check" time="0.123" /><testcase classname="backend.tests.test_invite_individual_onboarding.TestHealthAndRoutes" name="test_auth_login_endpoint" time="0.108" /><testcase classname="backend.tests.test_invite_individual_onboarding.TestOnboardingPreviewRoute" name="test_pending_users_count" time="0.363" /></testsuite></testsuites>