<?xml version="1.0" encoding="utf-8"?><testsuites name="pytest tests"><testsuite name="pytest" errors="0" failures="0" skipped="0" tests="10" time="16.924" timestamp="2026-03-21T07:20:01.759145+00:00" hostname="agent-env-4c466a1c-dd63-4e57-8274-6f963bbd6089"><testcase classname="backend.tests.test_chat_claim_system.TestChatLeadsEndpoint" name="test_get_chat_leads_success" time="0.161" /><testcase classname="backend.tests.test_chat_claim_system.TestChatLeadsEndpoint" name="test_get_chat_leads_invalid_user" time="0.101" /><testcase classname="backend.tests.test_chat_claim_system.TestChatLeadsEndpoint" name="test_get_chat_leads_missing_user_id" time="0.113" /><testcase classname="backend.tests.test_chat_claim_system.TestChatClaimEndpoint" name="test_claim_invalid_conversation_id" time="0.122" /><testcase classname="backend.tests.test_chat_claim_system.TestChatClaimEndpoint" name="test_claim_nonexistent_conversation" time="0.105" /><testcase classname="backend.tests.test_chat_claim_system.TestChatClaimEndpoint" name="test_claim_invalid_user_id" time="0.102" /><testcase classname="backend.tests.test_chat_claim_system.TestFullClaimFlow" name="test_full_claim_flow" time="9.081" /><testcase classname="backend.tests.test_chat_claim_system.TestFullClaimFlow" name="test_lead_has_correct_channel" time="7.071" /><testcase classname="backend.tests.test_chat_claim_system.TestClaimUpdatesContact" name="test_claim_updates_contact_user_id" time="0.000" /><testcase classname="backend.tests.test_chat_claim_system.TestLeadSourceNaming" name="test_lead_source_includes_page" time="0.000" /></testsuite></testsuites>