<?xml version="1.0" encoding="utf-8"?><testsuites name="pytest tests"><testsuite name="pytest" errors="0" failures="0" skipped="0" tests="14" time="7.059" timestamp="2026-03-10T03:13:27.682377+00:00" hostname="agent-env-68795eca-dc02-4f47-9f75-40bcbbbaad45"><testcase classname="tests.test_sms_event_type_attribution.TestSMSEventTypeAttribution" name="test_login_works" time="0.785" /><testcase classname="tests.test_sms_event_type_attribution.TestSMSEventTypeAttribution" name="test_auth_me_restores_session" time="0.795" /><testcase classname="tests.test_sms_event_type_attribution.TestSMSEventTypeAttribution" name="test_send_sms_without_event_type_resolves_to_personal_sms" time="0.481" /><testcase classname="tests.test_sms_event_type_attribution.TestSMSEventTypeAttribution" name="test_send_sms_with_explicit_event_type_preserves_it" time="0.489" /><testcase classname="tests.test_sms_event_type_attribution.TestSMSEventTypeAttribution" name="test_contact_event_sms_sent_counted_as_text" time="0.476" /><testcase classname="tests.test_sms_event_type_attribution.TestSMSEventTypeAttribution" name="test_contact_event_personal_sms_counted_as_text" time="0.498" /><testcase classname="tests.test_sms_event_type_attribution.TestSMSEventTypeAttribution" name="test_contact_event_call_placed" time="0.460" /><testcase classname="tests.test_sms_event_type_attribution.TestSMSEventTypeAttribution" name="test_contact_event_email_sent" time="0.498" /><testcase classname="tests.test_sms_event_type_attribution.TestSMSEventTypeAttribution" name="test_summary_includes_personal_sms_in_texts" time="0.460" /><testcase classname="tests.test_sms_event_type_attribution.TestSMSEventTypeAttribution" name="test_performance_includes_personal_sms_in_texts" time="0.471" /><testcase classname="tests.test_sms_event_type_attribution.TestSMSEventTypeAttribution" name="test_performance_includes_card_shares" time="0.513" /><testcase classname="tests.test_sms_event_type_attribution.TestSMSEventTypeAttribution" name="test_summary_returns_correct_structure" time="0.453" /><testcase classname="tests.test_sms_event_type_attribution.TestSMSEventTypeAttribution" name="test_performance_returns_correct_structure" time="0.491" /><testcase classname="tests.test_sms_event_type_attribution.TestEventTypeResolution" name="test_personal_sms_is_default" time="0.133" /></testsuite></testsuites>