<?xml version="1.0" encoding="utf-8"?><testsuites name="pytest tests"><testsuite name="pytest" errors="0" failures="0" skipped="0" tests="16" time="3.206" timestamp="2026-02-28T00:19:30.506637+00:00" hostname="agent-env-8651593a-3219-43de-b9e7-99ba376b5ae0"><testcase classname="tests.test_nda.TestNDAEndpoints" name="test_01_create_nda" time="0.241" /><testcase classname="tests.test_nda.TestNDAEndpoints" name="test_02_list_ndas" time="0.110" /><testcase classname="tests.test_nda.TestNDAEndpoints" name="test_03_get_nda_detail" time="0.157" /><testcase classname="tests.test_nda.TestNDAEndpoints" name="test_04_public_nda_info" time="0.157" /><testcase classname="tests.test_nda.TestNDAEndpoints" name="test_05_verify_with_wrong_credentials" time="0.130" /><testcase classname="tests.test_nda.TestNDAEndpoints" name="test_06_verify_with_correct_credentials" time="0.117" /><testcase classname="tests.test_nda.TestNDAEndpoints" name="test_07_send_nda_email" time="0.337" /><testcase classname="tests.test_nda.TestNDAEndpoints" name="test_08_submit_signature" time="0.551" /><testcase classname="tests.test_nda.TestNDAEndpoints" name="test_09_verify_signed_status" time="0.158" /><testcase classname="tests.test_nda.TestNDAEndpoints" name="test_10_cannot_delete_signed_nda" time="0.118" /><testcase classname="tests.test_nda.TestNDAEndpoints" name="test_11_cannot_sign_already_signed_nda" time="0.102" /><testcase classname="tests.test_nda.TestNDADeleteUnsigned" name="test_create_and_delete_unsigned_nda" time="0.267" /><testcase classname="tests.test_nda.TestNDANotFound" name="test_get_nonexistent_nda" time="0.130" /><testcase classname="tests.test_nda.TestNDANotFound" name="test_public_nonexistent_nda" time="0.186" /><testcase classname="tests.test_nda.TestExistingNDAs" name="test_verify_existing_signed_nda" time="0.185" /><testcase classname="tests.test_nda.TestExistingNDAs" name="test_verify_existing_viewed_nda" time="0.171" /></testsuite></testsuites>