<?xml version="1.0" encoding="utf-8"?><testsuites name="pytest tests"><testsuite name="pytest" errors="0" failures="0" skipped="0" tests="11" time="3.466" timestamp="2026-03-05T04:31:39.540317+00:00" hostname="agent-env-8651593a-3219-43de-b9e7-99ba376b5ae0"><testcase classname="backend.tests.test_bulk_onboarding.TestBulkUserCreation" name="test_create_user_with_onboarding_flags" time="0.244" /><testcase classname="backend.tests.test_bulk_onboarding.TestBulkUserCreation" name="test_create_user_default_onboarding_true" time="0.128" /><testcase classname="backend.tests.test_bulk_onboarding.TestBulkUserCreation" name="test_create_bulk_team_members" time="0.383" /><testcase classname="backend.tests.test_bulk_onboarding.TestOrganizationCreation" name="test_create_organization" time="0.137" /><testcase classname="backend.tests.test_bulk_onboarding.TestStoreCreation" name="test_create_store" time="0.302" /><testcase classname="backend.tests.test_bulk_onboarding.TestProfileUpdate" name="test_update_profile_with_all_fields" time="0.267" /><testcase classname="backend.tests.test_bulk_onboarding.TestProfileUpdate" name="test_update_profile_individual_fields" time="0.271" /><testcase classname="backend.tests.test_bulk_onboarding.TestPasswordChange" name="test_change_password_success" time="0.336" /><testcase classname="backend.tests.test_bulk_onboarding.TestPasswordChange" name="test_change_password_wrong_current" time="0.235" /><testcase classname="backend.tests.test_bulk_onboarding.TestLoginRedirect" name="test_login_returns_onboarding_status" time="0.230" /><testcase classname="backend.tests.test_bulk_onboarding.TestFullWizardBulkFlow" name="test_complete_wizard_bulk_flow" time="0.850" /></testsuite></testsuites>