<?xml version="1.0" encoding="utf-8"?><testsuites name="pytest tests"><testsuite name="pytest" errors="0" failures="0" skipped="0" tests="12" time="1.907" timestamp="2026-03-18T14:22:41.384594+00:00" hostname="agent-env-4c466a1c-dd63-4e57-8274-6f963bbd6089"><testcase classname="tests.test_white_label_full_flow.TestWhiteLabelFullFlow" name="test_01_create_white_label_partner" time="0.301" /><testcase classname="tests.test_white_label_full_flow.TestWhiteLabelFullFlow" name="test_02_verify_partner_persists_sold_fields" time="0.056" /><testcase classname="tests.test_white_label_full_flow.TestWhiteLabelFullFlow" name="test_03_update_partner_sold_fields" time="0.116" /><testcase classname="tests.test_white_label_full_flow.TestWhiteLabelFullFlow" name="test_04_create_organization_with_partner" time="0.060" /><testcase classname="tests.test_white_label_full_flow.TestWhiteLabelFullFlow" name="test_05_verify_org_partner_link" time="0.061" /><testcase classname="tests.test_white_label_full_flow.TestWhiteLabelFullFlow" name="test_06_create_store_under_org" time="0.071" /><testcase classname="tests.test_white_label_full_flow.TestWhiteLabelFullFlow" name="test_07_create_org_admin_user" time="0.075" /><testcase classname="tests.test_white_label_full_flow.TestWhiteLabelFullFlow" name="test_08_verify_user_has_partner_id" time="0.054" /><testcase classname="tests.test_white_label_full_flow.TestWhiteLabelFullFlow" name="test_09_impersonate_returns_partner_id" time="0.058" /><testcase classname="tests.test_white_label_full_flow.TestWhiteLabelFullFlow" name="test_10_login_returns_partner_id" time="0.362" /><testcase classname="tests.test_white_label_full_flow.TestCreateUserWithInviteInheritsPartner" name="test_create_user_with_invite_inherits_partner" time="0.447" /><testcase classname="tests.test_white_label_full_flow.TestCleanup" name="test_cleanup_test_data" time="0.163" /></testsuite></testsuites>