<?xml version="1.0" encoding="utf-8"?><testsuites name="pytest tests"><testsuite name="pytest" errors="0" failures="0" skipped="0" tests="12" time="2.197" timestamp="2026-03-07T11:23:13.077805+00:00" hostname="agent-env-8651593a-3219-43de-b9e7-99ba376b5ae0"><testcase classname="tests.test_docs_pdf_export.TestDocsPdfExport" name="test_health_check" time="0.126" /><testcase classname="tests.test_docs_pdf_export.TestDocsPdfExport" name="test_get_operations_manual" time="0.105" /><testcase classname="tests.test_docs_pdf_export.TestDocsPdfExport" name="test_seed_project_scope_super_admin" time="0.103" /><testcase classname="tests.test_docs_pdf_export.TestDocsPdfExport" name="test_export_pdf_super_admin" time="0.522" /><testcase classname="tests.test_docs_pdf_export.TestDocsPdfExport" name="test_email_pdf_super_admin" time="0.539" /><testcase classname="tests.test_docs_pdf_export.TestDocsPdfAccessControl" name="test_seed_project_scope_non_super_admin_403" time="0.109" /><testcase classname="tests.test_docs_pdf_export.TestDocsPdfAccessControl" name="test_export_pdf_non_super_admin_403" time="0.101" /><testcase classname="tests.test_docs_pdf_export.TestDocsPdfAccessControl" name="test_email_pdf_non_super_admin_403" time="0.097" /><testcase classname="tests.test_docs_pdf_export.TestDocsPdfAccessControl" name="test_export_pdf_no_auth_401" time="0.106" /><testcase classname="tests.test_docs_pdf_export.TestDocsPdfAccessControl" name="test_email_pdf_no_auth_401" time="0.098" /><testcase classname="tests.test_docs_pdf_export.TestDocsPdfEdgeCases" name="test_export_pdf_invalid_doc_id_404" time="0.113" /><testcase classname="tests.test_docs_pdf_export.TestDocsPdfEdgeCases" name="test_email_pdf_invalid_doc_id_404" time="0.109" /></testsuite></testsuites>