<?xml version="1.0" encoding="utf-8"?><testsuites name="pytest tests"><testsuite name="pytest" errors="0" failures="0" skipped="0" tests="9" time="3.153" timestamp="2026-03-05T01:13:32.084084+00:00" hostname="agent-env-8651593a-3219-43de-b9e7-99ba376b5ae0"><testcase classname="tests.test_congrats_hardcode_fix.TestCongratsCardTypeFix" name="test_template_defaults_by_card_type" time="0.688" /><testcase classname="tests.test_congrats_hardcode_fix.TestCongratsCardTypeFix" name="test_create_birthday_card_stores_correct_card_type" time="0.415" /><testcase classname="tests.test_congrats_hardcode_fix.TestCongratsCardTypeFix" name="test_create_thankyou_card_stores_correct_type" time="0.426" /><testcase classname="tests.test_congrats_hardcode_fix.TestCongratsCardTypeFix" name="test_create_holiday_card_stores_correct_type" time="0.390" /><testcase classname="tests.test_congrats_hardcode_fix.TestCongratsCardTypeFix" name="test_short_url_link_type_matches_card_type" time="0.120" /><testcase classname="tests.test_congrats_hardcode_fix.TestCongratsCardTypeFix" name="test_track_download_logs_correct_event_type" time="0.253" /><testcase classname="tests.test_congrats_hardcode_fix.TestCongratsCardTypeFix" name="test_track_share_logs_correct_event_type" time="0.266" /><testcase classname="tests.test_congrats_hardcode_fix.TestPublicCardPages" name="test_digital_card_data_endpoint" time="0.224" /><testcase classname="tests.test_congrats_hardcode_fix.TestPublicCardPages" name="test_showcase_endpoint" time="0.138" /></testsuite></testsuites>