<?xml version="1.0" encoding="utf-8"?><testsuites name="pytest tests"><testsuite name="pytest" errors="0" failures="0" skipped="0" tests="22" time="7.937" timestamp="2026-02-22T20:26:05.889884+00:00" hostname="agent-env-bf58b479-427c-43e1-98b5-ea2cb4341576"><testcase classname="tests.test_lead_sources.TestLeadSourcesAPI" name="test_list_lead_sources_empty" time="0.407" /><testcase classname="tests.test_lead_sources.TestLeadSourcesAPI" name="test_list_lead_sources_requires_store_id" time="0.335" /><testcase classname="tests.test_lead_sources.TestLeadSourcesAPI" name="test_create_lead_source_success" time="0.332" /><testcase classname="tests.test_lead_sources.TestLeadSourcesAPI" name="test_create_lead_source_jump_ball" time="0.258" /><testcase classname="tests.test_lead_sources.TestLeadSourcesAPI" name="test_create_lead_source_round_robin" time="0.277" /><testcase classname="tests.test_lead_sources.TestLeadSourcesAPI" name="test_create_lead_source_weighted_round_robin" time="0.353" /><testcase classname="tests.test_lead_sources.TestLeadSourcesAPI" name="test_create_lead_source_missing_name" time="0.266" /><testcase classname="tests.test_lead_sources.TestLeadSourcesAPI" name="test_create_lead_source_missing_team_id" time="0.228" /><testcase classname="tests.test_lead_sources.TestLeadSourcesAPI" name="test_get_lead_source_by_id" time="0.337" /><testcase classname="tests.test_lead_sources.TestLeadSourcesAPI" name="test_get_lead_source_not_found" time="0.180" /><testcase classname="tests.test_lead_sources.TestLeadSourcesAPI" name="test_update_lead_source" time="0.617" /><testcase classname="tests.test_lead_sources.TestLeadSourcesAPI" name="test_update_lead_source_toggle_active" time="0.335" /><testcase classname="tests.test_lead_sources.TestLeadSourcesAPI" name="test_delete_lead_source" time="0.363" /><testcase classname="tests.test_lead_sources.TestLeadSourcesAPI" name="test_inbound_webhook_with_valid_api_key" time="0.463" /><testcase classname="tests.test_lead_sources.TestLeadSourcesAPI" name="test_inbound_webhook_invalid_api_key" time="0.379" /><testcase classname="tests.test_lead_sources.TestLeadSourcesAPI" name="test_inbound_webhook_no_api_key" time="0.366" /><testcase classname="tests.test_lead_sources.TestLeadSourcesAPI" name="test_inbound_webhook_inactive_source" time="0.357" /><testcase classname="tests.test_lead_sources.TestLeadSourcesAPI" name="test_get_lead_source_stats" time="0.612" /><testcase classname="tests.test_lead_sources.TestLeadSourcesAPI" name="test_full_lead_source_workflow" time="0.643" /><testcase classname="tests.test_lead_sources.TestLeadSourcesTeamInbox" name="test_get_team_inbox" time="0.219" /><testcase classname="tests.test_lead_sources.TestLeadSourcesTeamInbox" name="test_get_team_inbox_include_claimed" time="0.323" /><testcase classname="tests.test_lead_sources.TestLeadSourcesTeamInbox" name="test_get_user_inbox" time="0.194" /></testsuite></testsuites>