<?xml version="1.0" encoding="utf-8"?><testsuites name="pytest tests"><testsuite name="pytest" errors="0" failures="0" skipped="0" tests="35" time="6.533" timestamp="2026-03-10T02:00:09.547287+00:00" hostname="agent-env-68795eca-dc02-4f47-9f75-40bcbbbaad45"><testcase classname="backend.tests.test_comprehensive_event_attribution.TestDirectEventLogging" name="test_log_call_placed_event" time="0.178" /><testcase classname="backend.tests.test_comprehensive_event_attribution.TestDirectEventLogging" name="test_log_sms_sent_event" time="0.135" /><testcase classname="backend.tests.test_comprehensive_event_attribution.TestDirectEventLogging" name="test_log_personal_sms_event" time="0.122" /><testcase classname="backend.tests.test_comprehensive_event_attribution.TestDirectEventLogging" name="test_log_email_sent_event" time="0.109" /><testcase classname="backend.tests.test_comprehensive_event_attribution.TestDirectEventLogging" name="test_log_showroom_shared_event" time="0.117" /><testcase classname="backend.tests.test_comprehensive_event_attribution.TestDirectEventLogging" name="test_log_birthday_card_sent_event" time="0.124" /><testcase classname="backend.tests.test_comprehensive_event_attribution.TestDirectEventLogging" name="test_log_review_invite_sent_event" time="0.115" /><testcase classname="backend.tests.test_comprehensive_event_attribution.TestDirectEventLogging" name="test_log_congrats_card_sent_event" time="0.110" /><testcase classname="backend.tests.test_comprehensive_event_attribution.TestDirectEventLogging" name="test_log_anniversary_card_sent_event" time="0.117" /><testcase classname="backend.tests.test_comprehensive_event_attribution.TestFindOrCreateAndLog" name="test_find_or_create_with_phone_and_call_event" time="0.223" /><testcase classname="backend.tests.test_comprehensive_event_attribution.TestFindOrCreateAndLog" name="test_find_or_create_with_new_phone" time="0.116" /><testcase classname="backend.tests.test_comprehensive_event_attribution.TestFindOrCreateAndLog" name="test_find_or_create_with_showroom_event" time="0.111" /><testcase classname="backend.tests.test_comprehensive_event_attribution.TestFindOrCreateAndLog" name="test_find_or_create_with_birthday_event" time="0.120" /><testcase classname="backend.tests.test_comprehensive_event_attribution.TestFindOrCreateAndLog" name="test_find_or_create_with_review_event" time="0.112" /><testcase classname="backend.tests.test_comprehensive_event_attribution.TestFindOrCreateAndLog" name="test_find_or_create_requires_phone_or_email" time="0.108" /><testcase classname="backend.tests.test_comprehensive_event_attribution.TestMessageSendWithEventLogging" name="test_send_sms_personal_creates_event" time="0.328" /><testcase classname="backend.tests.test_comprehensive_event_attribution.TestMessageSendWithEventLogging" name="test_send_sms_personal_with_explicit_event_type" time="0.266" /><testcase classname="backend.tests.test_comprehensive_event_attribution.TestConversationCreation" name="test_create_conversation_from_contact" time="0.110" /><testcase classname="backend.tests.test_comprehensive_event_attribution.TestPerformanceEndpoint" name="test_performance_today" time="0.135" /><testcase classname="backend.tests.test_comprehensive_event_attribution.TestPerformanceEndpoint" name="test_performance_week" time="0.168" /><testcase classname="backend.tests.test_comprehensive_event_attribution.TestPerformanceEndpoint" name="test_performance_month" time="0.131" /><testcase classname="backend.tests.test_comprehensive_event_attribution.TestPerformanceDetail" name="test_detail_texts" time="0.136" /><testcase classname="backend.tests.test_comprehensive_event_attribution.TestPerformanceDetail" name="test_detail_calls" time="0.158" /><testcase classname="backend.tests.test_comprehensive_event_attribution.TestPerformanceDetail" name="test_detail_emails" time="0.099" /><testcase classname="backend.tests.test_comprehensive_event_attribution.TestPerformanceDetail" name="test_detail_card_shares" time="0.132" /><testcase classname="backend.tests.test_comprehensive_event_attribution.TestPerformanceDetail" name="test_detail_reviews" time="0.121" /><testcase classname="backend.tests.test_comprehensive_event_attribution.TestSummaryEndpoint" name="test_summary_structure" time="0.116" /><testcase classname="backend.tests.test_comprehensive_event_attribution.TestSummaryEndpoint" name="test_summary_activity_tracking" time="0.130" /><testcase classname="backend.tests.test_comprehensive_event_attribution.TestEventTypeVerification" name="test_all_sms_types_counted_in_texts" time="0.928" /><testcase classname="backend.tests.test_comprehensive_event_attribution.TestEventTypeVerification" name="test_call_placed_counted_in_calls" time="0.923" /><testcase classname="backend.tests.test_comprehensive_event_attribution.TestFrontendAPIEndpoints" name="test_contacts_list_endpoint" time="0.127" /><testcase classname="backend.tests.test_comprehensive_event_attribution.TestFrontendAPIEndpoints" name="test_inbox_conversations_endpoint" time="0.124" /><testcase classname="backend.tests.test_comprehensive_event_attribution.TestFrontendAPIEndpoints" name="test_tasks_list_endpoint" time="0.110" /><testcase classname="backend.tests.test_comprehensive_event_attribution.TestFrontendAPIEndpoints" name="test_single_contact_endpoint" time="0.129" /><testcase classname="backend.tests.test_comprehensive_event_attribution.TestFrontendAPIEndpoints" name="test_contact_events_endpoint" time="0.141" /></testsuite></testsuites>