<?xml version="1.0" encoding="utf-8"?><testsuites name="pytest tests"><testsuite name="pytest" errors="0" failures="0" skipped="0" tests="13" time="1.816" timestamp="2026-02-25T05:26:23.984010+00:00" hostname="agent-env-0d23c6f9-3620-4f28-ba6a-a93e729e158b"><testcase classname="tests.test_date_triggers.TestDateTriggersAPI" name="test_get_holidays_returns_14_us_holidays" time="0.189" /><testcase classname="tests.test_date_triggers.TestDateTriggersAPI" name="test_put_birthday_trigger_config" time="0.139" /><testcase classname="tests.test_date_triggers.TestDateTriggersAPI" name="test_put_anniversary_trigger_config" time="0.153" /><testcase classname="tests.test_date_triggers.TestDateTriggersAPI" name="test_put_sold_date_trigger_config" time="0.112" /><testcase classname="tests.test_date_triggers.TestDateTriggersAPI" name="test_get_date_trigger_configs" time="0.103" /><testcase classname="tests.test_date_triggers.TestDateTriggersAPI" name="test_put_holiday_configs_bulk" time="0.118" /><testcase classname="tests.test_date_triggers.TestDateTriggersAPI" name="test_invalid_trigger_type_returns_400" time="0.101" /><testcase classname="tests.test_date_triggers.TestContactAutoTagging" name="test_create_contact_with_birthday_auto_tags" time="0.113" /><testcase classname="tests.test_date_triggers.TestContactAutoTagging" name="test_create_contact_with_anniversary_auto_tags" time="0.111" /><testcase classname="tests.test_date_triggers.TestContactAutoTagging" name="test_create_contact_with_sold_date_auto_tags" time="0.132" /><testcase classname="tests.test_date_triggers.TestContactAutoTagging" name="test_create_contact_with_multiple_dates_auto_tags_all" time="0.109" /><testcase classname="tests.test_date_triggers.TestBrandingLogo" name="test_get_branding_logo" time="0.122" /><testcase classname="tests.test_date_triggers.TestContactsPerformance" name="test_contacts_list_loads" time="0.225" /></testsuite></testsuites>