<?xml version="1.0" encoding="utf-8"?><testsuites name="pytest tests"><testsuite name="pytest" errors="0" failures="0" skipped="0" tests="17" time="4.565" timestamp="2026-08-20T05:56:36.965150+00:00" hostname="agent-env-ed2e0bed-a367-4d5c-a080-e18e539ff770"><testcase classname="tests.test_bug_reports_dialer_datesold.TestRecentCalls" name="test_recent_calls_shape" time="0.703" /><testcase classname="tests.test_bug_reports_dialer_datesold.TestRecentCalls" name="test_recent_calls_limit" time="0.200" /><testcase classname="tests.test_bug_reports_dialer_datesold.TestDateSold" name="test_set_date_sold_persists" time="0.370" /><testcase classname="tests.test_bug_reports_dialer_datesold.TestDateSold" name="test_missing_date_400" time="0.109" /><testcase classname="tests.test_bug_reports_dialer_datesold.TestDateSold" name="test_invalid_date_400" time="0.105" /><testcase classname="tests.test_bug_reports_dialer_datesold.TestDateSold" name="test_unknown_contact_404" time="0.155" /><testcase classname="tests.test_bug_reports_dialer_datesold.TestBugReports" name="test_submit_requires_description" time="0.107" /><testcase classname="tests.test_bug_reports_dialer_datesold.TestBugReports" name="test_submit_and_list" time="0.501" /><testcase classname="tests.test_bug_reports_dialer_datesold.TestBugReports" name="test_status_transitions" time="0.657" /><testcase classname="tests.test_bug_reports_dialer_datesold.TestBugReports" name="test_invalid_status_400" time="0.123" /><testcase classname="tests.test_bug_reports_dialer_datesold.TestBugReports" name="test_unknown_report_404" time="0.103" /><testcase classname="tests.test_bug_reports_dialer_datesold.TestBugReports" name="test_list_forbidden_for_regular_user" time="0.490" /><testcase classname="tests.test_bug_reports_dialer_datesold.TestBugReports" name="test_patch_forbidden_for_regular_user" time="0.099" /><testcase classname="tests.test_bug_reports_dialer_datesold.TestBugReports" name="test_list_missing_header_401" time="0.112" /><testcase classname="tests.test_bug_reports_dialer_datesold.TestPhotoHide" name="test_invalid_photo_type" time="0.115" /><testcase classname="tests.test_bug_reports_dialer_datesold.TestPhotoHide" name="test_missing_photo_url" time="0.115" /><testcase classname="tests.test_bug_reports_dialer_datesold.TestPhotoHide" name="test_message_in_hidden_and_filtered" time="0.407" /></testsuite></testsuites>