<?xml version="1.0" encoding="utf-8"?><testsuites name="pytest tests"><testsuite name="pytest" errors="0" failures="0" skipped="0" tests="7" time="2.960" timestamp="2026-02-26T03:59:30.442615+00:00" hostname="agent-env-3b0de129-bd0a-42fa-b709-d69f2b447835"><testcase classname="tests.test_social_links.TestSocialLinksProfile" name="test_get_profile_returns_social_links" time="0.355" /><testcase classname="tests.test_social_links.TestSocialLinksProfile" name="test_update_social_links_with_username_only" time="0.440" /><testcase classname="tests.test_social_links.TestSocialLinksProfile" name="test_at_symbol_in_username_storage" time="0.397" /><testcase classname="tests.test_social_links.TestSocialLinksProfile" name="test_empty_social_links" time="0.362" /><testcase classname="tests.test_social_links.TestSocialLinksCardData" name="test_card_data_returns_social_links" time="0.313" /><testcase classname="tests.test_social_links.TestSocialLinksCardData" name="test_card_data_matches_profile_social_links" time="0.650" /><testcase classname="tests.test_social_links.TestBackwardsCompatibility" name="test_restore_original_data" time="0.379" /></testsuite></testsuites>