<?xml version="1.0" encoding="utf-8"?><testsuites name="pytest tests"><testsuite name="pytest" errors="0" failures="0" skipped="0" tests="7" time="1.469" timestamp="2026-02-27T19:28:15.510581+00:00" hostname="agent-env-8651593a-3219-43de-b9e7-99ba376b5ae0"><testcase classname="backend.tests.test_personal_sms_fix.TestPersonalSMSMode" name="test_user_has_no_twilio_number" time="0.307" /><testcase classname="backend.tests.test_personal_sms_fix.TestPersonalSMSMode" name="test_store_has_slug" time="0.123" /><testcase classname="backend.tests.test_personal_sms_fix.TestPersonalSMSMode" name="test_send_personal_sms_logs_correctly" time="0.480" /><testcase classname="backend.tests.test_personal_sms_fix.TestPersonalSMSMode" name="test_review_link_prefill" time="0.124" /><testcase classname="backend.tests.test_personal_sms_fix.TestPersonalSMSMode" name="test_digital_card_prefill" time="0.000" /><testcase classname="backend.tests.test_personal_sms_fix.TestContactDetailQuickActions" name="test_contact_detail_sms_action_url_format" time="0.112" /><testcase classname="backend.tests.test_personal_sms_fix.TestMessageSendEndpoints" name="test_send_endpoint_accepts_channel_parameter" time="0.234" /></testsuite></testsuites>