<?xml version="1.0" encoding="utf-8"?><testsuites name="pytest tests"><testsuite name="pytest" errors="0" failures="0" skipped="4" tests="10" time="1.695" timestamp="2026-02-26T03:32:27.941520+00:00" hostname="agent-env-3b0de129-bd0a-42fa-b709-d69f2b447835"><testcase classname="backend.tests.test_congrats_cards.TestCongratsTemplates" name="test_get_default_template" time="0.141" /><testcase classname="backend.tests.test_congrats_cards.TestCongratsCardRetrieval" name="test_get_existing_card" time="0.142"><skipped type="pytest.skip" message="Pre-created test card not found">/app/backend/tests/test_congrats_cards.py:76: Pre-created test card not found</skipped></testcase><testcase classname="backend.tests.test_congrats_cards.TestCongratsCardRetrieval" name="test_get_nonexistent_card" time="0.144" /><testcase classname="backend.tests.test_congrats_cards.TestCongratsCardCreation" name="test_create_congrats_card" time="0.476" /><testcase classname="backend.tests.test_congrats_cards.TestCongratsCardCreation" name="test_create_card_without_photo" time="0.103" /><testcase classname="backend.tests.test_congrats_cards.TestCongratsCardCreation" name="test_create_card_invalid_salesman" time="0.116" /><testcase classname="backend.tests.test_congrats_cards.TestCongratsCardTracking" name="test_track_download" time="0.122"><skipped type="pytest.skip" message="Pre-created test card not found">/app/backend/tests/test_congrats_cards.py:182: Pre-created test card not found</skipped></testcase><testcase classname="backend.tests.test_congrats_cards.TestCongratsCardTracking" name="test_track_share" time="0.147"><skipped type="pytest.skip" message="Pre-created test card not found">/app/backend/tests/test_congrats_cards.py:199: Pre-created test card not found</skipped></testcase><testcase classname="backend.tests.test_congrats_cards.TestCongratsCardTracking" name="test_track_invalid_action" time="0.110"><skipped type="pytest.skip" message="Pre-created test card not found">/app/backend/tests/test_congrats_cards.py:216: Pre-created test card not found</skipped></testcase><testcase classname="backend.tests.test_congrats_cards.TestCongratsCardHistory" name="test_get_card_history" time="0.142" /></testsuite></testsuites>