<?xml version="1.0" encoding="utf-8"?><testsuites name="pytest tests"><testsuite name="pytest" errors="0" failures="0" skipped="0" tests="22" time="5.393" timestamp="2026-03-16T17:48:45.548381+00:00" hostname="agent-env-68795eca-dc02-4f47-9f75-40bcbbbaad45"><testcase classname="backend.tests.test_vcf_import.TestVCFImportPreview" name="test_vcf_preview_basic_contact" time="0.320" /><testcase classname="backend.tests.test_vcf_import.TestVCFImportPreview" name="test_vcf_preview_phone_priority_mobile" time="0.129" /><testcase classname="backend.tests.test_vcf_import.TestVCFImportPreview" name="test_vcf_preview_phone_priority_work_over_home" time="0.167" /><testcase classname="backend.tests.test_vcf_import.TestVCFImportPreview" name="test_vcf_preview_phone_priority_home_only" time="0.185" /><testcase classname="backend.tests.test_vcf_import.TestVCFImportPreview" name="test_vcf_preview_phone_priority_work_over_home_pref" time="0.170" /><testcase classname="backend.tests.test_vcf_import.TestVCFImportPreview" name="test_vcf_preview_multiple_emails" time="0.145" /><testcase classname="backend.tests.test_vcf_import.TestVCFImportPreview" name="test_vcf_preview_apple_format_item_prefix" time="0.128" /><testcase classname="backend.tests.test_vcf_import.TestVCFImportPreview" name="test_vcf_preview_multiple_contacts" time="0.112" /><testcase classname="backend.tests.test_vcf_import.TestVCFImportPreview" name="test_vcf_preview_organization_only_contact" time="0.172" /><testcase classname="backend.tests.test_vcf_import.TestVCFImportPreview" name="test_vcf_preview_skips_contact_no_phone_no_email" time="0.138" /><testcase classname="backend.tests.test_vcf_import.TestVCFImportPreview" name="test_vcf_preview_birthday_formats" time="0.133" /><testcase classname="backend.tests.test_vcf_import.TestVCFImportPreview" name="test_vcf_preview_full_address" time="0.210" /><testcase classname="backend.tests.test_vcf_import.TestVCFImportPreview" name="test_vcf_preview_rejects_non_vcf_file" time="0.111" /><testcase classname="backend.tests.test_vcf_import.TestAutoDetectImport" name="test_autodetect_vcf_file" time="0.159" /><testcase classname="backend.tests.test_vcf_import.TestAutoDetectImport" name="test_autodetect_vcard_extension" time="0.119" /><testcase classname="backend.tests.test_vcf_import.TestAutoDetectImport" name="test_autodetect_csv_file" time="0.123" /><testcase classname="backend.tests.test_vcf_import.TestAutoDetectImport" name="test_autodetect_rejects_unsupported" time="0.133" /><testcase classname="backend.tests.test_vcf_import.TestVCFDuplicateDetection" name="test_vcf_duplicate_detection_by_phone" time="0.250" /><testcase classname="backend.tests.test_vcf_import.TestVCFImportConfirm" name="test_vcf_import_confirm_creates_contacts" time="0.564" /><testcase classname="backend.tests.test_vcf_import.TestVCFImportConfirm" name="test_vcf_import_sets_ownership_type_personal" time="0.556" /><testcase classname="backend.tests.test_vcf_import.TestVCFImportConfirm" name="test_vcf_import_sets_source_and_tags" time="0.549" /><testcase classname="backend.tests.test_vcf_import.TestRealVCFFile" name="test_real_vcf_file_from_url" time="0.714" /></testsuite></testsuites>