<?xml version="1.0" encoding="utf-8"?><testsuites name="pytest tests"><testsuite name="pytest" errors="0" failures="0" skipped="0" tests="12" time="2.757" timestamp="2026-07-14T19:07:47.928974+00:00" hostname="agent-env-ed2e0bed-a367-4d5c-a080-e18e539ff770"><testcase classname="backend.tests.test_vcard_vcf.TestVCardNoPhoto" name="test_vcard_returns_200" time="0.746" /><testcase classname="backend.tests.test_vcard_vcf.TestVCardNoPhoto" name="test_vcard_mime_type" time="0.127" /><testcase classname="backend.tests.test_vcard_vcf.TestVCardNoPhoto" name="test_vcard_content_disposition" time="0.132" /><testcase classname="backend.tests.test_vcard_vcf.TestVCardNoPhoto" name="test_vcard_structure_no_photo" time="0.123" /><testcase classname="backend.tests.test_vcard_vcf.TestVCardNoPhoto" name="test_vcard_has_url_field" time="0.112" /><testcase classname="backend.tests.test_vcard_vcf.TestVCardWithPhoto" name="test_vcard_with_photo_returns_200" time="0.675" /><testcase classname="backend.tests.test_vcard_vcf.TestVCardWithPhoto" name="test_vcard_photo_field_present" time="0.145" /><testcase classname="backend.tests.test_vcard_vcf.TestVCardWithPhoto" name="test_vcard_photo_encoding_format" time="0.111" /><testcase classname="backend.tests.test_vcard_vcf.TestVCardWithPhoto" name="test_vcard_photo_is_valid_base64" time="0.126" /><testcase classname="backend.tests.test_vcard_vcf.TestVCardWithPhoto" name="test_vcard_contains_name_and_email" time="0.114" /><testcase classname="backend.tests.test_vcard_vcf.TestVCardWithPhoto" name="test_vcard_mime_and_disposition" time="0.122" /><testcase classname="backend.tests.test_vcard_vcf.TestVCardEdgeCases" name="test_vcard_404_for_invalid_user" time="0.151" /></testsuite></testsuites>