<?xml version="1.0" encoding="utf-8"?><testsuites name="pytest tests"><testsuite name="pytest" errors="0" failures="0" skipped="0" tests="7" time="4.386" timestamp="2026-02-25T19:31:24.112602+00:00" hostname="agent-env-a63fcc39-4ff2-490c-afd9-0646d9e25cfe"><testcase classname="backend.tests.test_team_chat_delete_clear.TestTeamChatDeleteClear" name="test_clear_channel_history_success" time="1.349" /><testcase classname="backend.tests.test_team_chat_delete_clear.TestTeamChatDeleteClear" name="test_delete_channel_success" time="0.431" /><testcase classname="backend.tests.test_team_chat_delete_clear.TestTeamChatDeleteClear" name="test_delete_channel_not_found" time="0.749" /><testcase classname="backend.tests.test_team_chat_delete_clear.TestTeamChatDeleteClear" name="test_clear_history_channel_not_found" time="0.365" /><testcase classname="backend.tests.test_team_chat_delete_clear.TestTeamChatDeleteClear" name="test_delete_channel_missing_user_id" time="0.504" /><testcase classname="backend.tests.test_team_chat_delete_clear.TestTeamChatDeleteClear" name="test_clear_history_missing_user_id" time="0.416" /><testcase classname="backend.tests.test_team_chat_delete_clear.TestTeamChatDeleteClear" name="test_delete_channel_unauthorized_user" time="0.509" /></testsuite></testsuites>