<?xml version="1.0" encoding="utf-8"?><testsuites name="pytest tests"><testsuite name="pytest" errors="0" failures="0" skipped="0" tests="9" time="3.476" timestamp="2026-02-25T14:32:29.494600+00:00" hostname="agent-env-7480ccae-69e9-433c-b94c-2d611833a1c8"><testcase classname="tests.test_app_directory.TestAppDirectoryShareEmail" name="test_share_via_email_success" time="0.890" /><testcase classname="tests.test_app_directory.TestAppDirectoryShareEmail" name="test_share_via_email_with_recipient_name" time="0.286" /><testcase classname="tests.test_app_directory.TestAppDirectoryShareEmail" name="test_share_email_missing_email" time="0.066" /><testcase classname="tests.test_app_directory.TestAppDirectoryShareSMS" name="test_share_via_sms_success" time="0.397" /><testcase classname="tests.test_app_directory.TestAppDirectoryShareSMS" name="test_share_sms_missing_phone" time="0.114" /><testcase classname="tests.test_app_directory.TestAppDirectoryCopyLink" name="test_copy_link_success" time="0.105" /><testcase classname="tests.test_app_directory.TestAppDirectoryAuth" name="test_share_requires_auth" time="1.326" /><testcase classname="tests.test_app_directory.TestAppDirectoryAuth" name="test_copy_link_requires_auth" time="0.153" /><testcase classname="tests.test_app_directory.TestAppDirectoryInvalidChannel" name="test_invalid_channel_rejected" time="0.068" /></testsuite></testsuites>