<?xml version="1.0" encoding="utf-8"?><testsuites name="pytest tests"><testsuite name="pytest" errors="0" failures="0" skipped="0" tests="13" time="3.194" timestamp="2026-02-26T21:16:54.554302+00:00" hostname="agent-env-808ac328-7730-47aa-8bc5-934adf7a2e8f"><testcase classname="backend.tests.test_public_review_page.TestHealthAndBasicEndpoints" name="test_api_health" time="0.212" /><testcase classname="backend.tests.test_public_review_page.TestHealthAndBasicEndpoints" name="test_debug_endpoint_removed" time="0.328" /><testcase classname="backend.tests.test_public_review_page.TestPublicReviewPageAPI" name="test_get_review_page_data" time="0.171" /><testcase classname="backend.tests.test_public_review_page.TestPublicReviewPageAPI" name="test_get_review_page_nonexistent_store" time="0.157" /><testcase classname="backend.tests.test_public_review_page.TestPublicReviewPageAPI" name="test_get_review_page_with_salesperson" time="0.175" /><testcase classname="backend.tests.test_public_review_page.TestClickTracking" name="test_track_click_success" time="0.162" /><testcase classname="backend.tests.test_public_review_page.TestClickTracking" name="test_track_click_different_platforms" time="0.694" /><testcase classname="backend.tests.test_public_review_page.TestClickTracking" name="test_track_click_with_salesperson" time="0.139" /><testcase classname="backend.tests.test_public_review_page.TestClickTracking" name="test_track_click_invalid_store" time="0.246" /><testcase classname="backend.tests.test_public_review_page.TestClickStatistics" name="test_get_click_stats" time="0.144" /><testcase classname="backend.tests.test_public_review_page.TestForgotPasswordSecurity" name="test_forgot_password_no_dev_code" time="0.413" /><testcase classname="backend.tests.test_public_review_page.TestForgotPasswordSecurity" name="test_forgot_password_generic_response" time="0.128" /><testcase classname="backend.tests.test_public_review_page.TestCustomReviewLinks" name="test_custom_links_in_review_data" time="0.148" /></testsuite></testsuites>