<?xml version="1.0" encoding="utf-8"?><testsuites name="pytest tests"><testsuite name="pytest" errors="0" failures="0" skipped="0" tests="10" time="2.462" timestamp="2026-03-02T00:10:06.006988+00:00" hostname="agent-env-8651593a-3219-43de-b9e7-99ba376b5ae0"><testcase classname="tests.test_linkpage_api.TestLinkPagePublicEndpoints" name="test_get_public_page_valid_username" time="0.338" /><testcase classname="tests.test_linkpage_api.TestLinkPagePublicEndpoints" name="test_get_public_page_nonexistent_username" time="0.131" /><testcase classname="tests.test_linkpage_api.TestLinkPagePublicEndpoints" name="test_get_public_page_has_required_fields" time="0.228" /><testcase classname="tests.test_linkpage_api.TestLinkPageUserEndpoints" name="test_get_user_link_page" time="0.234" /><testcase classname="tests.test_linkpage_api.TestLinkPageUserEndpoints" name="test_get_user_link_page_invalid_user" time="0.116" /><testcase classname="tests.test_linkpage_api.TestLinkPageUserEndpoints" name="test_update_link_page" time="0.859" /><testcase classname="tests.test_linkpage_api.TestUsernameAvailability" name="test_check_username_taken" time="0.119" /><testcase classname="tests.test_linkpage_api.TestUsernameAvailability" name="test_check_username_available" time="0.118" /><testcase classname="tests.test_linkpage_api.TestUsernameAvailability" name="test_check_username_too_short" time="0.135" /><testcase classname="tests.test_linkpage_api.TestClickTracking" name="test_track_link_click" time="0.112" /></testsuite></testsuites>