<?xml version="1.0" encoding="utf-8"?><testsuites name="pytest tests"><testsuite name="pytest" errors="0" failures="0" skipped="0" tests="11" time="9.938" timestamp="2026-03-23T01:21:51.343672+00:00" hostname="agent-env-4c466a1c-dd63-4e57-8274-6f963bbd6089"><testcase classname="backend.tests.test_photo_gallery_v3.TestPhotoGalleryAPIs" name="test_login" time="0.666" /><testcase classname="backend.tests.test_photo_gallery_v3.TestPhotoGalleryAPIs" name="test_get_contacts_list" time="0.144" /><testcase classname="backend.tests.test_photo_gallery_v3.TestPhotoGalleryAPIs" name="test_get_all_photos_endpoint" time="0.257" /><testcase classname="backend.tests.test_photo_gallery_v3.TestPhotoGalleryAPIs" name="test_delete_photo_missing_url" time="0.260" /><testcase classname="backend.tests.test_photo_gallery_v3.TestPhotoGalleryAPIs" name="test_delete_photo_invalid_type" time="0.192" /><testcase classname="backend.tests.test_photo_gallery_v3.TestPhotoGalleryAPIs" name="test_set_profile_photo_missing_url" time="0.200" /><testcase classname="backend.tests.test_photo_gallery_v3.TestPhotoGalleryAPIs" name="test_set_profile_photo_success" time="1.508" /><testcase classname="backend.tests.test_photo_gallery_v3.TestPhotoGalleryAPIs" name="test_photos_deduplication" time="1.659" /><testcase classname="backend.tests.test_photo_gallery_v3.TestPhotoGalleryAPIs" name="test_delete_history_photo_type" time="1.668" /><testcase classname="backend.tests.test_photo_gallery_v3.TestPhotoGalleryAPIs" name="test_delete_profile_photo_promotes_history" time="2.920" /><testcase classname="backend.tests.test_photo_gallery_v3.TestPhotoGalleryValidTypes" name="test_valid_photo_types" time="0.389" /></testsuite></testsuites>