<?xml version="1.0" encoding="utf-8"?><testsuites name="pytest tests"><testsuite name="pytest" errors="0" failures="0" skipped="0" tests="6" time="1.265" timestamp="2026-02-28T00:20:13.085937+00:00" hostname="agent-env-8651593a-3219-43de-b9e7-99ba376b5ae0"><testcase classname="tests.test_docs_rbac.TestDocsRoleBasedAccess" name="test_01_super_admin_can_list_all_docs" time="0.411" /><testcase classname="tests.test_docs_rbac.TestDocsRoleBasedAccess" name="test_02_super_admin_can_get_nda_doc" time="0.145" /><testcase classname="tests.test_docs_rbac.TestDocsRoleBasedAccess" name="test_03_super_admin_can_get_operations_manual" time="0.121" /><testcase classname="tests.test_docs_rbac.TestDocsRoleBasedAccess" name="test_04_docs_list_without_user_id_fails" time="0.112" /><testcase classname="tests.test_docs_rbac.TestDocsRoleBasedAccess" name="test_05_verify_role_based_filtering_in_query" time="0.110" /><testcase classname="tests.test_docs_rbac.TestDocCategories" name="test_categories_endpoint" time="0.305" /></testsuite></testsuites>