<?xml version="1.0" encoding="utf-8"?><testsuites name="pytest tests"><testsuite name="pytest" errors="0" failures="1" skipped="0" tests="31" time="5.035" timestamp="2026-03-07T10:13:30.136332+00:00" hostname="agent-env-8651593a-3219-43de-b9e7-99ba376b5ae0"><testcase classname="backend.tests.test_leaderboard_v2_gamification.TestStoreLeaderboard" name="test_store_leaderboard_returns_200" time="0.218" /><testcase classname="backend.tests.test_leaderboard_v2_gamification.TestStoreLeaderboard" name="test_store_leaderboard_has_your_stats" time="0.119" /><testcase classname="backend.tests.test_leaderboard_v2_gamification.TestStoreLeaderboard" name="test_store_leaderboard_level_structure" time="0.186" /><testcase classname="backend.tests.test_leaderboard_v2_gamification.TestStoreLeaderboard" name="test_store_leaderboard_period_week" time="0.115" /><testcase classname="backend.tests.test_leaderboard_v2_gamification.TestStoreLeaderboard" name="test_store_leaderboard_period_month" time="0.140" /><testcase classname="backend.tests.test_leaderboard_v2_gamification.TestStoreLeaderboard" name="test_store_leaderboard_period_all" time="0.107" /><testcase classname="backend.tests.test_leaderboard_v2_gamification.TestStoreLeaderboard" name="test_store_leaderboard_category_sorts_correctly" time="1.040" /><testcase classname="backend.tests.test_leaderboard_v2_gamification.TestStoreLeaderboard" name="test_store_leaderboard_badge_assignment" time="0.111" /><testcase classname="backend.tests.test_leaderboard_v2_gamification.TestStoreLeaderboard" name="test_store_leaderboard_team_summary" time="0.106" /><testcase classname="backend.tests.test_leaderboard_v2_gamification.TestStoreLeaderboard" name="test_store_leaderboard_includes_levels_metadata" time="0.112" /><testcase classname="backend.tests.test_leaderboard_v2_gamification.TestLevelSystem" name="test_level_thresholds_correct" time="0.103" /><testcase classname="backend.tests.test_leaderboard_v2_gamification.TestLevelSystem" name="test_user_level_based_on_score" time="0.112" /><testcase classname="backend.tests.test_leaderboard_v2_gamification.TestStreakCalculation" name="test_streak_is_returned" time="0.110" /><testcase classname="backend.tests.test_leaderboard_v2_gamification.TestOrgLeaderboard" name="test_org_leaderboard_returns_200" time="0.114" /><testcase classname="backend.tests.test_leaderboard_v2_gamification.TestOrgLeaderboard" name="test_org_leaderboard_structure" time="0.120" /><testcase classname="backend.tests.test_leaderboard_v2_gamification.TestOrgLeaderboard" name="test_org_leaderboard_period_filter" time="0.103"><failure message="AssertionError: Expected period='week', got None&#10;assert None == 'week'&#10; +  where None = &lt;built-in method get of dict object at 0xfa8b71368240&gt;('period')&#10; +    where &lt;built-in method get of dict object at 0xfa8b71368240&gt; = {'categories': {'calls': {'icon': 'call', 'label': 'Calls'}, 'cards': {'icon': 'gift', 'label': 'Cards Sent'}, 'digital_cards': {'icon': 'card', 'label': 'Digital Cards'}, 'emails': {'icon': 'mail', 'label': 'Emails'}, ...}, 'category': 'total', 'leaderboard': [{'badge': 'gold', 'members': 1, 'rank': 1, 'scores': {'calls': 5, 'cards': 35, 'digital_cards': 24, 'emails': 21, ...}, ...}], 'level': 'org', ...}.get">backend/tests/test_leaderboard_v2_gamification.py:245: in test_org_leaderboard_period_filter
    assert data.get("period") == period, f"Expected period='{period}', got {data.get('period')}"
E   AssertionError: Expected period='week', got None
E   assert None == 'week'
E    +  where None = &lt;built-in method get of dict object at 0xfa8b71368240&gt;('period')
E    +    where &lt;built-in method get of dict object at 0xfa8b71368240&gt; = {'categories': {'calls': {'icon': 'call', 'label': 'Calls'}, 'cards': {'icon': 'gift', 'label': 'Cards Sent'}, 'digital_cards': {'icon': 'card', 'label': 'Digital Cards'}, 'emails': {'icon': 'mail', 'label': 'Emails'}, ...}, 'category': 'total', 'leaderboard': [{'badge': 'gold', 'members': 1, 'rank': 1, 'scores': {'calls': 5, 'cards': 35, 'digital_cards': 24, 'emails': 21, ...}, ...}], 'level': 'org', ...}.get</failure></testcase><testcase classname="backend.tests.test_leaderboard_v2_gamification.TestOrgLeaderboard" name="test_org_leaderboard_category_filter" time="0.137" /><testcase classname="backend.tests.test_leaderboard_v2_gamification.TestOrgLeaderboard" name="test_org_leaderboard_store_entries" time="0.103" /><testcase classname="backend.tests.test_leaderboard_v2_gamification.TestGlobalLeaderboard" name="test_global_leaderboard_returns_200" time="0.103" /><testcase classname="backend.tests.test_leaderboard_v2_gamification.TestGlobalLeaderboard" name="test_global_leaderboard_structure" time="0.113" /><testcase classname="backend.tests.test_leaderboard_v2_gamification.TestGlobalLeaderboard" name="test_global_leaderboard_has_your_stats" time="0.107" /><testcase classname="backend.tests.test_leaderboard_v2_gamification.TestGlobalLeaderboard" name="test_global_leaderboard_anonymization" time="0.115" /><testcase classname="backend.tests.test_leaderboard_v2_gamification.TestGlobalLeaderboard" name="test_global_leaderboard_no_photos" time="0.111" /><testcase classname="backend.tests.test_leaderboard_v2_gamification.TestGlobalLeaderboard" name="test_global_leaderboard_has_is_you_marker" time="0.128" /><testcase classname="backend.tests.test_leaderboard_v2_gamification.TestGlobalLeaderboard" name="test_global_leaderboard_has_level_per_entry" time="0.128" /><testcase classname="backend.tests.test_leaderboard_v2_gamification.TestGlobalLeaderboard" name="test_global_leaderboard_period_filter" time="0.343" /><testcase classname="backend.tests.test_leaderboard_v2_gamification.TestGlobalLeaderboard" name="test_global_leaderboard_category_filter" time="0.111" /><testcase classname="backend.tests.test_leaderboard_v2_gamification.TestCategories" name="test_all_categories_present" time="0.118" /><testcase classname="backend.tests.test_leaderboard_v2_gamification.TestCategories" name="test_scores_have_all_category_breakdowns" time="0.114" /><testcase classname="backend.tests.test_leaderboard_v2_gamification.TestInvalidRequests" name="test_invalid_user_id" time="0.110" /><testcase classname="backend.tests.test_leaderboard_v2_gamification.TestInvalidRequests" name="test_nonexistent_user_id" time="0.113" /></testsuite></testsuites>