<?xml version="1.0" encoding="utf-8"?><testsuites name="pytest tests"><testsuite name="pytest" errors="0" failures="0" skipped="0" tests="21" time="3.316" timestamp="2026-03-03T18:27:32.143404+00:00" hostname="agent-env-8651593a-3219-43de-b9e7-99ba376b5ae0"><testcase classname="backend.tests.test_demo_requests.TestDemoRequestsPost" name="test_create_demo_request_basic" time="0.129" /><testcase classname="backend.tests.test_demo_requests.TestDemoRequestsPost" name="test_create_demo_request_with_source" time="0.116" /><testcase classname="backend.tests.test_demo_requests.TestDemoRequestsPost" name="test_create_demo_request_with_all_utm_params" time="0.115" /><testcase classname="backend.tests.test_demo_requests.TestDemoRequestsPost" name="test_create_demo_request_with_referrer" time="0.116" /><testcase classname="backend.tests.test_demo_requests.TestDemoRequestsPost" name="test_create_demo_request_missing_name" time="0.114" /><testcase classname="backend.tests.test_demo_requests.TestDemoRequestsPost" name="test_create_demo_request_missing_email" time="0.113" /><testcase classname="backend.tests.test_demo_requests.TestChannelClassification" name="test_facebook_paid_social_classification" time="0.264" /><testcase classname="backend.tests.test_demo_requests.TestChannelClassification" name="test_google_paid_search_classification" time="0.260" /><testcase classname="backend.tests.test_demo_requests.TestChannelClassification" name="test_organic_website_classification" time="0.217" /><testcase classname="backend.tests.test_demo_requests.TestSourceParsing" name="test_source_page_parsing" time="0.225" /><testcase classname="backend.tests.test_demo_requests.TestSourceParsing" name="test_source_nav_position" time="0.225" /><testcase classname="backend.tests.test_demo_requests.TestSourceParsing" name="test_source_footer_position" time="0.208" /><testcase classname="backend.tests.test_demo_requests.TestDemoRequestsAnalytics" name="test_analytics_endpoint_returns_200" time="0.121" /><testcase classname="backend.tests.test_demo_requests.TestDemoRequestsAnalytics" name="test_analytics_with_days_param" time="0.125" /><testcase classname="backend.tests.test_demo_requests.TestDemoRequestsAnalytics" name="test_analytics_summary_fields" time="0.125" /><testcase classname="backend.tests.test_demo_requests.TestDemoRequestsAnalytics" name="test_analytics_by_channel_structure" time="0.112" /><testcase classname="backend.tests.test_demo_requests.TestDemoRequestsAnalytics" name="test_analytics_by_page_structure" time="0.155" /><testcase classname="backend.tests.test_demo_requests.TestDemoRequestsAnalytics" name="test_analytics_by_position_structure" time="0.119" /><testcase classname="backend.tests.test_demo_requests.TestDemoRequestsAnalytics" name="test_analytics_recent_requests" time="0.110" /><testcase classname="backend.tests.test_demo_requests.TestListDemoRequests" name="test_list_demo_requests" time="0.119" /><testcase classname="backend.tests.test_demo_requests.TestListDemoRequests" name="test_list_contains_seeded_data" time="0.133" /></testsuite></testsuites>