<?xml version="1.0" encoding="utf-8"?><testsuites name="pytest tests"><testsuite name="pytest" errors="0" failures="0" skipped="0" tests="10" time="1.253" timestamp="2026-03-11T23:13:04.451270+00:00" hostname="agent-env-68795eca-dc02-4f47-9f75-40bcbbbaad45"><testcase classname="tests.test_contact_tracking_attribution.TestContactTrackingAttribution" name="test_short_url_stats_returns_200" time="0.257" /><testcase classname="tests.test_contact_tracking_attribution.TestContactTrackingAttribution" name="test_card_lookup_by_card_id" time="0.146" /><testcase classname="tests.test_contact_tracking_attribution.TestContactTrackingAttribution" name="test_tracking_event_with_valid_contact_id" time="0.125" /><testcase classname="tests.test_contact_tracking_attribution.TestContactTrackingAttribution" name="test_tracking_event_with_invalid_contact_id_rejected" time="0.193" /><testcase classname="tests.test_contact_tracking_attribution.TestContactTrackingAttribution" name="test_tracking_event_with_completely_invalid_contact_id" time="0.153" /><testcase classname="tests.test_contact_tracking_attribution.TestContactTrackingAttribution" name="test_master_feed_shows_correct_names" time="0.219" /><testcase classname="tests.test_contact_tracking_attribution.TestShortURLCardRedirect" name="test_new_card_short_url_has_contact_id_in_metadata" time="0.078" /><testcase classname="tests.test_contact_tracking_attribution.TestShortURLCardRedirect" name="test_old_card_without_contact_id_metadata" time="0.003" /><testcase classname="tests.test_contact_tracking_attribution.TestCardCreationStoresContactId" name="test_congrats_card_stores_contact_id" time="0.003" /><testcase classname="tests.test_contact_tracking_attribution.TestContactScoping" name="test_contacts_scoped_by_user_id" time="0.003" /></testsuite></testsuites>