<?xml version="1.0" encoding="utf-8"?><testsuites name="pytest tests"><testsuite name="pytest" errors="0" failures="0" skipped="0" tests="16" time="6.723" timestamp="2026-03-05T06:11:38.319918+00:00" hostname="agent-env-8651593a-3219-43de-b9e7-99ba376b5ae0"><testcase classname="tests.test_training_lms.TestTrainingTracks" name="test_get_tracks_super_admin_sees_all" time="0.453" /><testcase classname="tests.test_training_lms.TestTrainingTracks" name="test_get_tracks_user_role_sees_only_sales" time="0.304" /><testcase classname="tests.test_training_lms.TestTrainingTracks" name="test_get_tracks_partner_role_sees_partner_and_whitelabel" time="0.337" /><testcase classname="tests.test_training_lms.TestTrainingTracks" name="test_track_has_lesson_count" time="0.321" /><testcase classname="tests.test_training_lms.TestWhiteLabelTrackLessons" name="test_white_label_track_has_5_lessons" time="0.357" /><testcase classname="tests.test_training_lms.TestWhiteLabelTrackLessons" name="test_lessons_have_content" time="0.340" /><testcase classname="tests.test_training_lms.TestAdminTrainingCRUD" name="test_admin_list_all_tracks" time="0.294" /><testcase classname="tests.test_training_lms.TestAdminTrainingCRUD" name="test_admin_create_track" time="0.391" /><testcase classname="tests.test_training_lms.TestAdminTrainingCRUD" name="test_admin_update_track" time="0.494" /><testcase classname="tests.test_training_lms.TestAdminTrainingCRUD" name="test_admin_update_track_roles" time="0.475" /><testcase classname="tests.test_training_lms.TestAdminLessonCRUD" name="test_admin_list_lessons" time="0.377" /><testcase classname="tests.test_training_lms.TestAdminLessonCRUD" name="test_admin_create_lesson" time="0.507" /><testcase classname="tests.test_training_lms.TestAdminLessonCRUD" name="test_admin_update_lesson" time="0.489" /><testcase classname="tests.test_training_lms.TestAdminLessonCRUD" name="test_admin_update_lesson_content" time="0.559" /><testcase classname="tests.test_training_lms.TestProgressTracking" name="test_mark_lesson_complete" time="0.523" /><testcase classname="tests.test_training_lms.TestProgressTracking" name="test_progress_updates_track_count" time="0.414" /></testsuite></testsuites>