<?xml version="1.0" encoding="utf-8"?><testsuites name="pytest tests"><testsuite name="pytest" errors="0" failures="1" skipped="0" tests="12" time="2.157" timestamp="2026-02-28T05:45:11.138569+00:00" hostname="agent-env-8651593a-3219-43de-b9e7-99ba376b5ae0"><testcase classname="tests.test_ui_ux_audit.TestUserActivityAllTime" name="test_user_activity_all_time_returns_valid_data" time="0.234" /><testcase classname="tests.test_ui_ux_audit.TestUserActivityAllTime" name="test_user_activity_today_period" time="0.143" /><testcase classname="tests.test_ui_ux_audit.TestUserActivityAllTime" name="test_user_activity_week_period" time="0.106" /><testcase classname="tests.test_ui_ux_audit.TestUserActivityAllTime" name="test_user_activity_month_period" time="0.107" /><testcase classname="tests.test_ui_ux_audit.TestUserActivityAllTime" name="test_user_activity_year_period" time="0.124" /><testcase classname="tests.test_ui_ux_audit.TestUserActivityAllTime" name="test_user_activity_custom_period" time="0.134" /><testcase classname="tests.test_ui_ux_audit.TestConversationArchive" name="test_get_conversations" time="0.121" /><testcase classname="tests.test_ui_ux_audit.TestConversationArchive" name="test_archive_conversation" time="0.357" /><testcase classname="tests.test_ui_ux_audit.TestConversationArchive" name="test_restore_conversation" time="0.378" /><testcase classname="tests.test_ui_ux_audit.TestCompanyDocs" name="test_docs_seed_endpoint_exists" time="0.154"><failure message="AssertionError: Unexpected status: 404&#10;assert 404 in [200, 401, 400]&#10; +  where 404 = &lt;Response [404]&gt;.status_code">tests/test_ui_ux_audit.py:169: in test_docs_seed_endpoint_exists
    assert response.status_code in [200, 401, 400], f"Unexpected status: {response.status_code}"
E   AssertionError: Unexpected status: 404
E   assert 404 in [200, 401, 400]
E    +  where 404 = &lt;Response [404]&gt;.status_code</failure></testcase><testcase classname="tests.test_ui_ux_audit.TestHealthAndBasicEndpoints" name="test_health_endpoint" time="0.108" /><testcase classname="tests.test_ui_ux_audit.TestHealthAndBasicEndpoints" name="test_backend_accessible" time="0.102" /></testsuite></testsuites>