<?xml version="1.0" encoding="utf-8"?><testsuites name="pytest tests"><testsuite name="pytest" errors="0" failures="1" skipped="0" tests="11" time="3.235" timestamp="2026-02-27T18:17:01.282644+00:00" hostname="agent-env-8651593a-3219-43de-b9e7-99ba376b5ae0"><testcase classname="tests.test_contact_matching.TestFindOrCreateAndLogEndpoint" name="test_create_new_contact_when_no_match" time="0.399" /><testcase classname="tests.test_contact_matching.TestFindOrCreateAndLogEndpoint" name="test_find_existing_contact_by_last_10_digits" time="0.316" /><testcase classname="tests.test_contact_matching.TestFindOrCreateAndLogEndpoint" name="test_returns_needs_confirmation_on_name_mismatch" time="0.350" /><testcase classname="tests.test_contact_matching.TestFindOrCreateAndLogEndpoint" name="test_force_action_use_existing_logs_event" time="0.276" /><testcase classname="tests.test_contact_matching.TestFindOrCreateAndLogEndpoint" name="test_force_action_update_name" time="0.297" /><testcase classname="tests.test_contact_matching.TestFindOrCreateAndLogEndpoint" name="test_force_action_create_new" time="0.322" /><testcase classname="tests.test_contact_matching.TestFindOrCreateAndLogEndpoint" name="test_email_matching_works" time="0.257" /><testcase classname="tests.test_contact_matching.TestFindOrCreateAndLogEndpoint" name="test_merges_email_work_when_personal_exists" time="0.339"><failure message="AssertionError: Work email should be added&#10;assert None == 'work_1772216223@company.com'&#10; +  where None = &lt;built-in method get of dict object at 0xf922860f6e00&gt;('email_work')&#10; +    where &lt;built-in method get of dict object at 0xf922860f6e00&gt; = {'_id': '69a1df9f2c77ffec633a33a4', 'anniversary': None, 'birthday': None, 'created_at': '2026-02-27T18:17:03.682000', ...}.get">tests/test_contact_matching.py:385: in test_merges_email_work_when_personal_exists
    assert contact_data.get("email_work") == work_email, f"Work email should be added"
E   AssertionError: Work email should be added
E   assert None == 'work_1772216223@company.com'
E    +  where None = &lt;built-in method get of dict object at 0xf922860f6e00&gt;('email_work')
E    +    where &lt;built-in method get of dict object at 0xf922860f6e00&gt; = {'_id': '69a1df9f2c77ffec633a33a4', 'anniversary': None, 'birthday': None, 'created_at': '2026-02-27T18:17:03.682000', ...}.get</failure></testcase><testcase classname="tests.test_contact_matching.TestFindOrCreateAndLogEndpoint" name="test_requires_phone_or_email" time="0.132" /><testcase classname="tests.test_contact_matching.TestExistingForestContact" name="test_find_existing_forest_contact_by_phone" time="0.156" /><testcase classname="tests.test_contact_matching.TestExistingForestContact" name="test_name_mismatch_triggers_confirmation" time="0.288" /></testsuite></testsuites>