<?xml version="1.0" encoding="utf-8"?><testsuites name="pytest tests"><testsuite name="pytest" errors="0" failures="0" skipped="0" tests="12" time="3.317" timestamp="2026-03-17T06:23:39.219679+00:00" hostname="agent-env-68795eca-dc02-4f47-9f75-40bcbbbaad45"><testcase classname="backend.tests.test_full_regression_211.TestAuthentication" name="test_login_success" time="0.412" /><testcase classname="backend.tests.test_full_regression_211.TestContactFilter" name="test_get_contacts" time="0.147" /><testcase classname="backend.tests.test_full_regression_211.TestCampaignList" name="test_get_campaigns" time="0.112" /><testcase classname="backend.tests.test_full_regression_211.TestTasksTouchpoints" name="test_get_tasks_today" time="0.112" /><testcase classname="backend.tests.test_full_regression_211.TestCampaignCreation" name="test_create_and_delete_campaign" time="0.255" /><testcase classname="backend.tests.test_full_regression_211.TestCampaignDuplication" name="test_duplicate_campaign" time="0.492" /><testcase classname="backend.tests.test_full_regression_211.TestTagAutoEnrollment" name="test_tag_triggers_campaign_enrollment" time="0.904" /><testcase classname="backend.tests.test_full_regression_211.TestCardEventTracking" name="test_welcome_card_tracking_resolves_correctly" time="0.112" /><testcase classname="backend.tests.test_full_regression_211.TestCardEventTracking" name="test_thankyou_card_tracking_resolves_correctly" time="0.226" /><testcase classname="backend.tests.test_full_regression_211.TestPerformanceDashboard" name="test_performance_endpoint" time="0.120" /><testcase classname="backend.tests.test_full_regression_211.TestPerformanceDashboard" name="test_performance_detail_customer_card_views" time="0.109" /><testcase classname="backend.tests.test_full_regression_211.TestCardAPIReturnsCardType" name="test_get_card_returns_card_type" time="0.226" /></testsuite></testsuites>