<?xml version="1.0" encoding="utf-8"?><testsuites name="pytest tests"><testsuite name="pytest" errors="0" failures="0" skipped="0" tests="11" time="10.267" timestamp="2026-03-06T04:55:08.077839+00:00" hostname="agent-env-8651593a-3219-43de-b9e7-99ba376b5ae0"><testcase classname="tests.test_event_type_centralized_fix.TestBirthdayCardEventType" name="test_birthday_card_short_url_resolves_correctly" time="0.965" /><testcase classname="tests.test_event_type_centralized_fix.TestBirthdayCardEventType" name="test_birthday_card_with_explicit_event_type" time="0.933" /><testcase classname="tests.test_event_type_centralized_fix.TestThankYouCardEventType" name="test_thank_you_card_short_url_resolves_correctly" time="0.932" /><testcase classname="tests.test_event_type_centralized_fix.TestHolidayCardEventType" name="test_holiday_card_short_url_resolves_correctly" time="0.961" /><testcase classname="tests.test_event_type_centralized_fix.TestWelcomeCardEventType" name="test_welcome_card_short_url_resolves_correctly" time="0.961" /><testcase classname="tests.test_event_type_centralized_fix.TestAnniversaryCardEventType" name="test_anniversary_card_short_url_resolves_correctly" time="1.045" /><testcase classname="tests.test_event_type_centralized_fix.TestCongratsCardEventType" name="test_congrats_card_short_url_resolves_correctly" time="0.932" /><testcase classname="tests.test_event_type_centralized_fix.TestRegularSMSEventType" name="test_regular_sms_resolves_to_personal_sms" time="0.818" /><testcase classname="tests.test_event_type_centralized_fix.TestEventLabelsFromCentralizedModule" name="test_events_endpoint_returns_correct_labels" time="0.906" /><testcase classname="tests.test_event_type_centralized_fix.TestPydanticEndpointEventType" name="test_pydantic_endpoint_birthday_card_explicit" time="0.884" /><testcase classname="tests.test_event_type_centralized_fix.TestAllLinkTypesStoreCorrectly" name="test_all_card_link_types_stored_correctly" time="0.877" /></testsuite></testsuites>