<?xml version="1.0" encoding="utf-8"?><testsuites name="pytest tests"><testsuite name="pytest" errors="0" failures="0" skipped="0" tests="16" time="2.891" timestamp="2026-03-09T18:56:09.884644+00:00" hostname="agent-env-68795eca-dc02-4f47-9f75-40bcbbbaad45"><testcase classname="backend.tests.test_crm_timeline_export.TestCRMTimelineToken" name="test_generate_timeline_token_success" time="0.757" /><testcase classname="backend.tests.test_crm_timeline_export.TestCRMTimelineToken" name="test_generate_token_returns_same_token_on_repeat" time="0.139" /><testcase classname="backend.tests.test_crm_timeline_export.TestCRMTimelineToken" name="test_generate_token_invalid_contact_returns_404" time="0.062" /><testcase classname="backend.tests.test_crm_timeline_export.TestPublicTimeline" name="test_public_timeline_with_known_token" time="0.113" /><testcase classname="backend.tests.test_crm_timeline_export.TestPublicTimeline" name="test_public_timeline_with_generated_token" time="0.182" /><testcase classname="backend.tests.test_crm_timeline_export.TestPublicTimeline" name="test_public_timeline_invalid_token_returns_404" time="0.149" /><testcase classname="backend.tests.test_crm_timeline_export.TestMarkCopied" name="test_mark_copied_success" time="0.069" /><testcase classname="backend.tests.test_crm_timeline_export.TestMarkCopied" name="test_mark_copied_invalid_contact_returns_404" time="0.064" /><testcase classname="backend.tests.test_crm_timeline_export.TestPINSettings" name="test_get_pin_settings_success" time="0.065" /><testcase classname="backend.tests.test_crm_timeline_export.TestPINSettings" name="test_update_pin_settings_enable" time="0.059" /><testcase classname="backend.tests.test_crm_timeline_export.TestPINSettings" name="test_update_pin_settings_invalid_pin_length" time="0.123" /><testcase classname="backend.tests.test_crm_timeline_export.TestPINSettings" name="test_update_pin_settings_disable" time="0.070" /><testcase classname="backend.tests.test_crm_timeline_export.TestPINVerification" name="test_verify_pin_with_correct_pin" time="0.293" /><testcase classname="backend.tests.test_crm_timeline_export.TestPINVerification" name="test_verify_pin_with_wrong_pin" time="0.294" /><testcase classname="backend.tests.test_crm_timeline_export.TestCRMExportStats" name="test_get_export_stats_success" time="0.064" /><testcase classname="backend.tests.test_crm_timeline_export.TestTimelineDataStructure" name="test_timeline_response_structure" time="0.293" /></testsuite></testsuites>