<?xml version="1.0" encoding="utf-8"?><testsuites name="pytest tests"><testsuite name="pytest" errors="0" failures="0" skipped="0" tests="7" time="1.729" timestamp="2026-03-05T00:17:56.716463+00:00" hostname="agent-env-8651593a-3219-43de-b9e7-99ba376b5ae0"><testcase classname="backend.tests.test_activity_tab_bugfixes.TestActivityFeedPerformance" name="test_master_feed_returns_data_under_2_seconds" time="0.190" /><testcase classname="backend.tests.test_activity_tab_bugfixes.TestActivityFeedPerformance" name="test_feed_items_have_required_fields" time="0.164" /><testcase classname="backend.tests.test_activity_tab_bugfixes.TestCardTypeEventLogging" name="test_card_type_labels_mapping" time="0.164" /><testcase classname="backend.tests.test_activity_tab_bugfixes.TestCardTypeEventLogging" name="test_congrats_card_get_endpoint" time="0.727" /><testcase classname="backend.tests.test_activity_tab_bugfixes.TestShortURLDedupWindow" name="test_dedup_window_in_code" time="0.000" /><testcase classname="backend.tests.test_activity_tab_bugfixes.TestActivityFeedLabels" name="test_feed_event_labels" time="0.139" /><testcase classname="backend.tests.test_activity_tab_bugfixes.TestLoginPersistence" name="test_login_returns_token_and_user" time="0.284" /></testsuite></testsuites>