<?xml version="1.0" encoding="utf-8"?><testsuites name="pytest tests"><testsuite name="pytest" errors="0" failures="0" skipped="1" tests="12" time="3.965" timestamp="2026-03-08T05:29:44.993697+00:00" hostname="agent-env-8651593a-3219-43de-b9e7-99ba376b5ae0"><testcase classname="backend.tests.test_engagement_signals.TestEngagementSignalsAPI" name="test_hot_leads_endpoint_returns_200" time="0.227" /><testcase classname="backend.tests.test_engagement_signals.TestEngagementSignalsAPI" name="test_hot_leads_response_structure" time="0.098" /><testcase classname="backend.tests.test_engagement_signals.TestEngagementSignalsAPI" name="test_hot_leads_with_hours_parameter" time="0.368" /><testcase classname="backend.tests.test_engagement_signals.TestEngagementSignalsAPI" name="test_signals_endpoint_returns_200" time="0.102" /><testcase classname="backend.tests.test_engagement_signals.TestEngagementSignalsAPI" name="test_signals_response_structure" time="0.124" /><testcase classname="backend.tests.test_engagement_signals.TestEngagementSignalsAPI" name="test_signals_with_limit_parameter" time="0.120" /><testcase classname="backend.tests.test_engagement_signals.TestCardViewCreatesSignal" name="test_card_view_creates_signal" time="0.893" /><testcase classname="backend.tests.test_engagement_signals.TestSignalDeduplication" name="test_rapid_card_views_deduplicated" time="1.503" /><testcase classname="backend.tests.test_engagement_signals.TestHotLeadsSorting" name="test_hot_leads_sorted_by_heat_score" time="0.137"><skipped type="pytest.skip" message="Not enough hot leads to verify sorting">/app/backend/tests/test_engagement_signals.py:187: Not enough hot leads to verify sorting</skipped></testcase><testcase classname="backend.tests.test_engagement_signals.TestHotLeadsSorting" name="test_hot_lead_item_structure" time="0.104" /><testcase classname="backend.tests.test_engagement_signals.TestEngagementWithNonExistentUser" name="test_hot_leads_empty_for_unknown_user" time="0.101" /><testcase classname="backend.tests.test_engagement_signals.TestEngagementWithNonExistentUser" name="test_signals_empty_for_unknown_user" time="0.102" /></testsuite></testsuites>