<?xml version="1.0" encoding="utf-8"?><testsuites name="pytest tests"><testsuite name="pytest" errors="0" failures="0" skipped="0" tests="14" time="3.567" timestamp="2026-06-09T02:48:04.587534+00:00" hostname="agent-env-ed2e0bed-a367-4d5c-a080-e18e539ff770"><testcase classname="test_sold_wizard_schedule_delayed.TestHealthCheck" name="test_health_endpoint" time="0.258" /><testcase classname="test_sold_wizard_schedule_delayed.TestHealthCheck" name="test_scheduler_jobs_running" time="0.131" /><testcase classname="test_sold_wizard_schedule_delayed.TestScheduleDelayedEndpoint" name="test_schedule_delayed_requires_user_id" time="0.587" /><testcase classname="test_sold_wizard_schedule_delayed.TestScheduleDelayedEndpoint" name="test_schedule_delayed_requires_to" time="0.778" /><testcase classname="test_sold_wizard_schedule_delayed.TestScheduleDelayedEndpoint" name="test_schedule_delayed_requires_body" time="0.139" /><testcase classname="test_sold_wizard_schedule_delayed.TestScheduleDelayedEndpoint" name="test_schedule_delayed_success" time="0.118" /><testcase classname="test_sold_wizard_schedule_delayed.TestScheduleDelayedEndpoint" name="test_schedule_delayed_with_delay_seconds" time="0.125" /><testcase classname="test_sold_wizard_schedule_delayed.TestLogEventEndpoint" name="test_log_event_success" time="0.449" /><testcase classname="test_sold_wizard_schedule_delayed.TestLogEventEndpoint" name="test_log_event_requires_description" time="0.128" /><testcase classname="test_sold_wizard_schedule_delayed.TestLogEventEndpoint" name="test_log_event_default_values" time="0.167" /><testcase classname="test_sold_wizard_schedule_delayed.TestSoldTagApplication" name="test_get_contact_tags" time="0.161" /><testcase classname="test_sold_wizard_schedule_delayed.TestSoldTagApplication" name="test_patch_contact_tags_endpoint" time="0.172" /><testcase classname="test_sold_wizard_schedule_delayed.TestContactsRouterIncluded" name="test_contacts_list_accessible" time="0.141" /><testcase classname="test_sold_wizard_schedule_delayed.TestContactsRouterIncluded" name="test_messages_router_accessible" time="0.130" /></testsuite></testsuites>