<?xml version="1.0" encoding="utf-8"?><testsuites name="pytest tests"><testsuite name="pytest" errors="0" failures="1" skipped="0" tests="8" time="1.940" timestamp="2026-02-28T01:15:34.623750+00:00" hostname="agent-env-8651593a-3219-43de-b9e7-99ba376b5ae0"><testcase classname="backend.tests.test_email_comprehensive.TestEmailSendingFixes" name="test_1_conversation_info_returns_contact_email" time="0.227" /><testcase classname="backend.tests.test_email_comprehensive.TestEmailSendingFixes" name="test_2_conversations_list_includes_email" time="0.149" /><testcase classname="backend.tests.test_email_comprehensive.TestEmailSendingFixes" name="test_3_email_send_returns_resend_id" time="0.535" /><testcase classname="backend.tests.test_email_comprehensive.TestEmailSendingFixes" name="test_4_contact_detail_has_email" time="0.236" /><testcase classname="backend.tests.test_email_comprehensive.TestEmailSendingFixes" name="test_5_send_endpoint_validates_email_channel" time="0.345" /><testcase classname="backend.tests.test_email_comprehensive.TestOtherAPIs" name="test_health_check" time="0.126" /><testcase classname="backend.tests.test_email_comprehensive.TestOtherAPIs" name="test_nda_list_accessible" time="0.114"><failure message="AssertionError: Unexpected status: 404&#10;assert 404 in [200, 401]&#10; +  where 404 = &lt;Response [404]&gt;.status_code">backend/tests/test_email_comprehensive.py:159: in test_nda_list_accessible
    assert response.status_code in [200, 401], f"Unexpected status: {response.status_code}"
E   AssertionError: Unexpected status: 404
E   assert 404 in [200, 401]
E    +  where 404 = &lt;Response [404]&gt;.status_code</failure></testcase><testcase classname="backend.tests.test_email_comprehensive.TestOtherAPIs" name="test_conversations_list" time="0.118" /></testsuite></testsuites>