<?xml version="1.0" encoding="utf-8"?><testsuites name="pytest tests"><testsuite name="pytest" errors="0" failures="0" skipped="0" tests="12" time="1.263" timestamp="2026-03-04T05:12:44.067878+00:00" hostname="agent-env-8651593a-3219-43de-b9e7-99ba376b5ae0"><testcase classname="backend.tests.test_notification_fixes.TestNotificationCenterAPI" name="test_notification_center_returns_200" time="0.410" /><testcase classname="backend.tests.test_notification_fixes.TestNotificationCenterAPI" name="test_notification_center_category_filter" time="0.056" /><testcase classname="backend.tests.test_notification_fixes.TestNotificationCenterAPI" name="test_notification_center_tasks_filter" time="0.062" /><testcase classname="backend.tests.test_notification_fixes.TestNotificationCenterAPI" name="test_notification_center_campaigns_filter" time="0.061" /><testcase classname="backend.tests.test_notification_fixes.TestDemoRequestNotifications" name="test_demo_request_creates_notification" time="0.115" /><testcase classname="backend.tests.test_notification_fixes.TestDemoRequestNotifications" name="test_demo_request_with_referral" time="0.057" /><testcase classname="backend.tests.test_notification_fixes.TestNotificationTypes" name="test_mark_notifications_read" time="0.115" /><testcase classname="backend.tests.test_notification_fixes.TestNotificationTypes" name="test_mark_all_notifications_read" time="0.064" /><testcase classname="backend.tests.test_notification_fixes.TestNotificationTypes" name="test_unread_count_endpoint" time="0.062" /><testcase classname="backend.tests.test_notification_fixes.TestTaskNotificationLinks" name="test_task_notifications_have_contact_links" time="0.056" /><testcase classname="backend.tests.test_notification_fixes.TestCampaignNotificationLinks" name="test_campaign_send_notifications_have_prefill" time="0.062" /><testcase classname="backend.tests.test_notification_fixes.TestActivityNotifications" name="test_activity_filter_returns_events" time="0.052" /></testsuite></testsuites>