<?xml version="1.0" encoding="utf-8"?><testsuites name="pytest tests"><testsuite name="pytest" errors="0" failures="0" skipped="0" tests="6" time="5.050" timestamp="2026-03-12T23:59:58.911951+00:00" hostname="agent-env-68795eca-dc02-4f47-9f75-40bcbbbaad45"><testcase classname="backend.tests.test_onboarding_hub_tos.TestChangePasswordWithTOS" name="test_change_password_with_tos_accepted_true" time="1.554" /><testcase classname="backend.tests.test_onboarding_hub_tos.TestChangePasswordWithTOS" name="test_change_password_endpoint_exists" time="0.251" /><testcase classname="backend.tests.test_onboarding_hub_tos.TestChangePasswordWithTOS" name="test_change_password_wrong_current" time="0.353" /><testcase classname="backend.tests.test_onboarding_hub_tos.TestTermsPages" name="test_terms_page_accessible" time="0.990" /><testcase classname="backend.tests.test_onboarding_hub_tos.TestTermsPages" name="test_privacy_page_accessible" time="1.666" /><testcase classname="backend.tests.test_onboarding_hub_tos.TestAdminEndpoints" name="test_admin_hierarchy_users" time="0.175" /></testsuite></testsuites>