<?xml version="1.0" encoding="utf-8"?><testsuites name="pytest tests"><testsuite name="pytest" errors="0" failures="0" skipped="0" tests="21" time="3.315" timestamp="2026-03-27T18:44:45.399860+00:00" hostname="agent-env-4c466a1c-dd63-4e57-8274-6f963bbd6089"><testcase classname="backend.tests.test_stability_fixes.TestNotificationCenter" name="test_get_unread_count_returns_count" time="0.171" /><testcase classname="backend.tests.test_stability_fixes.TestNotificationCenter" name="test_get_unread_count_cached_response" time="0.258" /><testcase classname="backend.tests.test_stability_fixes.TestNotificationCenter" name="test_get_notifications_returns_structure" time="0.118" /><testcase classname="backend.tests.test_stability_fixes.TestNotificationCenter" name="test_get_notifications_with_category_filter" time="0.117" /><testcase classname="backend.tests.test_stability_fixes.TestNotificationCenter" name="test_mark_notifications_read" time="0.235" /><testcase classname="backend.tests.test_stability_fixes.TestNotificationCenter" name="test_mark_all_read" time="0.118" /><testcase classname="backend.tests.test_stability_fixes.TestNotifications" name="test_get_notifications_list" time="0.114" /><testcase classname="backend.tests.test_stability_fixes.TestNotifications" name="test_get_notifications_unread_only" time="0.125" /><testcase classname="backend.tests.test_stability_fixes.TestNotifications" name="test_get_unread_count" time="0.105" /><testcase classname="backend.tests.test_stability_fixes.TestNotifications" name="test_get_pending_action_notification" time="0.109" /><testcase classname="backend.tests.test_stability_fixes.TestActivityFeed" name="test_get_activity_feed" time="0.126" /><testcase classname="backend.tests.test_stability_fixes.TestActivityFeed" name="test_activity_feed_performance" time="0.259" /><testcase classname="backend.tests.test_stability_fixes.TestTasksSummary" name="test_get_task_summary" time="0.116" /><testcase classname="backend.tests.test_stability_fixes.TestTasksSummary" name="test_task_summary_cached" time="0.227" /><testcase classname="backend.tests.test_stability_fixes.TestSEOHealthScore" name="test_get_seo_health_score" time="0.118" /><testcase classname="backend.tests.test_stability_fixes.TestLeadSources" name="test_list_lead_sources" time="0.114" /><testcase classname="backend.tests.test_stability_fixes.TestLeadSources" name="test_inbound_lead_webhook_validation" time="0.114" /><testcase classname="backend.tests.test_stability_fixes.TestMediaUpload" name="test_media_upload_endpoint_exists" time="0.114" /><testcase classname="backend.tests.test_stability_fixes.TestURLWrapping" name="test_url_wrap_endpoint" time="0.107" /><testcase classname="backend.tests.test_stability_fixes.TestDatabaseConnection" name="test_health_endpoint" time="0.120" /><testcase classname="backend.tests.test_stability_fixes.TestDatabaseConnection" name="test_concurrent_requests" time="0.360" /></testsuite></testsuites>