<?xml version="1.0" encoding="utf-8"?><testsuites name="pytest tests"><testsuite name="pytest" errors="0" failures="0" skipped="0" tests="5" time="0.933" timestamp="2026-03-03T04:00:06.837020+00:00" hostname="agent-env-8651593a-3219-43de-b9e7-99ba376b5ae0"><testcase classname="backend.tests.test_link_clicks.TestContactStatsLinkClicks" name="test_contact_stats_returns_link_clicks_field" time="0.279" /><testcase classname="backend.tests.test_link_clicks.TestShortURLRedirect" name="test_short_url_create_and_redirect" time="0.245" /><testcase classname="backend.tests.test_link_clicks.TestShortURLRedirect" name="test_short_url_invalid_code_404" time="0.113" /><testcase classname="backend.tests.test_link_clicks.TestShortURLClickEventTypes" name="test_business_card_short_url" time="0.119" /><testcase classname="backend.tests.test_link_clicks.TestShortURLClickEventTypes" name="test_review_page_short_url" time="0.123" /></testsuite></testsuites>