<?xml version="1.0" encoding="utf-8"?><testsuites name="pytest tests"><testsuite name="pytest" errors="0" failures="0" skipped="0" tests="11" time="11.731" timestamp="2026-03-08T19:29:06.256511+00:00" hostname="agent-env-8651593a-3219-43de-b9e7-99ba376b5ae0"><testcase classname="backend.tests.test_voice_task_contact_search.TestVoiceParseTask" name="test_parse_task_endpoint_exists" time="1.607" /><testcase classname="backend.tests.test_voice_task_contact_search.TestVoiceParseTask" name="test_parse_task_callback_with_date_time" time="2.459" /><testcase classname="backend.tests.test_voice_task_contact_search.TestVoiceParseTask" name="test_parse_task_follow_up_high_priority" time="1.636" /><testcase classname="backend.tests.test_voice_task_contact_search.TestVoiceParseTask" name="test_parse_task_appointment_type" time="1.853" /><testcase classname="backend.tests.test_voice_task_contact_search.TestVoiceParseTask" name="test_parse_task_response_fields" time="1.382" /><testcase classname="backend.tests.test_voice_task_contact_search.TestVoiceParseTask" name="test_parse_task_fallback_on_empty_text" time="1.388" /><testcase classname="backend.tests.test_voice_task_contact_search.TestContactSearchEmail" name="test_create_contact_with_email" time="0.273" /><testcase classname="backend.tests.test_voice_task_contact_search.TestContactSearchEmail" name="test_search_contacts_by_email" time="0.339" /><testcase classname="backend.tests.test_voice_task_contact_search.TestContactSearchEmail" name="test_search_contacts_by_full_email" time="0.332" /><testcase classname="backend.tests.test_voice_task_contact_search.TestContactSearchEmail" name="test_contacts_endpoint_returns_email_field" time="0.267" /><testcase classname="backend.tests.test_voice_task_contact_search.TestVoiceStatus" name="test_voice_status_endpoint" time="0.117" /></testsuite></testsuites>