<?xml version="1.0" encoding="utf-8"?><testsuites name="pytest tests"><testsuite name="pytest" errors="0" failures="0" skipped="0" tests="7" time="1.650" timestamp="2026-03-01T20:55:00.960587+00:00" hostname="agent-env-8651593a-3219-43de-b9e7-99ba376b5ae0"><testcase classname="backend.tests.test_send_card_campaign.TestCampaignModelFields" name="test_get_campaign_has_sequences" time="0.588" /><testcase classname="backend.tests.test_send_card_campaign.TestCampaignModelFields" name="test_create_campaign_with_card_step" time="0.209" /><testcase classname="backend.tests.test_send_card_campaign.TestCampaignModelFields" name="test_update_campaign_with_card_step" time="0.169" /><testcase classname="backend.tests.test_send_card_campaign.TestCardTypeVariants" name="test_all_card_types_in_campaign" time="0.181" /><testcase classname="backend.tests.test_send_card_campaign.TestSchedulerTrigger" name="test_scheduler_trigger_endpoint" time="0.128" /><testcase classname="backend.tests.test_send_card_campaign.TestSchedulerTrigger" name="test_pending_sends_endpoint" time="0.113" /><testcase classname="backend.tests.test_send_card_campaign.TestCampaignUpdatePayload" name="test_update_with_mixed_steps" time="0.186" /></testsuite></testsuites>