<?xml version="1.0" encoding="utf-8"?><testsuites name="pytest tests"><testsuite name="pytest" errors="0" failures="0" skipped="0" tests="9" time="1.568" timestamp="2026-03-04T05:22:36.845250+00:00" hostname="agent-env-8651593a-3219-43de-b9e7-99ba376b5ae0"><testcase classname="backend.tests.test_lead_claim_flow.TestClaimEndpointBasic" name="test_claim_requires_user_id" time="0.148" /><testcase classname="backend.tests.test_lead_claim_flow.TestClaimEndpointBasic" name="test_claim_nonexistent_lead_returns_error" time="0.258" /><testcase classname="backend.tests.test_lead_claim_flow.TestClaimCreatesContact" name="test_claim_flow_e2e" time="0.225" /><testcase classname="backend.tests.test_lead_claim_flow.TestClaimIdempotent" name="test_second_claim_returns_already_claimed" time="0.218" /><testcase classname="backend.tests.test_lead_claim_flow.TestNotificationUpdatedAfterClaim" name="test_notification_link_changes_after_claim" time="0.220" /><testcase classname="backend.tests.test_lead_claim_flow.TestNotificationHasDemoRequestId" name="test_new_lead_notification_has_demo_request_id" time="0.111" /><testcase classname="backend.tests.test_lead_claim_flow.TestReferralCreatesMultipleNotifications" name="test_referral_notifies_both_referrer_and_admins" time="0.118" /><testcase classname="backend.tests.test_lead_claim_flow.TestPrefillMessageFormat" name="test_prefill_message_contains_first_name" time="0.179" /><testcase classname="backend.tests.test_lead_claim_flow.TestCleanup" name="test_cleanup_info" time="0.000" /></testsuite></testsuites>