<?xml version="1.0" encoding="utf-8"?><testsuites name="pytest tests"><testsuite name="pytest" errors="0" failures="1" skipped="0" tests="22" time="6.488" timestamp="2026-02-22T21:34:12.830720+00:00" hostname="agent-env-aaa26b8a-8605-430c-bd33-54f8294acf7b"><testcase classname="tests.test_lead_sources.TestLeadSourcesAPI" name="test_list_lead_sources_empty" time="0.268" /><testcase classname="tests.test_lead_sources.TestLeadSourcesAPI" name="test_list_lead_sources_requires_store_id" time="0.179" /><testcase classname="tests.test_lead_sources.TestLeadSourcesAPI" name="test_create_lead_source_success" time="0.265" /><testcase classname="tests.test_lead_sources.TestLeadSourcesAPI" name="test_create_lead_source_jump_ball" time="0.236" /><testcase classname="tests.test_lead_sources.TestLeadSourcesAPI" name="test_create_lead_source_round_robin" time="0.291" /><testcase classname="tests.test_lead_sources.TestLeadSourcesAPI" name="test_create_lead_source_weighted_round_robin" time="0.275" /><testcase classname="tests.test_lead_sources.TestLeadSourcesAPI" name="test_create_lead_source_missing_name" time="0.165" /><testcase classname="tests.test_lead_sources.TestLeadSourcesAPI" name="test_create_lead_source_missing_team_id" time="0.203" /><testcase classname="tests.test_lead_sources.TestLeadSourcesAPI" name="test_get_lead_source_by_id" time="0.321" /><testcase classname="tests.test_lead_sources.TestLeadSourcesAPI" name="test_get_lead_source_not_found" time="0.176" /><testcase classname="tests.test_lead_sources.TestLeadSourcesAPI" name="test_update_lead_source" time="0.414" /><testcase classname="tests.test_lead_sources.TestLeadSourcesAPI" name="test_update_lead_source_toggle_active" time="0.376" /><testcase classname="tests.test_lead_sources.TestLeadSourcesAPI" name="test_delete_lead_source" time="0.339" /><testcase classname="tests.test_lead_sources.TestLeadSourcesAPI" name="test_inbound_webhook_with_valid_api_key" time="0.571" /><testcase classname="tests.test_lead_sources.TestLeadSourcesAPI" name="test_inbound_webhook_invalid_api_key" time="0.366" /><testcase classname="tests.test_lead_sources.TestLeadSourcesAPI" name="test_inbound_webhook_no_api_key" time="0.339" /><testcase classname="tests.test_lead_sources.TestLeadSourcesAPI" name="test_inbound_webhook_inactive_source" time="0.400" /><testcase classname="tests.test_lead_sources.TestLeadSourcesAPI" name="test_get_lead_source_stats" time="0.322" /><testcase classname="tests.test_lead_sources.TestLeadSourcesAPI" name="test_full_lead_source_workflow" time="0.328"><failure message="KeyError: 'lead_sources'">tests/test_lead_sources.py:506: in test_full_lead_source_workflow
    sources = list_response.json()["lead_sources"]
              ^^^^^^^^^^^^^^^^^^^^^^^^^^^^^^^^^^^^
E   KeyError: 'lead_sources'</failure></testcase><testcase classname="tests.test_lead_sources.TestLeadSourcesTeamInbox" name="test_get_team_inbox" time="0.175" /><testcase classname="tests.test_lead_sources.TestLeadSourcesTeamInbox" name="test_get_team_inbox_include_claimed" time="0.193" /><testcase classname="tests.test_lead_sources.TestLeadSourcesTeamInbox" name="test_get_user_inbox" time="0.180" /></testsuite></testsuites>