<?xml version="1.0" encoding="utf-8"?><testsuites name="pytest tests"><testsuite name="pytest" errors="0" failures="0" skipped="0" tests="14" time="2.726" timestamp="2026-03-18T10:52:11.321627+00:00" hostname="agent-env-4c466a1c-dd63-4e57-8274-6f963bbd6089"><testcase classname="backend.tests.test_partner_billing_access.TestPartnerOrgAdminAccess" name="test_partner_admin_can_list_partner_orgs" time="0.269" /><testcase classname="backend.tests.test_partner_billing_access.TestPartnerOrgAdminAccess" name="test_partner_admin_can_create_org_auto_linked_to_partner" time="0.244" /><testcase classname="backend.tests.test_partner_billing_access.TestPartnerOrgAdminAccess" name="test_partner_admin_can_create_store_in_partner_org" time="0.211" /><testcase classname="backend.tests.test_partner_billing_access.TestPartnerOrgAdminAccess" name="test_partner_admin_cannot_create_store_outside_partner" time="0.218" /><testcase classname="backend.tests.test_partner_billing_access.TestPartnerOrgAdminAccess" name="test_partner_admin_list_stores_scoped_to_partner" time="0.117" /><testcase classname="backend.tests.test_partner_billing_access.TestSuperAdminPlatformBilling" name="test_super_admin_can_set_platform_billing" time="0.107" /><testcase classname="backend.tests.test_partner_billing_access.TestSuperAdminPlatformBilling" name="test_super_admin_can_get_platform_billing" time="0.109" /><testcase classname="backend.tests.test_partner_billing_access.TestSuperAdminPlatformBilling" name="test_super_admin_can_get_platform_summary" time="0.112" /><testcase classname="backend.tests.test_partner_billing_access.TestSuperAdminPlatformBilling" name="test_non_super_admin_cannot_view_platform_billing" time="0.121" /><testcase classname="backend.tests.test_partner_billing_access.TestClientBillingRecords" name="test_create_client_billing_record" time="0.228" /><testcase classname="backend.tests.test_partner_billing_access.TestClientBillingRecords" name="test_partner_admin_create_client_billing_record" time="0.215" /><testcase classname="backend.tests.test_partner_billing_access.TestClientBillingRecords" name="test_get_client_billing_records_scoped_to_partner" time="0.412" /><testcase classname="backend.tests.test_partner_billing_access.TestClientBillingRecords" name="test_super_admin_sees_all_billing_records" time="0.145" /><testcase classname="backend.tests.test_partner_billing_access.TestRBACEnhancements" name="test_partner_admin_get_scoped_organizations" time="0.122" /></testsuite></testsuites>