<?xml version="1.0" encoding="utf-8"?><testsuites name="pytest tests"><testsuite name="pytest" errors="0" failures="0" skipped="0" tests="6" time="1.419" timestamp="2026-03-08T18:36:26.916610+00:00" hostname="agent-env-8651593a-3219-43de-b9e7-99ba376b5ae0"><testcase classname="tests.test_contact_stats_referral_campaign_fix.TestContactStatsBugFix" name="test_stats_endpoint_returns_all_fields" time="0.368" /><testcase classname="tests.test_contact_stats_referral_campaign_fix.TestContactStatsBugFix" name="test_campaign_count_with_both_user_id_and_salesman_id" time="0.135" /><testcase classname="tests.test_contact_stats_referral_campaign_fix.TestContactStatsBugFix" name="test_referral_count_dynamic" time="0.201" /><testcase classname="tests.test_contact_stats_referral_campaign_fix.TestContactStatsBugFix" name="test_referral_count_field_in_response" time="0.054" /><testcase classname="tests.test_contact_stats_referral_campaign_fix.TestContactStatsBugFix" name="test_total_touchpoints_calculation" time="0.236" /><testcase classname="tests.test_contact_stats_referral_campaign_fix.TestContactStatsIntegrationWithFrontend" name="test_stats_endpoint_returns_json" time="0.358" /></testsuite></testsuites>