<?xml version="1.0" encoding="utf-8"?><testsuites name="pytest tests"><testsuite name="pytest" errors="0" failures="0" skipped="0" tests="10" time="1.686" timestamp="2026-03-06T02:59:46.877691+00:00" hostname="agent-env-8651593a-3219-43de-b9e7-99ba376b5ae0"><testcase classname="backend.tests.test_photo_gallery.TestPhotoGalleryAPI" name="test_photos_all_endpoint_returns_data" time="0.204" /><testcase classname="backend.tests.test_photo_gallery.TestPhotoGalleryAPI" name="test_photos_have_url_and_thumbnail_url" time="0.159" /><testcase classname="backend.tests.test_photo_gallery.TestPhotoGalleryAPI" name="test_photos_have_type_badges" time="0.125" /><testcase classname="backend.tests.test_photo_gallery.TestPhotoGalleryAPI" name="test_photos_total_count" time="0.175" /><testcase classname="backend.tests.test_photo_gallery.TestPhotoGalleryAPI" name="test_profile_photo_first" time="0.158" /><testcase classname="backend.tests.test_photo_gallery.TestPhotoGalleryAPI" name="test_thumbnail_urls_are_webp" time="0.128" /><testcase classname="backend.tests.test_photo_gallery.TestSetProfilePhoto" name="test_set_profile_photo_endpoint_exists" time="0.155" /><testcase classname="backend.tests.test_photo_gallery.TestSetProfilePhoto" name="test_set_profile_photo_with_valid_url" time="0.267" /><testcase classname="backend.tests.test_photo_gallery.TestContactWithPhotos" name="test_contact_has_photo_data" time="0.120" /><testcase classname="backend.tests.test_photo_gallery.TestContactWithPhotos" name="test_contact_name_is_forest_ward" time="0.128" /></testsuite></testsuites>