<?xml version="1.0" encoding="utf-8"?><testsuites name="pytest tests"><testsuite name="pytest" errors="0" failures="1" skipped="0" tests="14" time="3.776" timestamp="2026-02-24T10:30:16.208472+00:00" hostname="agent-env-0727d225-5748-4074-b66a-2802023dd5f4"><testcase classname="backend.tests.test_quotes_agreements.TestAuth" name="test_login_success" time="0.288"><failure message="AssertionError: assert 'access_token' in {'token': 'mock_token_699907444a076891982fab35', 'user': {'_id': '699907444a076891982fab35', 'created_at': '2026-02-21T01:15:48.280000', 'email': 'forest@imosapp.com', 'messaging_preferences': {'default_mode': 'sms', 'toggle_style': 'pill'}, ...}}">backend/tests/test_quotes_agreements.py:48: in test_login_success
    assert "access_token" in data
E   AssertionError: assert 'access_token' in {'token': 'mock_token_699907444a076891982fab35', 'user': {'_id': '699907444a076891982fab35', 'created_at': '2026-02-21T01:15:48.280000', 'email': 'forest@imosapp.com', 'messaging_preferences': {'default_mode': 'sms', 'toggle_style': 'pill'}, ...}}</failure></testcase><testcase classname="backend.tests.test_quotes_agreements.TestQuotesAPI" name="test_list_quotes" time="0.269" /><testcase classname="backend.tests.test_quotes_agreements.TestQuotesAPI" name="test_get_specific_quote" time="0.132" /><testcase classname="backend.tests.test_quotes_agreements.TestQuotesAPI" name="test_patch_quote_update" time="0.221" /><testcase classname="backend.tests.test_quotes_agreements.TestQuotesAPI" name="test_send_quote_endpoint" time="0.223" /><testcase classname="backend.tests.test_quotes_agreements.TestQuotesAPI" name="test_delete_quote_endpoint_exists" time="0.133" /><testcase classname="backend.tests.test_quotes_agreements.TestPartnerAgreementsAPI" name="test_list_agreements" time="0.288" /><testcase classname="backend.tests.test_quotes_agreements.TestPartnerAgreementsAPI" name="test_get_specific_agreement" time="0.139" /><testcase classname="backend.tests.test_quotes_agreements.TestPartnerAgreementsAPI" name="test_update_agreement" time="0.231" /><testcase classname="backend.tests.test_quotes_agreements.TestPartnerAgreementsAPI" name="test_send_agreement_endpoint" time="0.216" /><testcase classname="backend.tests.test_quotes_agreements.TestPartnerAgreementsAPI" name="test_delete_agreement_endpoint_exists" time="0.103" /><testcase classname="backend.tests.test_quotes_agreements.TestPartnerAgreementsAPI" name="test_list_templates" time="0.104" /><testcase classname="backend.tests.test_quotes_agreements.TestCreateAndDeleteQuote" name="test_create_and_delete_quote" time="0.540" /><testcase classname="backend.tests.test_quotes_agreements.TestCreateAndDeleteAgreement" name="test_create_and_delete_agreement" time="0.683" /></testsuite></testsuites>