<?xml version="1.0" encoding="utf-8"?><testsuites name="pytest tests"><testsuite name="pytest" errors="0" failures="0" skipped="0" tests="19" time="4.122" timestamp="2026-03-21T01:33:04.151462+00:00" hostname="agent-env-4c466a1c-dd63-4e57-8274-6f963bbd6089"><testcase classname="backend.tests.test_messaging_channels.TestMessagingChannelsAvailable" name="test_get_available_channels_returns_all_7" time="0.230" /><testcase classname="backend.tests.test_messaging_channels.TestMessagingChannelsAvailable" name="test_available_channels_have_required_fields" time="0.121" /><testcase classname="backend.tests.test_messaging_channels.TestMessagingChannelsAvailable" name="test_sms_channel_metadata" time="0.115" /><testcase classname="backend.tests.test_messaging_channels.TestMessagingChannelsAvailable" name="test_whatsapp_channel_metadata" time="0.117" /><testcase classname="backend.tests.test_messaging_channels.TestMessagingChannelsOrg" name="test_get_org_channels_success" time="0.145" /><testcase classname="backend.tests.test_messaging_channels.TestMessagingChannelsOrg" name="test_get_org_channels_invalid_id" time="0.109" /><testcase classname="backend.tests.test_messaging_channels.TestMessagingChannelsOrg" name="test_get_org_channels_nonexistent" time="0.123" /><testcase classname="backend.tests.test_messaging_channels.TestMessagingChannelsOrg" name="test_update_org_channels_enable_whatsapp" time="0.504" /><testcase classname="backend.tests.test_messaging_channels.TestMessagingChannelsOrg" name="test_update_org_channels_multiple" time="0.316" /><testcase classname="backend.tests.test_messaging_channels.TestMessagingChannelsOrg" name="test_update_org_channels_invalid_channel_id" time="0.119" /><testcase classname="backend.tests.test_messaging_channels.TestMessagingChannelsOrg" name="test_update_org_channels_invalid_org_id" time="0.102" /><testcase classname="backend.tests.test_messaging_channels.TestMessagingChannelsOrg" name="test_update_org_channels_nonexistent_org" time="0.113" /><testcase classname="backend.tests.test_messaging_channels.TestMessagingChannelsUser" name="test_get_user_channels_success" time="0.178" /><testcase classname="backend.tests.test_messaging_channels.TestMessagingChannelsUser" name="test_get_user_channels_invalid_id" time="0.103" /><testcase classname="backend.tests.test_messaging_channels.TestMessagingChannelsUser" name="test_get_user_channels_nonexistent" time="0.112" /><testcase classname="backend.tests.test_messaging_channels.TestMessagingChannelsUser" name="test_user_channels_reflect_org_config" time="0.469" /><testcase classname="backend.tests.test_messaging_channels.TestMessagingChannelsEdgeCases" name="test_enable_all_channels" time="0.330" /><testcase classname="backend.tests.test_messaging_channels.TestMessagingChannelsEdgeCases" name="test_enable_single_channel_only" time="0.357" /><testcase classname="backend.tests.test_messaging_channels.TestMessagingChannelsEdgeCases" name="test_empty_channels_array" time="0.387" /></testsuite></testsuites>