<?xml version="1.0" encoding="utf-8"?><testsuites name="pytest tests"><testsuite name="pytest" errors="0" failures="0" skipped="0" tests="10" time="1.839" timestamp="2026-03-07T17:31:07.596220+00:00" hostname="agent-env-8651593a-3219-43de-b9e7-99ba376b5ae0"><testcase classname="tests.test_public_image_urls.TestDigitalCardEndpoint" name="test_card_data_no_base64" time="0.180" /><testcase classname="tests.test_public_image_urls.TestLandingPageEndpoint" name="test_landing_page_no_base64" time="0.122" /><testcase classname="tests.test_public_image_urls.TestShowcaseUserEndpoint" name="test_showcase_user_no_base64" time="0.133" /><testcase classname="tests.test_public_image_urls.TestProfileEndpoint" name="test_profile_no_base64" time="0.136" /><testcase classname="tests.test_public_image_urls.TestStoreCardEndpoint" name="test_store_card_no_base64" time="0.105" /><testcase classname="tests.test_public_image_urls.TestCongratsCardsEndpoint" name="test_congrats_card_get_no_base64" time="0.301" /><testcase classname="tests.test_public_image_urls.TestBirthdayCardsEndpoint" name="test_birthday_card_get_no_base64" time="0.347" /><testcase classname="tests.test_public_image_urls.TestBatchMigrationEndpoint" name="test_batch_migration_includes_backfill" time="0.114" /><testcase classname="tests.test_public_image_urls.TestShowcaseStoreEndpoint" name="test_showcase_store_no_base64" time="0.225" /><testcase classname="tests.test_public_image_urls.TestNoPythonDictDuplicateKeys" name="test_showcase_dict_pattern" time="0.108" /></testsuite></testsuites>