<?xml version="1.0" encoding="utf-8"?><testsuites name="pytest tests"><testsuite name="pytest" errors="0" failures="4" skipped="0" tests="8" time="2.920" timestamp="2026-02-27T07:26:54.165949+00:00" hostname="agent-env-c7074be0-6114-482b-be1b-e07579acb4f1"><testcase classname="tests.test_personal_sms.TestPersonalSMSMode" name="test_user_has_no_mvpline_number" time="0.354" /><testcase classname="tests.test_personal_sms.TestPersonalSMSMode" name="test_get_contacts_for_conversation" time="0.308" /><testcase classname="tests.test_personal_sms.TestPersonalSMSMode" name="test_send_personal_sms_returns_success" time="0.357"><failure message="AssertionError: Send failed: {&quot;detail&quot;:[{&quot;type&quot;:&quot;missing&quot;,&quot;loc&quot;:[&quot;body&quot;,&quot;conversation_id&quot;],&quot;msg&quot;:&quot;Field required&quot;,&quot;input&quot;:{&quot;content&quot;:&quot;Test personal SMS message - sent from user device&quot;,&quot;channel&quot;:&quot;sms_personal&quot;},&quot;url&quot;:&quot;https://errors.pydantic.dev/2.12/v/missing&quot;}]}&#10;assert 422 == 200&#10; +  where 422 = &lt;Response [422]&gt;.status_code">tests/test_personal_sms.py:90: in test_send_personal_sms_returns_success
    assert send_response.status_code == 200, f"Send failed: {send_response.text}"
E   AssertionError: Send failed: {"detail":[{"type":"missing","loc":["body","conversation_id"],"msg":"Field required","input":{"content":"Test personal SMS message - sent from user device","channel":"sms_personal"},"url":"https://errors.pydantic.dev/2.12/v/missing"}]}
E   assert 422 == 200
E    +  where 422 = &lt;Response [422]&gt;.status_code</failure></testcase><testcase classname="tests.test_personal_sms.TestPersonalSMSMode" name="test_personal_sms_message_logged_in_db" time="0.391"><failure message="assert 422 == 200&#10; +  where 422 = &lt;Response [422]&gt;.status_code">tests/test_personal_sms.py:121: in test_personal_sms_message_logged_in_db
    assert send_response.status_code == 200
E   assert 422 == 200
E    +  where 422 = &lt;Response [422]&gt;.status_code</failure></testcase><testcase classname="tests.test_personal_sms.TestPersonalSMSMode" name="test_regular_sms_channel_still_works" time="0.457"><failure message="AssertionError: Regular SMS send failed: {&quot;detail&quot;:[{&quot;type&quot;:&quot;missing&quot;,&quot;loc&quot;:[&quot;body&quot;,&quot;conversation_id&quot;],&quot;msg&quot;:&quot;Field required&quot;,&quot;input&quot;:{&quot;content&quot;:&quot;Test regular SMS message&quot;,&quot;channel&quot;:&quot;sms&quot;},&quot;url&quot;:&quot;https://errors.pydantic.dev/2.12/v/missing&quot;}]}&#10;assert 422 == 200&#10; +  where 422 = &lt;Response [422]&gt;.status_code">tests/test_personal_sms.py:161: in test_regular_sms_channel_still_works
    assert send_response.status_code == 200, f"Regular SMS send failed: {send_response.text}"
E   AssertionError: Regular SMS send failed: {"detail":[{"type":"missing","loc":["body","conversation_id"],"msg":"Field required","input":{"content":"Test regular SMS message","channel":"sms"},"url":"https://errors.pydantic.dev/2.12/v/missing"}]}
E   assert 422 == 200
E    +  where 422 = &lt;Response [422]&gt;.status_code</failure></testcase><testcase classname="tests.test_personal_sms.TestPersonalSMSMode" name="test_email_channel_no_regression" time="0.420"><failure message="AssertionError: Email send request failed: {&quot;detail&quot;:[{&quot;type&quot;:&quot;missing&quot;,&quot;loc&quot;:[&quot;body&quot;,&quot;conversation_id&quot;],&quot;msg&quot;:&quot;Field required&quot;,&quot;input&quot;:{&quot;content&quot;:&quot;Test email message&quot;,&quot;channel&quot;:&quot;email&quot;},&quot;url&quot;:&quot;https://errors.pydantic.dev/2.12/v/missing&quot;}]}&#10;assert 422 == 200&#10; +  where 422 = &lt;Response [422]&gt;.status_code">tests/test_personal_sms.py:190: in test_email_channel_no_regression
    assert send_response.status_code == 200, f"Email send request failed: {send_response.text}"
E   AssertionError: Email send request failed: {"detail":[{"type":"missing","loc":["body","conversation_id"],"msg":"Field required","input":{"content":"Test email message","channel":"email"},"url":"https://errors.pydantic.dev/2.12/v/missing"}]}
E   assert 422 == 200
E    +  where 422 = &lt;Response [422]&gt;.status_code</failure></testcase><testcase classname="tests.test_personal_sms.TestInboxAPI" name="test_get_conversations" time="0.273" /><testcase classname="tests.test_personal_sms.TestInboxAPI" name="test_conversation_has_contact_info" time="0.262" /></testsuite></testsuites>