<?xml version="1.0" encoding="utf-8"?><testsuites name="pytest tests"><testsuite name="pytest" errors="0" failures="0" skipped="0" tests="10" time="6.294" timestamp="2026-03-05T04:09:25.569354+00:00" hostname="agent-env-8651593a-3219-43de-b9e7-99ba376b5ae0"><testcase classname="backend.tests.test_setup_wizard_onboarding.TestSetupWizardAPIs" name="test_create_organization" time="0.432" /><testcase classname="backend.tests.test_setup_wizard_onboarding.TestSetupWizardAPIs" name="test_create_store" time="0.563" /><testcase classname="backend.tests.test_setup_wizard_onboarding.TestSetupWizardAPIs" name="test_create_user_with_name_field" time="1.034" /><testcase classname="backend.tests.test_setup_wizard_onboarding.TestSetupWizardAPIs" name="test_update_user_profile_fields" time="0.994" /><testcase classname="backend.tests.test_setup_wizard_onboarding.TestSetupWizardAPIs" name="test_update_store_branding" time="0.722" /><testcase classname="backend.tests.test_setup_wizard_onboarding.TestSetupWizardAPIs" name="test_update_store_review_links" time="0.689" /><testcase classname="backend.tests.test_setup_wizard_onboarding.TestSetupWizardAPIs" name="test_full_wizard_flow" time="1.315" /><testcase classname="backend.tests.test_setup_wizard_onboarding.TestSetupWizardProgressAPI" name="test_get_wizard_progress_new_org" time="0.126" /><testcase classname="backend.tests.test_setup_wizard_onboarding.TestSetupWizardProgressAPI" name="test_save_wizard_progress" time="0.216" /><testcase classname="backend.tests.test_setup_wizard_onboarding.TestSetupWizardProgressAPI" name="test_mark_wizard_complete" time="0.113" /></testsuite></testsuites>