<?xml version="1.0" encoding="utf-8"?><testsuites name="pytest tests"><testsuite name="pytest" errors="0" failures="0" skipped="0" tests="12" time="1.810" timestamp="2026-03-19T15:34:51.422093+00:00" hostname="agent-env-4c466a1c-dd63-4e57-8274-6f963bbd6089"><testcase classname="tests.test_campaign_scheduler_fix.TestCampaignSchedulerEndpoints" name="test_scheduler_pending_returns_counts" time="0.250" /><testcase classname="tests.test_campaign_scheduler_fix.TestCampaignSchedulerEndpoints" name="test_scheduler_process_returns_results" time="0.128" /><testcase classname="tests.test_campaign_scheduler_fix.TestCampaignSchedulerEndpoints" name="test_scheduler_trigger_still_works" time="0.149" /><testcase classname="tests.test_campaign_scheduler_fix.TestCampaignUserEndpoints" name="test_get_campaigns_returns_list" time="0.212" /><testcase classname="tests.test_campaign_scheduler_fix.TestCampaignUserEndpoints" name="test_get_campaign_enrollments" time="0.127" /><testcase classname="tests.test_campaign_scheduler_fix.TestPrebuiltTemplates" name="test_get_prebuilt_templates" time="0.117" /><testcase classname="tests.test_campaign_scheduler_fix.TestPrebuiltTemplates" name="test_get_cold_outreach_text_template" time="0.113" /><testcase classname="tests.test_campaign_scheduler_fix.TestPrebuiltTemplates" name="test_get_cold_outreach_email_template" time="0.160" /><testcase classname="tests.test_campaign_scheduler_fix.TestCampaignSequenceStepFix" name="test_campaigns_with_missing_step_field" time="0.122" /><testcase classname="tests.test_campaign_scheduler_fix.TestRouteOrdering" name="test_scheduler_pending_before_user_id" time="0.111" /><testcase classname="tests.test_campaign_scheduler_fix.TestRouteOrdering" name="test_scheduler_process_before_user_id" time="0.141" /><testcase classname="tests.test_campaign_scheduler_fix.TestRouteOrdering" name="test_templates_prebuilt_before_user_id" time="0.099" /></testsuite></testsuites>