<?xml version="1.0" encoding="utf-8"?><testsuites name="pytest tests"><testsuite name="pytest" errors="0" failures="0" skipped="1" tests="11" time="2.867" timestamp="2026-02-28T06:13:42.891139+00:00" hostname="agent-env-8651593a-3219-43de-b9e7-99ba376b5ae0"><testcase classname="tests.test_showcase.TestShowcaseUserEndpoint" name="test_get_user_showcase_success" time="0.442" /><testcase classname="tests.test_showcase.TestShowcaseUserEndpoint" name="test_get_user_showcase_invalid_user" time="0.139" /><testcase classname="tests.test_showcase.TestShowcaseUserEndpoint" name="test_get_user_showcase_invalid_id_format" time="0.142" /><testcase classname="tests.test_showcase.TestShowcaseStoreEndpoint" name="test_get_store_showcase_success" time="0.343"><skipped type="pytest.skip" message="Could not get user info">/app/backend/tests/test_showcase.py:122: Could not get user info</skipped></testcase><testcase classname="tests.test_showcase.TestShowcaseStoreEndpoint" name="test_get_store_showcase_invalid_store" time="0.137" /><testcase classname="tests.test_showcase.TestShowcaseManageEndpoint" name="test_get_manage_showcase_success" time="0.153" /><testcase classname="tests.test_showcase.TestShowcaseHideShowEndpoints" name="test_hide_entry_nonexistent_card" time="0.101" /><testcase classname="tests.test_showcase.TestShowcaseHideShowEndpoints" name="test_show_entry_nonexistent_card" time="0.163" /><testcase classname="tests.test_showcase.TestShowcaseHideShowEndpoints" name="test_hide_show_existing_card" time="0.364" /><testcase classname="tests.test_showcase.TestShowcaseEntryStructure" name="test_entry_structure_for_delivery" time="0.377" /><testcase classname="tests.test_showcase.TestShowcaseDataIntegrity" name="test_public_vs_manage_visibility" time="0.417" /></testsuite></testsuites>