<?xml version="1.0" encoding="utf-8"?><testsuites name="pytest tests"><testsuite name="pytest" errors="0" failures="0" skipped="0" tests="7" time="2.665" timestamp="2026-03-17T23:54:23.779759+00:00" hostname="agent-env-4c466a1c-dd63-4e57-8274-6f963bbd6089"><testcase classname="backend.tests.test_create_partner_ios_fix.TestCreatePartnerAPI" name="test_create_partner_success" time="0.588" /><testcase classname="backend.tests.test_create_partner_ios_fix.TestCreatePartnerAPI" name="test_create_partner_with_full_data" time="0.261" /><testcase classname="backend.tests.test_create_partner_ios_fix.TestCreatePartnerAPI" name="test_list_partners" time="0.140" /><testcase classname="backend.tests.test_create_partner_ios_fix.TestCreatePartnerAPI" name="test_get_partner_by_id" time="0.288" /><testcase classname="backend.tests.test_create_partner_ios_fix.TestCreatePartnerAPI" name="test_create_partner_and_verify_persistence" time="0.425" /><testcase classname="backend.tests.test_create_partner_ios_fix.TestCreatePartnerAPI" name="test_update_partner" time="0.463" /><testcase classname="backend.tests.test_create_partner_ios_fix.TestCreatePartnerAPI" name="test_delete_partner" time="0.427" /></testsuite></testsuites>