<?xml version="1.0" encoding="utf-8"?><testsuites name="pytest tests"><testsuite name="pytest" errors="0" failures="0" skipped="0" tests="15" time="2.513" timestamp="2026-03-09T16:50:06.577271+00:00" hostname="agent-env-68795eca-dc02-4f47-9f75-40bcbbbaad45"><testcase classname="tests.test_performance_scorecard_tiles.TestPerformanceScorecard" name="test_performance_returns_scorecard" time="0.296" /><testcase classname="tests.test_performance_scorecard_tiles.TestPerformanceScorecard" name="test_performance_scorecard_regardless_of_period" time="0.486" /><testcase classname="tests.test_performance_scorecard_tiles.TestShowcaseSharing" name="test_performance_includes_showcase_in_sharing" time="0.123" /><testcase classname="tests.test_performance_scorecard_tiles.TestShowcaseSharing" name="test_detail_showcase_returns_showroom_shared_events" time="0.123" /><testcase classname="tests.test_performance_scorecard_tiles.TestNewLeadsDetail" name="test_detail_new_leads_returns_contacts" time="0.109" /><testcase classname="tests.test_performance_scorecard_tiles.TestClickThroughDetails" name="test_detail_digital_card_views" time="0.183" /><testcase classname="tests.test_performance_scorecard_tiles.TestClickThroughDetails" name="test_detail_review_link_clicks" time="0.137" /><testcase classname="tests.test_performance_scorecard_tiles.TestClickThroughDetails" name="test_detail_showcase_views" time="0.129" /><testcase classname="tests.test_performance_scorecard_tiles.TestClickThroughDetails" name="test_detail_link_page_visits" time="0.109" /><testcase classname="tests.test_performance_scorecard_tiles.TestExistingDetailCategories" name="test_detail_texts" time="0.104" /><testcase classname="tests.test_performance_scorecard_tiles.TestExistingDetailCategories" name="test_detail_emails" time="0.102" /><testcase classname="tests.test_performance_scorecard_tiles.TestExistingDetailCategories" name="test_detail_calls" time="0.108" /><testcase classname="tests.test_performance_scorecard_tiles.TestExistingDetailCategories" name="test_detail_my_card" time="0.114" /><testcase classname="tests.test_performance_scorecard_tiles.TestExistingDetailCategories" name="test_detail_reviews" time="0.128" /><testcase classname="tests.test_performance_scorecard_tiles.TestPerformanceResponseStructure" name="test_full_performance_structure" time="0.164" /></testsuite></testsuites>