<?xml version="1.0" encoding="utf-8"?><testsuites name="pytest tests"><testsuite name="pytest" errors="0" failures="0" skipped="0" tests="14" time="4.497" timestamp="2026-02-25T23:44:41.985480+00:00" hostname="agent-env-c38e9014-dbbb-42db-b56c-d972778736b0"><testcase classname="backend.tests.test_notifications.TestNotificationsAPI" name="test_health_check" time="0.135" /><testcase classname="backend.tests.test_notifications.TestNotificationsAPI" name="test_get_notifications" time="0.132" /><testcase classname="backend.tests.test_notifications.TestNotificationsAPI" name="test_get_unread_count" time="0.168" /><testcase classname="backend.tests.test_notifications.TestNotificationsAPI" name="test_get_notifications_unread_only" time="0.192" /><testcase classname="backend.tests.test_notifications.TestNotificationsAPI" name="test_get_pending_action" time="0.140" /><testcase classname="backend.tests.test_notifications.TestNotificationsAPI" name="test_mark_all_read_endpoint_exists" time="0.231" /><testcase classname="backend.tests.test_notifications.TestNotificationsAPI" name="test_clear_all_notifications" time="0.117" /><testcase classname="backend.tests.test_notifications.TestTeamChatWebSocket" name="test_get_team_channels" time="0.123" /><testcase classname="backend.tests.test_notifications.TestTeamChatWebSocket" name="test_get_channel_details" time="0.612" /><testcase classname="backend.tests.test_notifications.TestTeamChatWebSocket" name="test_send_team_chat_message" time="0.472" /><testcase classname="backend.tests.test_notifications.TestTeamChatWebSocket" name="test_get_channel_messages" time="0.594" /><testcase classname="backend.tests.test_notifications.TestWebSocketConnection" name="test_websocket_url_format" time="0.000" /><testcase classname="backend.tests.test_notifications.TestWebSocketConnection" name="test_websocket_connection" time="0.004" /><testcase classname="backend.tests.test_notifications.TestNotificationIntegration" name="test_team_chat_creates_notifications" time="1.511" /></testsuite></testsuites>