<?xml version="1.0" encoding="utf-8"?><testsuites name="pytest tests"><testsuite name="pytest" errors="0" failures="0" skipped="0" tests="12" time="1.866" timestamp="2026-03-02T16:06:17.738412+00:00" hostname="agent-env-8651593a-3219-43de-b9e7-99ba376b5ae0"><testcase classname="backend.tests.test_relationship_feed.TestSuggestedActions" name="test_suggested_actions_returns_200" time="0.234" /><testcase classname="backend.tests.test_relationship_feed.TestSuggestedActions" name="test_suggested_actions_structure" time="0.148" /><testcase classname="backend.tests.test_relationship_feed.TestSuggestedActions" name="test_suggested_actions_invalid_contact" time="0.129" /><testcase classname="backend.tests.test_relationship_feed.TestLogCustomerReply" name="test_log_reply_with_text" time="0.141" /><testcase classname="backend.tests.test_relationship_feed.TestLogCustomerReply" name="test_log_reply_missing_text_and_photo_returns_400" time="0.148" /><testcase classname="backend.tests.test_relationship_feed.TestLogCustomerReply" name="test_log_reply_empty_text_only_returns_400" time="0.167" /><testcase classname="backend.tests.test_relationship_feed.TestContactEventsWithInbound" name="test_events_include_customer_reply" time="0.172" /><testcase classname="backend.tests.test_relationship_feed.TestContactEventsWithInbound" name="test_events_customer_reply_has_required_fields" time="0.154" /><testcase classname="backend.tests.test_relationship_feed.TestShowcasePhotoEndpoints" name="test_showcase_user_reviews_have_photo_url" time="0.122" /><testcase classname="backend.tests.test_relationship_feed.TestShowcasePhotoEndpoints" name="test_feedback_photo_invalid_id_returns_404" time="0.123" /><testcase classname="backend.tests.test_relationship_feed.TestShowcasePhotoEndpoints" name="test_feedback_photo_malformed_id_returns_error" time="0.128" /><testcase classname="backend.tests.test_relationship_feed.TestExistingCustomerReply" name="test_existing_reply_in_events" time="0.125" /></testsuite></testsuites>