<?xml version="1.0" encoding="utf-8"?><testsuites name="pytest tests"><testsuite name="pytest" errors="0" failures="0" skipped="0" tests="12" time="3.818" timestamp="2026-03-13T01:50:11.731438+00:00" hostname="agent-env-68795eca-dc02-4f47-9f75-40bcbbbaad45"><testcase classname="backend.tests.test_schedule_health_reports.TestSchedulesCRUD" name="test_create_schedule_user_scope" time="0.336" /><testcase classname="backend.tests.test_schedule_health_reports.TestSchedulesCRUD" name="test_create_schedule_with_minimal_fields" time="0.260" /><testcase classname="backend.tests.test_schedule_health_reports.TestSchedulesCRUD" name="test_create_schedule_invalid_scope" time="0.146" /><testcase classname="backend.tests.test_schedule_health_reports.TestSchedulesCRUD" name="test_create_schedule_nonexistent_user" time="0.123" /><testcase classname="backend.tests.test_schedule_health_reports.TestSchedulesCRUD" name="test_list_schedules" time="0.373" /><testcase classname="backend.tests.test_schedule_health_reports.TestSchedulesCRUD" name="test_update_schedule_toggle_active" time="0.706" /><testcase classname="backend.tests.test_schedule_health_reports.TestSchedulesCRUD" name="test_update_schedule_change_email" time="0.497" /><testcase classname="backend.tests.test_schedule_health_reports.TestSchedulesCRUD" name="test_update_schedule_nonexistent" time="0.135" /><testcase classname="backend.tests.test_schedule_health_reports.TestSchedulesCRUD" name="test_update_schedule_invalid_fields" time="0.352" /><testcase classname="backend.tests.test_schedule_health_reports.TestSchedulesCRUD" name="test_delete_schedule" time="0.341" /><testcase classname="backend.tests.test_schedule_health_reports.TestSchedulesCRUD" name="test_delete_schedule_nonexistent" time="0.111" /><testcase classname="backend.tests.test_schedule_health_reports.TestScheduleDataPersistence" name="test_create_and_verify_all_fields" time="0.350" /></testsuite></testsuites>