<?xml version="1.0" encoding="utf-8"?><testsuites name="pytest tests"><testsuite name="pytest" errors="0" failures="0" skipped="0" tests="14" time="3.559" timestamp="2026-03-18T20:15:01.084238+00:00" hostname="agent-env-4c466a1c-dd63-4e57-8274-6f963bbd6089"><testcase classname="backend.tests.test_seo_phase2.TestSEOUserSlugs" name="test_user_by_slug_forest_ward" time="0.308" /><testcase classname="backend.tests.test_seo_phase2.TestSEOUserSlugs" name="test_user_by_slug_invalid" time="0.145" /><testcase classname="backend.tests.test_seo_phase2.TestSEOUserSlugs" name="test_generate_slugs_endpoint" time="0.183" /><testcase classname="backend.tests.test_seo_phase2.TestStoreDirectory" name="test_store_directory_imos_demo" time="0.184" /><testcase classname="backend.tests.test_seo_phase2.TestStoreDirectory" name="test_store_directory_invalid_slug" time="0.224" /><testcase classname="backend.tests.test_seo_phase2.TestUTMLinks" name="test_utm_link_for_card" time="0.231" /><testcase classname="backend.tests.test_seo_phase2.TestUTMLinks" name="test_utm_link_for_store" time="0.171" /><testcase classname="backend.tests.test_seo_phase2.TestUTMLinks" name="test_utm_link_for_link_page" time="0.155" /><testcase classname="backend.tests.test_seo_phase2.TestUTMTracking" name="test_track_visit" time="0.163" /><testcase classname="backend.tests.test_seo_phase2.TestUTMTracking" name="test_analytics_endpoint" time="0.148" /><testcase classname="backend.tests.test_seo_phase2.TestSitemapRobotsPhase2" name="test_sitemap_has_salesperson_urls" time="0.268" /><testcase classname="backend.tests.test_seo_phase2.TestSitemapRobotsPhase2" name="test_robots_has_salesperson_allow" time="0.244" /><testcase classname="backend.tests.test_seo_phase2.TestIntegrationFlow" name="test_slug_to_card_resolution_flow" time="0.665" /><testcase classname="backend.tests.test_seo_phase2.TestIntegrationFlow" name="test_store_directory_team_member_has_slug" time="0.382" /></testsuite></testsuites>