<?xml version="1.0" encoding="utf-8"?><testsuites name="pytest tests"><testsuite name="pytest" errors="0" failures="0" skipped="0" tests="6" time="5.963" timestamp="2026-03-17T19:21:25.873845+00:00" hostname="agent-env-4c466a1c-dd63-4e57-8274-6f963bbd6089"><testcase classname="backend.tests.test_prd_feature.TestPRDFeature" name="test_01_get_categories_includes_prd" time="4.520" /><testcase classname="backend.tests.test_prd_feature.TestPRDFeature" name="test_02_get_prd_document" time="0.146" /><testcase classname="backend.tests.test_prd_feature.TestPRDFeature" name="test_03_update_prd_document" time="0.633" /><testcase classname="backend.tests.test_prd_feature.TestPRDFeature" name="test_04_update_prd_requires_content" time="0.154" /><testcase classname="backend.tests.test_prd_feature.TestPRDFeature" name="test_05_prd_requires_auth" time="0.277" /><testcase classname="backend.tests.test_prd_feature.TestPRDFeature" name="test_06_prd_content_has_markdown" time="0.139" /></testsuite></testsuites>