<?xml version="1.0" encoding="utf-8"?><testsuites name="pytest tests"><testsuite name="pytest" errors="0" failures="0" skipped="0" tests="14" time="19.026" timestamp="2026-04-02T21:01:22.320128+00:00" hostname="agent-env-ed2e0bed-a367-4d5c-a080-e18e539ff770"><testcase classname="backend.tests.test_campaign_task_resurrection_fix.TestTaskResurrectionFix" name="test_completed_task_not_in_today_filter" time="1.056" /><testcase classname="backend.tests.test_campaign_task_resurrection_fix.TestTaskResurrectionFix" name="test_complete_task_returns_completed_status" time="0.775" /><testcase classname="backend.tests.test_campaign_task_resurrection_fix.TestTaskResurrectionFix" name="test_today_filter_excludes_completed_and_dismissed" time="0.705" /><testcase classname="backend.tests.test_campaign_task_resurrection_fix.TestTaskResurrectionFix" name="test_today_filter_excludes_future_tasks" time="0.796" /><testcase classname="backend.tests.test_campaign_task_resurrection_fix.TestCampaignTaskCompletionFlow" name="test_campaign_task_completion_marks_pending_send_done" time="2.455" /><testcase classname="backend.tests.test_campaign_task_resurrection_fix.TestCampaignTaskCompletionFlow" name="test_campaign_journey_shows_sent_after_task_complete" time="3.585" /><testcase classname="backend.tests.test_campaign_task_resurrection_fix.TestCampaignTaskCompletionFlow" name="test_today_only_shows_due_campaign_steps" time="2.303" /><testcase classname="backend.tests.test_campaign_task_resurrection_fix.TestSnoozeFlow" name="test_snoozed_task_disappears_from_today" time="0.959" /><testcase classname="backend.tests.test_campaign_task_resurrection_fix.TestSnoozeFlow" name="test_snooze_sets_correct_fields" time="0.765" /><testcase classname="backend.tests.test_campaign_task_resurrection_fix.TestCampaignJourneyAPI" name="test_campaign_journey_returns_list" time="0.636" /><testcase classname="backend.tests.test_campaign_task_resurrection_fix.TestCampaignJourneyAPI" name="test_campaign_journey_step_structure" time="1.175" /><testcase classname="backend.tests.test_campaign_task_resurrection_fix.TestCampaignJourneyAPI" name="test_campaign_journey_full_flow_mark_sent" time="2.603" /><testcase classname="backend.tests.test_campaign_task_resurrection_fix.TestTaskSummaryAPI" name="test_task_summary_returns_required_fields" time="0.583" /><testcase classname="backend.tests.test_campaign_task_resurrection_fix.TestTaskSummaryAPI" name="test_touchpoints_page_loads" time="0.526" /></testsuite></testsuites>