<?xml version="1.0" encoding="utf-8"?><testsuites name="pytest tests"><testsuite name="pytest" errors="0" failures="0" skipped="0" tests="15" time="2.362" timestamp="2026-03-07T11:38:30.287856+00:00" hostname="agent-env-8651593a-3219-43de-b9e7-99ba376b5ae0"><testcase classname="backend.tests.test_image_migration.TestImageMigrationEndpoints" name="test_showcase_photo_endpoint_exists" time="0.193" /><testcase classname="backend.tests.test_image_migration.TestImageMigrationEndpoints" name="test_showcase_user_photo_endpoint_exists" time="0.131" /><testcase classname="backend.tests.test_image_migration.TestImageMigrationEndpoints" name="test_showcase_store_logo_endpoint_exists" time="0.108" /><testcase classname="backend.tests.test_image_migration.TestImageMigrationEndpoints" name="test_showcase_feedback_photo_endpoint_exists" time="0.117" /><testcase classname="backend.tests.test_image_migration.TestImageMigrationEndpoints" name="test_user_photo_redirect_for_valid_user" time="0.104" /><testcase classname="backend.tests.test_image_migration.TestImageMigrationEndpoints" name="test_migrate_all_base64_super_admin_only" time="0.293" /><testcase classname="backend.tests.test_image_migration.TestImageMigrationEndpoints" name="test_migrate_all_base64_rejects_non_super_admin" time="0.140" /><testcase classname="backend.tests.test_image_migration.TestImageMigrationEndpoints" name="test_migrate_all_base64_no_user_header" time="0.098" /><testcase classname="backend.tests.test_image_migration.TestImageMigrationEndpoints" name="test_contacts_photos_returns_urls" time="0.457" /><testcase classname="backend.tests.test_image_migration.TestImageMigrationEndpoints" name="test_images_endpoint_cache_headers" time="0.109" /><testcase classname="backend.tests.test_image_migration.TestImageMigrationEndpoints" name="test_image_cache_stats_endpoint" time="0.106" /><testcase classname="backend.tests.test_image_migration.TestImageMigrationEndpoints" name="test_profile_photo_upload_endpoint" time="0.102" /><testcase classname="backend.tests.test_image_migration.TestImageMigrationEndpoints" name="test_showcase_user_returns_photo_urls" time="0.120" /><testcase classname="backend.tests.test_image_migration.TestRedirectBehavior" name="test_redirect_does_not_follow_automatically" time="0.107" /><testcase classname="backend.tests.test_image_migration.TestReviewPageLinkHandling" name="test_review_page_loads" time="0.096" /></testsuite></testsuites>