<?xml version="1.0" encoding="utf-8"?><testsuites name="pytest tests"><testsuite name="pytest" errors="0" failures="0" skipped="0" tests="12" time="1.740" timestamp="2026-03-24T04:40:45.771194+00:00" hostname="agent-env-4c466a1c-dd63-4e57-8274-6f963bbd6089"><testcase classname="backend.tests.test_training_templates_cards_fixes.TestTrainingTracksAutoSeed" name="test_get_tracks_returns_onboarding_videos" time="0.811" /><testcase classname="backend.tests.test_training_templates_cards_fixes.TestTrainingTracksAutoSeed" name="test_onboarding_videos_has_8_lessons" time="0.049" /><testcase classname="backend.tests.test_training_templates_cards_fixes.TestTrainingTracksAutoSeed" name="test_tracks_count_at_least_5" time="0.051" /><testcase classname="backend.tests.test_training_templates_cards_fixes.TestTemplatesWithTrackedShortURLs" name="test_get_templates_returns_training_video_templates" time="0.052" /><testcase classname="backend.tests.test_training_templates_cards_fixes.TestTemplatesWithTrackedShortURLs" name="test_training_video_templates_have_tracked_urls" time="0.051" /><testcase classname="backend.tests.test_training_templates_cards_fixes.TestTemplatesWithTrackedShortURLs" name="test_extract_short_code_from_template" time="0.052" /><testcase classname="backend.tests.test_training_templates_cards_fixes.TestShortURLStats" name="test_get_short_url_stats_for_training_video" time="0.099" /><testcase classname="backend.tests.test_training_templates_cards_fixes.TestShortURLRedirect" name="test_short_url_redirect_increments_click_count" time="0.242" /><testcase classname="backend.tests.test_training_templates_cards_fixes.TestCustomCardTemplates" name="test_save_custom_card_template" time="0.045" /><testcase classname="backend.tests.test_training_templates_cards_fixes.TestCustomCardTemplates" name="test_get_all_templates_includes_custom" time="0.045" /><testcase classname="backend.tests.test_training_templates_cards_fixes.TestCustomCardTemplates" name="test_standard_card_types_present" time="0.044" /><testcase classname="backend.tests.test_training_templates_cards_fixes.TestTrainingHubIntegration" name="test_get_track_detail_with_lessons" time="0.104" /></testsuite></testsuites>