<?xml version="1.0" encoding="utf-8"?><testsuites name="pytest tests"><testsuite name="pytest" errors="0" failures="0" skipped="0" tests="11" time="3.181" timestamp="2026-03-09T15:48:40.010201+00:00" hostname="agent-env-68795eca-dc02-4f47-9f75-40bcbbbaad45"><testcase classname="tests.test_recent_tag_photo_backfill.TestRecentTagAutoApply" name="test_congrats_create_auto_applies_recent_tag" time="0.748" /><testcase classname="tests.test_recent_tag_photo_backfill.TestRecentTagAutoApply" name="test_congrats_create_response_includes_expected_fields" time="0.628" /><testcase classname="tests.test_recent_tag_photo_backfill.TestRecentTagAutoCreate" name="test_get_tags_includes_recent_after_card_creation" time="0.114" /><testcase classname="tests.test_recent_tag_photo_backfill.TestRecentTagAutoCreate" name="test_recent_tag_properties_if_exists" time="0.131" /><testcase classname="tests.test_recent_tag_photo_backfill.TestPhotoBackfillForNewContacts" name="test_find_or_create_and_log_basic" time="0.102" /><testcase classname="tests.test_recent_tag_photo_backfill.TestPhotoBackfillForNewContacts" name="test_photo_backfill_flow" time="0.795" /><testcase classname="tests.test_recent_tag_photo_backfill.TestTagAssignWithSkipCampaign" name="test_assign_tag_with_skip_campaign" time="0.208" /><testcase classname="tests.test_recent_tag_photo_backfill.TestExpireRecentTagsScheduler" name="test_scheduler_state_endpoint" time="0.104" /><testcase classname="tests.test_recent_tag_photo_backfill.TestExpireRecentTagsScheduler" name="test_expire_recent_tags_function_exists" time="0.037" /><testcase classname="tests.test_recent_tag_photo_backfill.TestContactWithRecentTagTimestamp" name="test_contact_has_tag_timestamps_field" time="0.124" /><testcase classname="tests.test_recent_tag_photo_backfill.TestCardsApiEndpoints" name="test_get_card_history" time="0.127" /></testsuite></testsuites>