<?xml version="1.0" encoding="utf-8"?><testsuites name="pytest tests"><testsuite name="pytest" errors="0" failures="0" skipped="0" tests="12" time="7.544" timestamp="2026-04-02T21:18:50.690797+00:00" hostname="agent-env-ed2e0bed-a367-4d5c-a080-e18e539ff770"><testcase classname="backend.tests.test_campaign_removal_v2.TestRemovalEndpointBasics" name="test_remove_without_enrollment_id_returns_400" time="0.480" /><testcase classname="backend.tests.test_campaign_removal_v2.TestRemovalEndpointBasics" name="test_remove_with_invalid_enrollment_id_returns_404" time="0.264" /><testcase classname="backend.tests.test_campaign_removal_v2.TestCancelPendingSends" name="test_pending_and_pending_user_action_sends_cancelled" time="0.788" /><testcase classname="backend.tests.test_campaign_removal_v2.TestCampaignNotInJourneyAfterRemoval" name="test_archived_enrollment_excluded_from_journey" time="1.015" /><testcase classname="backend.tests.test_campaign_removal_v2.TestCampaignNotInJourneyAfterRemoval" name="test_cancelled_status_enrollment_excluded_from_journey" time="0.297" /><testcase classname="backend.tests.test_campaign_removal_v2.TestTasksDismissedAfterRemoval" name="test_remove_returns_dismissed_tasks_count" time="0.591" /><testcase classname="backend.tests.test_campaign_removal_v2.TestTasksDismissedAfterRemoval" name="test_today_tasks_do_not_contain_removed_campaign" time="0.763" /><testcase classname="backend.tests.test_campaign_removal_v2.TestReEnrollmentAfterRemoval" name="test_re_enrollment_allowed_after_removal" time="1.089" /><testcase classname="backend.tests.test_campaign_removal_v2.TestReEnrollmentAfterRemoval" name="test_re_enrollment_creates_fresh_pending_sends" time="1.043" /><testcase classname="backend.tests.test_campaign_removal_v2.TestJourneyQueryFilters" name="test_journey_returns_only_non_archived_non_cancelled" time="0.276" /><testcase classname="backend.tests.test_campaign_removal_v2.TestJourneyQueryFilters" name="test_journey_response_structure" time="0.231" /><testcase classname="backend.tests.test_campaign_removal_v2.TestRemoveResponseStructure" name="test_remove_response_has_required_fields" time="0.619" /></testsuite></testsuites>