<?xml version="1.0" encoding="utf-8"?><testsuites name="pytest tests"><testsuite name="pytest" errors="0" failures="0" skipped="3" tests="10" time="4.272" timestamp="2026-02-24T08:32:30.878139+00:00" hostname="agent-env-194d90bc-d608-49f7-b5fc-af16b1dd4597"><testcase classname="backend.tests.test_signup_onboarding.TestIndependentSignupFlow" name="test_independent_signup_with_account_type" time="0.448" /><testcase classname="backend.tests.test_signup_onboarding.TestIndependentSignupFlow" name="test_independent_signup_without_org_id" time="0.339" /><testcase classname="backend.tests.test_signup_onboarding.TestOrganizationSignupFlow" name="test_org_signup_gets_pending_status" time="0.627" /><testcase classname="backend.tests.test_signup_onboarding.TestPendingUsersCount" name="test_pending_count_returns_correct_value" time="0.672" /><testcase classname="backend.tests.test_signup_onboarding.TestPendingUsersCount" name="test_pending_count_not_affected_by_independent" time="0.443" /><testcase classname="backend.tests.test_signup_onboarding.TestAdminApproveFlow" name="test_approve_changes_status_to_active" time="0.631" /><testcase classname="backend.tests.test_signup_onboarding.TestAdminApproveFlow" name="test_approve_with_store_assignment" time="0.108"><skipped type="pytest.skip" message="No stores available for this org">/app/backend/tests/test_signup_onboarding.py:285: No stores available for this org</skipped></testcase><testcase classname="backend.tests.test_signup_onboarding.TestStoreDetailPage" name="test_store_detail_returns_users" time="0.107"><skipped type="pytest.skip" message="No stores available for testing">/app/backend/tests/test_signup_onboarding.py:341: No stores available for testing</skipped></testcase><testcase classname="backend.tests.test_signup_onboarding.TestStoreDetailPage" name="test_store_detail_users_have_required_fields" time="0.106"><skipped type="pytest.skip" message="No stores available for testing">/app/backend/tests/test_signup_onboarding.py:369: No stores available for testing</skipped></testcase><testcase classname="backend.tests.test_signup_onboarding.TestLoginWithPendingStatus" name="test_pending_user_can_login" time="0.569" /></testsuite></testsuites>