<?xml version="1.0" encoding="utf-8"?><testsuites name="pytest tests"><testsuite name="pytest" errors="0" failures="0" skipped="0" tests="18" time="5.159" timestamp="2026-03-13T06:32:07.932965+00:00" hostname="agent-env-68795eca-dc02-4f47-9f75-40bcbbbaad45"><testcase classname="backend.tests.test_channel_tracking.TestChannelTrackingBackend" name="test_log_event_with_channel" time="2.436" /><testcase classname="backend.tests.test_channel_tracking.TestChannelTrackingBackend" name="test_log_event_with_sms_channel" time="0.127" /><testcase classname="backend.tests.test_channel_tracking.TestChannelTrackingBackend" name="test_log_event_without_channel" time="0.109" /><testcase classname="backend.tests.test_channel_tracking.TestChannelTrackingBackend" name="test_master_feed_returns_channel" time="0.127" /><testcase classname="backend.tests.test_channel_tracking.TestChannelTrackingBackend" name="test_contact_events_returns_channel" time="0.141" /><testcase classname="backend.tests.test_channel_tracking.TestFindOrCreateWithChannel" name="test_find_or_create_with_event_channel" time="0.250" /><testcase classname="backend.tests.test_channel_tracking.TestFindOrCreateWithChannel" name="test_find_or_create_with_channel_alias" time="0.134" /><testcase classname="backend.tests.test_channel_tracking.TestLeadSourcesRouteOrdering" name="test_team_inbox_not_caught_by_source_id" time="0.155" /><testcase classname="backend.tests.test_channel_tracking.TestLeadSourcesRouteOrdering" name="test_user_inbox_not_caught_by_source_id" time="0.162" /><testcase classname="backend.tests.test_channel_tracking.TestLeadSourcesRouteOrdering" name="test_stats_returns_404_for_nonexistent" time="0.177" /><testcase classname="backend.tests.test_channel_tracking.TestLeadSourcesRouteOrdering" name="test_source_id_route_works_for_valid_format" time="0.185" /><testcase classname="backend.tests.test_channel_tracking.TestAllChannelTypes" name="test_all_channel_types[whatsapp]" time="0.125" /><testcase classname="backend.tests.test_channel_tracking.TestAllChannelTypes" name="test_all_channel_types[sms]" time="0.115" /><testcase classname="backend.tests.test_channel_tracking.TestAllChannelTypes" name="test_all_channel_types[email]" time="0.209" /><testcase classname="backend.tests.test_channel_tracking.TestAllChannelTypes" name="test_all_channel_types[messenger]" time="0.150" /><testcase classname="backend.tests.test_channel_tracking.TestAllChannelTypes" name="test_all_channel_types[telegram]" time="0.114" /><testcase classname="backend.tests.test_channel_tracking.TestAllChannelTypes" name="test_all_channel_types[linkedin]" time="0.123" /><testcase classname="backend.tests.test_channel_tracking.TestAllChannelTypes" name="test_all_channel_types[clipboard]" time="0.108" /></testsuite></testsuites>