<?xml version="1.0" encoding="utf-8"?><testsuites name="pytest tests"><testsuite name="pytest" errors="0" failures="0" skipped="0" tests="14" time="2.441" timestamp="2026-03-19T03:53:41.236088+00:00" hostname="agent-env-4c466a1c-dd63-4e57-8274-6f963bbd6089"><testcase classname="tests.test_seo_health_performance.TestSEOHealthScoreAPI" name="test_valid_user_returns_score_structure" time="0.183" /><testcase classname="tests.test_seo_health_performance.TestSEOHealthScoreAPI" name="test_five_factors_present_with_correct_structure" time="0.109" /><testcase classname="tests.test_seo_health_performance.TestSEOHealthScoreAPI" name="test_total_score_equals_sum_of_factors" time="0.116" /><testcase classname="tests.test_seo_health_performance.TestSEOHealthScoreAPI" name="test_invalid_user_id_returns_error" time="0.539" /><testcase classname="tests.test_seo_health_performance.TestSEOHealthScoreAPI" name="test_nonexistent_user_returns_not_found" time="0.111" /><testcase classname="tests.test_seo_health_performance.TestSEOHealthScoreAPI" name="test_caching_works_second_call_fast" time="0.221" /><testcase classname="tests.test_seo_health_performance.TestSEOHealthScoreAPI" name="test_skip_cache_recomputes_score" time="0.172" /><testcase classname="tests.test_seo_health_performance.TestSEOTeamScoresAPI" name="test_valid_store_returns_team_array" time="0.129" /><testcase classname="tests.test_seo_health_performance.TestSEOTeamScoresAPI" name="test_team_sorted_by_score_descending" time="0.109" /><testcase classname="tests.test_seo_health_performance.TestSEOTeamScoresAPI" name="test_invalid_store_id_returns_empty_team" time="0.166" /><testcase classname="tests.test_seo_health_performance.TestSEOTeamScoresAPI" name="test_null_store_id_returns_empty_team" time="0.112" /><testcase classname="tests.test_seo_health_performance.TestProfileChecks" name="test_profile_checks_boolean_values" time="0.105" /><testcase classname="tests.test_seo_health_performance.TestReviewsFactor" name="test_reviews_factor_has_details" time="0.124" /><testcase classname="tests.test_seo_health_performance.TestDistributionFactor" name="test_distribution_factor_has_details" time="0.158" /></testsuite></testsuites>