<?xml version="1.0" encoding="utf-8"?><testsuites name="pytest tests"><testsuite name="pytest" errors="0" failures="0" skipped="0" tests="11" time="1.590" timestamp="2026-02-28T04:24:00.257470+00:00" hostname="agent-env-8651593a-3219-43de-b9e7-99ba376b5ae0"><testcase classname="backend.tests.test_notifications_center_dashboard.TestNotificationCenterAPI" name="test_get_notifications_returns_data" time="0.185" /><testcase classname="backend.tests.test_notifications_center_dashboard.TestNotificationCenterAPI" name="test_get_notifications_filter_by_category" time="0.155" /><testcase classname="backend.tests.test_notifications_center_dashboard.TestNotificationCenterAPI" name="test_get_notifications_filter_by_leads" time="0.113" /><testcase classname="backend.tests.test_notifications_center_dashboard.TestNotificationCenterAPI" name="test_get_notifications_filter_by_tasks" time="0.123" /><testcase classname="backend.tests.test_notifications_center_dashboard.TestNotificationCenterAPI" name="test_get_unread_count" time="0.115" /><testcase classname="backend.tests.test_notifications_center_dashboard.TestNotificationCenterAPI" name="test_mark_notifications_read" time="0.223" /><testcase classname="backend.tests.test_notifications_center_dashboard.TestNotificationCenterAPI" name="test_mark_all_read" time="0.141" /><testcase classname="backend.tests.test_notifications_center_dashboard.TestAnalyticsDashboardAPI" name="test_dashboard_30_days" time="0.115" /><testcase classname="backend.tests.test_notifications_center_dashboard.TestAnalyticsDashboardAPI" name="test_dashboard_7_days" time="0.132" /><testcase classname="backend.tests.test_notifications_center_dashboard.TestAnalyticsDashboardAPI" name="test_dashboard_90_days" time="0.126" /><testcase classname="backend.tests.test_notifications_center_dashboard.TestAnalyticsDashboardAPI" name="test_dashboard_invalid_user" time="0.106" /></testsuite></testsuites>