<?xml version="1.0" encoding="utf-8"?><testsuites name="pytest tests"><testsuite name="pytest" errors="0" failures="0" skipped="0" tests="13" time="3.020" timestamp="2026-03-11T23:27:51.550663+00:00" hostname="agent-env-68795eca-dc02-4f47-9f75-40bcbbbaad45"><testcase classname="tests.test_contact_merge.TestDuplicateDetection" name="test_duplicates_endpoint_returns_200" time="0.222" /><testcase classname="tests.test_contact_merge.TestDuplicateDetection" name="test_duplicates_response_structure" time="0.180" /><testcase classname="tests.test_contact_merge.TestDuplicateDetection" name="test_duplicate_set_structure" time="0.200" /><testcase classname="tests.test_contact_merge.TestDuplicateDetection" name="test_contact_enrichment_fields" time="0.171" /><testcase classname="tests.test_contact_merge.TestDuplicateDetection" name="test_duplicates_sorted_by_activity" time="0.166" /><testcase classname="tests.test_contact_merge.TestMergeValidation" name="test_merge_rejects_missing_ids" time="0.173" /><testcase classname="tests.test_contact_merge.TestMergeValidation" name="test_merge_rejects_self_merge" time="0.312" /><testcase classname="tests.test_contact_merge.TestMergeValidation" name="test_merge_rejects_invalid_contact_id" time="0.121" /><testcase classname="tests.test_contact_merge.TestMergeValidation" name="test_merge_rejects_nonexistent_contact" time="0.134" /><testcase classname="tests.test_contact_merge.TestMergeValidation" name="test_merge_rejects_cross_user_contact" time="0.321" /><testcase classname="tests.test_contact_merge.TestMergeExecution" name="test_merge_success_returns_200" time="0.323" /><testcase classname="tests.test_contact_merge.TestMergeExecution" name="test_merge_result_verification" time="0.190" /><testcase classname="tests.test_contact_merge.TestMergeIdempotency" name="test_remerge_already_merged_contact_fails" time="0.426" /></testsuite></testsuites>