<?xml version="1.0" encoding="utf-8"?><testsuites name="pytest tests"><testsuite name="pytest" errors="0" failures="0" skipped="0" tests="26" time="14.735" timestamp="2026-09-02T21:03:05.620810+00:00" hostname="agent-env-ed2e0bed-a367-4d5c-a080-e18e539ff770"><testcase classname="tests.test_lead_after_hours_293" name="test_01_workflow_get_shape" time="0.722" /><testcase classname="tests.test_lead_after_hours_293" name="test_02_workflow_put_bad_time_400[25:99]" time="0.159" /><testcase classname="tests.test_lead_after_hours_293" name="test_02_workflow_put_bad_time_400[9:00]" time="0.157" /><testcase classname="tests.test_lead_after_hours_293" name="test_02_workflow_put_bad_time_400[abc]" time="0.170" /><testcase classname="tests.test_lead_after_hours_293" name="test_02_workflow_put_bad_time_400[]" time="0.176" /><testcase classname="tests.test_lead_after_hours_293" name="test_03_workflow_put_auth" time="0.847" /><testcase classname="tests.test_lead_after_hours_293" name="test_04_workflow_put_valid_persists" time="0.326" /><testcase classname="tests.test_lead_after_hours_293" name="test_05_partial_put_does_not_reset" time="0.626" /><testcase classname="tests.test_lead_after_hours_293" name="test_06_test_lead_bad_phone_400[123]" time="0.140" /><testcase classname="tests.test_lead_after_hours_293" name="test_06_test_lead_bad_phone_400[abc]" time="0.198" /><testcase classname="tests.test_lead_after_hours_293" name="test_06_test_lead_bad_phone_400[]" time="0.141" /><testcase classname="tests.test_lead_after_hours_293" name="test_06_test_lead_bad_phone_400[500555018]" time="0.159" /><testcase classname="tests.test_lead_after_hours_293" name="test_07_test_lead_auth" time="0.277" /><testcase classname="tests.test_lead_after_hours_293" name="test_08_test_lead_bad_source_404" time="0.177" /><testcase classname="tests.test_lead_after_hours_293" name="test_09_test_lead_in_hours" time="3.197" /><testcase classname="tests.test_lead_after_hours_293" name="test_10_window_closed_defers_and_staggers" time="2.400" /><testcase classname="tests.test_lead_after_hours_293" name="test_11_store_closed_jessi_takes_over" time="3.274" /><testcase classname="tests.test_lead_after_hours_293" name="test_12_deferred_action_release_sends" time="0.467" /><testcase classname="tests.test_lead_after_hours_293" name="test_13_deferred_action_cancelled_when_rep_replied" time="0.005" /><testcase classname="tests.test_lead_after_hours_293" name="test_14_deferred_job_fires_and_timeline" time="0.444" /><testcase classname="tests.test_lead_after_hours_293" name="test_15_timeline_auth" time="0.580" /><testcase classname="tests.test_lead_after_hours_293.TestTimingRules" name="test_ring_anyway_ignores_store_closed" time="0.015" /><testcase classname="tests.test_lead_after_hours_293.TestTimingRules" name="test_text_and_ai_defers_ladder_only" time="0.002" /><testcase classname="tests.test_lead_after_hours_293.TestTimingRules" name="test_both_gates_closed_at_3am" time="0.002" /><testcase classname="tests.test_lead_after_hours_293.TestTimingRules" name="test_customer_timezone_from_area_code" time="0.001" /><testcase classname="tests.test_lead_after_hours_293.TestTimingRules" name="test_window_uses_customer_local_time" time="0.003" /></testsuite></testsuites>