<?xml version="1.0" encoding="utf-8"?><testsuites name="pytest tests"><testsuite name="pytest" errors="0" failures="0" skipped="0" tests="8" time="1.319" timestamp="2026-03-08T18:15:47.752136+00:00" hostname="agent-env-8651593a-3219-43de-b9e7-99ba376b5ae0"><testcase classname="backend.tests.test_digital_card_label_bugfix.TestDigitalCardLabelBugFix" name="test_thread_api_returns_event_type" time="0.217" /><testcase classname="backend.tests.test_digital_card_label_bugfix.TestDigitalCardLabelBugFix" name="test_event_type_digital_card_sent" time="0.119" /><testcase classname="backend.tests.test_digital_card_label_bugfix.TestDigitalCardLabelBugFix" name="test_event_type_congrats_card_sent_with_digital_content" time="0.170" /><testcase classname="backend.tests.test_digital_card_label_bugfix.TestDigitalCardLabelBugFix" name="test_event_type_birthday_card_sent" time="0.121" /><testcase classname="backend.tests.test_digital_card_label_bugfix.TestDigitalCardLabelBugFix" name="test_event_type_holiday_card_sent" time="0.110" /><testcase classname="backend.tests.test_digital_card_label_bugfix.TestDigitalCardLabelBugFix" name="test_event_type_review_request_sent" time="0.123" /><testcase classname="backend.tests.test_digital_card_label_bugfix.TestMessageSendWithEventType" name="test_send_personal_sms_with_digital_card_event_type" time="0.393" /><testcase classname="backend.tests.test_digital_card_label_bugfix.TestFrontendLabelLogic" name="test_document_label_detection_rules" time="0.000" /></testsuite></testsuites>