<?xml version="1.0" encoding="utf-8"?><testsuites name="pytest tests"><testsuite name="pytest" errors="0" failures="0" skipped="0" tests="5" time="0.837" timestamp="2026-03-07T09:52:07.601995+00:00" hostname="agent-env-8651593a-3219-43de-b9e7-99ba376b5ae0"><testcase classname="backend.tests.test_permissions_api.TestPermissionsAPI" name="test_login_returns_feature_permissions" time="0.160" /><testcase classname="backend.tests.test_permissions_api.TestPermissionsAPI" name="test_get_permissions_endpoint" time="0.108" /><testcase classname="backend.tests.test_permissions_api.TestPermissionsAPI" name="test_put_permissions_endpoint" time="0.317" /><testcase classname="backend.tests.test_permissions_api.TestPermissionsAPI" name="test_permissions_require_admin" time="0.000" /><testcase classname="backend.tests.test_permissions_api.TestPermissionsAPI" name="test_default_permissions_structure" time="0.142" /></testsuite></testsuites>