<?xml version="1.0" encoding="utf-8"?><testsuites name="pytest tests"><testsuite name="pytest" errors="0" failures="0" skipped="0" tests="12" time="1.895" timestamp="2026-02-28T05:45:53.265368+00:00" hostname="agent-env-8651593a-3219-43de-b9e7-99ba376b5ae0"><testcase classname="tests.test_ui_ux_audit.TestUserActivityAllTime" name="test_user_activity_all_time_returns_valid_data" time="0.134" /><testcase classname="tests.test_ui_ux_audit.TestUserActivityAllTime" name="test_user_activity_today_period" time="0.113" /><testcase classname="tests.test_ui_ux_audit.TestUserActivityAllTime" name="test_user_activity_week_period" time="0.117" /><testcase classname="tests.test_ui_ux_audit.TestUserActivityAllTime" name="test_user_activity_month_period" time="0.110" /><testcase classname="tests.test_ui_ux_audit.TestUserActivityAllTime" name="test_user_activity_year_period" time="0.109" /><testcase classname="tests.test_ui_ux_audit.TestUserActivityAllTime" name="test_user_activity_custom_period" time="0.124" /><testcase classname="tests.test_ui_ux_audit.TestConversationArchive" name="test_get_conversations" time="0.124" /><testcase classname="tests.test_ui_ux_audit.TestConversationArchive" name="test_archive_conversation" time="0.335" /><testcase classname="tests.test_ui_ux_audit.TestConversationArchive" name="test_restore_conversation" time="0.322" /><testcase classname="tests.test_ui_ux_audit.TestCompanyDocs" name="test_docs_list_endpoint_exists" time="0.102" /><testcase classname="tests.test_ui_ux_audit.TestHealthAndBasicEndpoints" name="test_health_endpoint" time="0.130" /><testcase classname="tests.test_ui_ux_audit.TestHealthAndBasicEndpoints" name="test_backend_accessible" time="0.106" /></testsuite></testsuites>