<?xml version="1.0" encoding="utf-8"?><testsuites name="pytest tests"><testsuite name="pytest" errors="0" failures="0" skipped="0" tests="8" time="2.709" timestamp="2026-03-02T00:53:49.619277+00:00" hostname="agent-env-8651593a-3219-43de-b9e7-99ba376b5ae0"><testcase classname="tests.test_linkpage_autosync.TestLinkPageAutoSync" name="test_user_profile_has_social_links" time="0.338" /><testcase classname="tests.test_linkpage_autosync.TestLinkPageAutoSync" name="test_linkpage_has_social_links_structure" time="0.241" /><testcase classname="tests.test_linkpage_autosync.TestLinkPageAutoSync" name="test_reset_social_links_to_empty" time="0.430" /><testcase classname="tests.test_linkpage_autosync.TestLinkPageAutoSync" name="test_auto_sync_from_profile" time="0.624" /><testcase classname="tests.test_linkpage_autosync.TestLinkPageAutoSync" name="test_public_page_shows_synced_links" time="0.263" /><testcase classname="tests.test_linkpage_autosync.TestLinkPageSocialLinksVerification" name="test_facebook_username_extracted" time="0.253" /><testcase classname="tests.test_linkpage_autosync.TestLinkPageSocialLinksVerification" name="test_instagram_username_extracted" time="0.223" /><testcase classname="tests.test_linkpage_autosync.TestLinkPageSocialLinksVerification" name="test_linkedin_username_extracted" time="0.269" /></testsuite></testsuites>