<?xml version="1.0" encoding="utf-8"?><testsuites name="pytest tests"><testsuite name="pytest" errors="0" failures="0" skipped="0" tests="21" time="4.384" timestamp="2026-03-28T16:02:32.339272+00:00" hostname="agent-env-ed2e0bed-a367-4d5c-a080-e18e539ff770"><testcase classname="backend.tests.test_predeployment_regression_252.TestAuth" name="test_admin_login_success" time="0.412" /><testcase classname="backend.tests.test_predeployment_regression_252.TestAuth" name="test_matt_login_success_not_onboarding" time="0.333" /><testcase classname="backend.tests.test_predeployment_regression_252.TestAuth" name="test_wrong_password_returns_error" time="0.334" /><testcase classname="backend.tests.test_predeployment_regression_252.TestAuth" name="test_wrong_password_admin_returns_error" time="0.329" /><testcase classname="backend.tests.test_predeployment_regression_252.TestImpersonation" name="test_impersonate_matt_returns_success" time="0.510" /><testcase classname="backend.tests.test_predeployment_regression_252.TestImpersonation" name="test_impersonate_response_is_json_serializable" time="0.154" /><testcase classname="backend.tests.test_predeployment_regression_252.TestImpersonation" name="test_impersonate_invalid_user_returns_404" time="0.112" /><testcase classname="backend.tests.test_predeployment_regression_252.TestHierarchy" name="test_role_update_returns_ok" time="0.110" /><testcase classname="backend.tests.test_predeployment_regression_252.TestHierarchy" name="test_role_update_invalid_role_returns_400" time="0.111" /><testcase classname="backend.tests.test_predeployment_regression_252.TestHierarchy" name="test_role_update_unauthenticated_returns_401" time="0.098" /><testcase classname="backend.tests.test_predeployment_regression_252.TestAdminListEndpoints" name="test_get_users_list" time="0.210" /><testcase classname="backend.tests.test_predeployment_regression_252.TestAdminListEndpoints" name="test_get_hierarchy_overview" time="0.150" /><testcase classname="backend.tests.test_predeployment_regression_252.TestAdminListEndpoints" name="test_get_roles" time="0.092" /><testcase classname="backend.tests.test_predeployment_regression_252.TestAdminListEndpoints" name="test_get_platform_stats" time="0.123" /><testcase classname="backend.tests.test_predeployment_regression_252.TestAdminListEndpoints" name="test_get_billing_summary" time="0.127" /><testcase classname="backend.tests.test_predeployment_regression_252.TestAdminListEndpoints" name="test_get_permissions" time="0.133" /><testcase classname="backend.tests.test_predeployment_regression_252.TestMasterFeed" name="test_master_feed_response_time" time="0.110" /><testcase classname="backend.tests.test_predeployment_regression_252.TestMasterFeed" name="test_master_feed_limit_respected" time="0.104" /><testcase classname="backend.tests.test_predeployment_regression_252.TestPhotoUpload" name="test_patch_rejects_base64_photo_url" time="0.131" /><testcase classname="backend.tests.test_predeployment_regression_252.TestPhotoUpload" name="test_profile_photo_upload_multipart" time="0.505" /><testcase classname="backend.tests.test_predeployment_regression_252.TestHealth" name="test_health_check" time="0.126" /></testsuite></testsuites>