<?xml version="1.0" encoding="utf-8"?><testsuites name="pytest tests"><testsuite name="pytest" errors="0" failures="0" skipped="0" tests="10" time="4.711" timestamp="2026-03-14T16:44:32.597419+00:00" hostname="agent-env-68795eca-dc02-4f47-9f75-40bcbbbaad45"><testcase classname="backend.tests.test_brand_kit_page_theme.TestBrandKitPageTheme" name="test_get_brand_kit_returns_page_theme" time="0.976" /><testcase classname="backend.tests.test_brand_kit_page_theme.TestBrandKitPageTheme" name="test_put_brand_kit_with_dark_theme" time="0.610" /><testcase classname="backend.tests.test_brand_kit_page_theme.TestBrandKitPageTheme" name="test_put_brand_kit_with_light_theme" time="0.530" /><testcase classname="backend.tests.test_brand_kit_page_theme.TestBrandKitPageTheme" name="test_put_brand_kit_with_multiple_fields" time="0.553" /><testcase classname="backend.tests.test_brand_kit_page_theme.TestDigitalCardDataAPI" name="test_card_data_returns_brand_kit_object" time="0.129" /><testcase classname="backend.tests.test_brand_kit_page_theme.TestDigitalCardDataAPI" name="test_card_data_brand_kit_includes_page_theme" time="0.154" /><testcase classname="backend.tests.test_brand_kit_page_theme.TestDigitalCardDataAPI" name="test_card_data_brand_kit_includes_primary_color" time="0.174" /><testcase classname="backend.tests.test_brand_kit_page_theme.TestDigitalCardDataAPI" name="test_card_data_brand_kit_includes_all_theme_fields" time="0.148" /><testcase classname="backend.tests.test_brand_kit_page_theme.TestThemePersistence" name="test_theme_change_reflects_in_card_data" time="0.834" /><testcase classname="backend.tests.test_brand_kit_page_theme.TestThemePersistence" name="test_primary_color_change_reflects_in_card_data" time="0.525" /></testsuite></testsuites>