<?xml version="1.0" encoding="utf-8"?><testsuites name="pytest tests"><testsuite name="pytest" errors="0" failures="0" skipped="0" tests="9" time="6.754" timestamp="2026-03-08T15:38:30.997516+00:00" hostname="agent-env-8651593a-3219-43de-b9e7-99ba376b5ae0"><testcase classname="backend.tests.test_card_labeling_fix.TestCardCreationWithType" name="test_create_congrats_card_default_type" time="1.412" /><testcase classname="backend.tests.test_card_labeling_fix.TestCardCreationWithType" name="test_create_birthday_card_explicit_type" time="0.889" /><testcase classname="backend.tests.test_card_labeling_fix.TestCardCreationWithType" name="test_create_anniversary_card" time="0.783" /><testcase classname="backend.tests.test_card_labeling_fix.TestCardCreationWithType" name="test_create_thankyou_card" time="0.884" /><testcase classname="backend.tests.test_card_labeling_fix.TestCardCreationWithType" name="test_create_welcome_card" time="0.721" /><testcase classname="backend.tests.test_card_labeling_fix.TestCardCreationWithType" name="test_create_holiday_card" time="0.832" /><testcase classname="backend.tests.test_card_labeling_fix.TestMessagesEventType" name="test_send_message_with_explicit_event_type" time="0.147" /><testcase classname="backend.tests.test_card_labeling_fix.TestCardDisplayConfig" name="test_card_types_have_correct_defaults" time="0.700" /><testcase classname="backend.tests.test_card_labeling_fix.TestCardHistory" name="test_card_history_includes_card_type" time="0.296" /></testsuite></testsuites>