<?xml version="1.0" encoding="utf-8"?><testsuites name="pytest tests"><testsuite name="pytest" errors="0" failures="1" skipped="0" tests="11" time="2.711" timestamp="2026-03-01T17:50:59.888820+00:00" hostname="agent-env-8651593a-3219-43de-b9e7-99ba376b5ae0"><testcase classname="backend.tests.test_contact_find_or_create.TestContactFindOrCreateAndLog" name="test_create_new_contact_with_phone" time="0.213" /><testcase classname="backend.tests.test_contact_find_or_create.TestContactFindOrCreateAndLog" name="test_create_new_contact_with_email" time="0.108" /><testcase classname="backend.tests.test_contact_find_or_create.TestContactFindOrCreateAndLog" name="test_find_existing_contact_by_phone_exact_match_name" time="0.292" /><testcase classname="backend.tests.test_contact_find_or_create.TestContactFindOrCreateAndLog" name="test_find_existing_contact_phone_last_10_digits" time="0.288"><failure message="AssertionError: Should match by last 10 digits&#10;assert '69a47c84a61138c08044c50c' == '69a47c84a61138c08044c509'&#10;  &#10;  - 69a47c84a61138c08044c509&#10;  ?                        ^&#10;  + 69a47c84a61138c08044c50c&#10;  ?                        ^">backend/tests/test_contact_find_or_create.py:130: in test_find_existing_contact_phone_last_10_digits
    assert data["contact_id"] == contact_id, "Should match by last 10 digits"
E   AssertionError: Should match by last 10 digits
E   assert '69a47c84a61138c08044c50c' == '69a47c84a61138c08044c509'
E     
E     - 69a47c84a61138c08044c509
E     ?                        ^
E     + 69a47c84a61138c08044c50c
E     ?                        ^</failure></testcase><testcase classname="backend.tests.test_contact_find_or_create.TestContactFindOrCreateAndLog" name="test_needs_confirmation_on_name_mismatch" time="0.265" /><testcase classname="backend.tests.test_contact_find_or_create.TestContactFindOrCreateAndLog" name="test_force_action_use_existing" time="0.321" /><testcase classname="backend.tests.test_contact_find_or_create.TestContactFindOrCreateAndLog" name="test_force_action_update_name" time="0.238" /><testcase classname="backend.tests.test_contact_find_or_create.TestContactFindOrCreateAndLog" name="test_force_action_create_new" time="0.246" /><testcase classname="backend.tests.test_contact_find_or_create.TestContactFindOrCreateAndLog" name="test_missing_phone_and_email_returns_error" time="0.118" /><testcase classname="backend.tests.test_contact_find_or_create.TestContactFindOrCreateAndLog" name="test_email_merge_to_existing_contact" time="0.271" /><testcase classname="backend.tests.test_contact_find_or_create.TestContactEventsLogging" name="test_event_logged_on_contact_create" time="0.250" /></testsuite></testsuites>