<?xml version="1.0" encoding="utf-8"?><testsuites name="pytest tests"><testsuite name="pytest" errors="0" failures="0" skipped="0" tests="12" time="38.099" timestamp="2026-03-10T04:26:50.043413+00:00" hostname="agent-env-68795eca-dc02-4f47-9f75-40bcbbbaad45"><testcase classname="backend.tests.test_unified_texts_metric.TestUnifiedTextsMetric" name="test_daily_summary_texts_includes_card_sends" time="36.419" /><testcase classname="backend.tests.test_unified_texts_metric.TestUnifiedTextsMetric" name="test_performance_texts_includes_card_sends" time="0.159" /><testcase classname="backend.tests.test_unified_texts_metric.TestUnifiedTextsMetric" name="test_performance_all_time_texts_greater_than_old_sms_only" time="0.194" /><testcase classname="backend.tests.test_unified_texts_metric.TestUnifiedTextsMetric" name="test_performance_detail_texts_returns_card_events" time="0.174" /><testcase classname="backend.tests.test_unified_texts_metric.TestUnifiedTextsMetric" name="test_leaderboard_sms_category_includes_card_sends" time="0.161" /><testcase classname="backend.tests.test_unified_texts_metric.TestUnifiedTextsMetric" name="test_team_hot_leads_texts_includes_card_sends" time="0.115" /><testcase classname="backend.tests.test_unified_texts_metric.TestUnifiedTextsMetric" name="test_total_touchpoints_no_double_counting" time="0.118" /><testcase classname="backend.tests.test_unified_texts_metric.TestUnifiedTextsMetric" name="test_performance_detail_all_text_categories" time="0.102" /><testcase classname="backend.tests.test_unified_texts_metric.TestUnifiedTextsMetric" name="test_card_shares_overlap_with_texts" time="0.195" /><testcase classname="backend.tests.test_unified_texts_metric.TestLeaderboardCategories" name="test_leaderboard_categories_sms_label" time="0.158" /><testcase classname="backend.tests.test_unified_texts_metric.TestLeaderboardCategories" name="test_leaderboard_cards_category_separate" time="0.117" /><testcase classname="backend.tests.test_unified_texts_metric.TestEngagementDashboard" name="test_engagement_dashboard_team_stats_texts" time="0.116" /></testsuite></testsuites>