<?xml version="1.0" encoding="utf-8"?><testsuites name="pytest tests"><testsuite name="pytest" errors="0" failures="0" skipped="0" tests="14" time="3.058" timestamp="2026-03-07T18:12:42.657530+00:00" hostname="agent-env-8651593a-3219-43de-b9e7-99ba376b5ae0"><testcase classname="backend.tests.test_unified_card_system.TestUnifiedCardSystem" name="test_01_congrats_card_endpoint_exists" time="0.327" /><testcase classname="backend.tests.test_unified_card_system.TestUnifiedCardSystem" name="test_02_legacy_birthday_routes_removed" time="0.408" /><testcase classname="backend.tests.test_unified_card_system.TestUnifiedCardSystem" name="test_03_congrats_history_endpoint" time="0.183" /><testcase classname="backend.tests.test_unified_card_system.TestUnifiedCardSystem" name="test_04_track_card_action_endpoint" time="0.105" /><testcase classname="backend.tests.test_unified_card_system.TestUnifiedCardSystem" name="test_05_card_image_endpoint" time="0.138" /><testcase classname="backend.tests.test_unified_card_system.TestImageMigrationButton" name="test_01_migrate_endpoint_requires_user_id" time="0.148" /><testcase classname="backend.tests.test_unified_card_system.TestImageMigrationButton" name="test_02_migrate_endpoint_with_valid_super_admin" time="0.312" /><testcase classname="backend.tests.test_unified_card_system.TestImageMigrationButton" name="test_03_migrate_endpoint_rejects_non_super_admin" time="0.149" /><testcase classname="backend.tests.test_unified_card_system.TestCardSystemWithExistingCards" name="test_01_get_existing_card_data" time="0.518" /><testcase classname="backend.tests.test_unified_card_system.TestCardSystemWithExistingCards" name="test_02_track_download_action" time="0.154" /><testcase classname="backend.tests.test_unified_card_system.TestCardSystemWithExistingCards" name="test_03_track_share_action" time="0.109" /><testcase classname="backend.tests.test_unified_card_system.TestCardSystemWithExistingCards" name="test_04_get_card_image" time="0.224" /><testcase classname="backend.tests.test_unified_card_system.TestCardSystemWithExistingCards" name="test_05_invalid_track_action_rejected" time="0.106" /><testcase classname="backend.tests.test_unified_card_system.TestBirthdayCardFrontendRoute" name="test_01_birthday_card_page_loads" time="0.102" /></testsuite></testsuites>