<?xml version="1.0" encoding="utf-8"?><testsuites name="pytest tests"><testsuite name="pytest" errors="0" failures="0" skipped="0" tests="10" time="4.267" timestamp="2026-03-02T00:42:10.640972+00:00" hostname="agent-env-8651593a-3219-43de-b9e7-99ba376b5ae0"><testcase classname="backend.tests.test_linkpage_social_links.TestSocialLinksUserEndpoint" name="test_get_user_link_page_has_social_links" time="0.366" /><testcase classname="backend.tests.test_linkpage_social_links.TestSocialLinksUserEndpoint" name="test_social_links_expected_values" time="0.252" /><testcase classname="backend.tests.test_linkpage_social_links.TestSocialLinksUpdate" name="test_update_social_links" time="0.769" /><testcase classname="backend.tests.test_linkpage_social_links.TestPublicPageBuiltSocialLinks" name="test_public_page_has_built_social_links" time="0.229" /><testcase classname="backend.tests.test_linkpage_social_links.TestPublicPageBuiltSocialLinks" name="test_built_social_links_have_full_urls" time="0.217" /><testcase classname="backend.tests.test_linkpage_social_links.TestPublicPageBuiltSocialLinks" name="test_built_social_links_only_visible" time="1.271" /><testcase classname="backend.tests.test_linkpage_social_links.TestPublicPageContactLinks" name="test_public_page_has_contact_links" time="0.287" /><testcase classname="backend.tests.test_linkpage_social_links.TestPublicPageContactLinks" name="test_contact_links_structure" time="0.348" /><testcase classname="backend.tests.test_linkpage_social_links.TestPublicPageContactLinks" name="test_contact_links_expected_values" time="0.235" /><testcase classname="backend.tests.test_linkpage_social_links.TestLinkPageBackwardCompatibility" name="test_public_page_still_has_links_array" time="0.211" /></testsuite></testsuites>