<?xml version="1.0" encoding="utf-8"?><testsuites name="pytest tests"><testsuite name="pytest" errors="0" failures="0" skipped="0" tests="6" time="1.588" timestamp="2026-03-02T20:17:46.669882+00:00" hostname="agent-env-8651593a-3219-43de-b9e7-99ba376b5ae0"><testcase classname="backend.tests.test_timezone_fix.TestTimezoneFixBackend" name="test_login_has_timezone_field" time="1.162" /><testcase classname="backend.tests.test_timezone_fix.TestTimezoneFixBackend" name="test_contact_events_timestamps_have_z" time="0.075" /><testcase classname="backend.tests.test_timezone_fix.TestTimezoneFixBackend" name="test_contacts_list_timestamps_have_z" time="0.071" /><testcase classname="backend.tests.test_timezone_fix.TestTimezoneFixBackend" name="test_master_feed_timestamps_have_z" time="0.066" /><testcase classname="backend.tests.test_timezone_fix.TestTimezoneFixBackend" name="test_activity_feed_timestamps_have_z" time="0.074" /><testcase classname="backend.tests.test_timezone_fix.TestTimezoneFixBackend" name="test_specific_contact_timestamps" time="0.060" /></testsuite></testsuites>