<?xml version="1.0" encoding="utf-8"?><testsuites name="pytest tests"><testsuite name="pytest" errors="0" failures="0" skipped="0" tests="11" time="2.091" timestamp="2026-03-04T22:26:55.842298+00:00" hostname="agent-env-8651593a-3219-43de-b9e7-99ba376b5ae0"><testcase classname="backend.tests.test_action_items_activity_feed.TestActivityFeed" name="test_activity_feed_returns_contact_events" time="0.236" /><testcase classname="backend.tests.test_action_items_activity_feed.TestActivityFeed" name="test_activity_items_have_entity_ids" time="0.154" /><testcase classname="backend.tests.test_action_items_activity_feed.TestActivityFeed" name="test_activity_items_have_icon_colors" time="0.160" /><testcase classname="backend.tests.test_action_items_activity_feed.TestPendingTasks" name="test_get_pending_tasks" time="0.111" /><testcase classname="backend.tests.test_action_items_activity_feed.TestPendingTasks" name="test_pending_tasks_sorted_by_due_date" time="0.121" /><testcase classname="backend.tests.test_action_items_activity_feed.TestPendingTasks" name="test_task_structure" time="0.139" /><testcase classname="backend.tests.test_action_items_activity_feed.TestTaskCompletion" name="test_create_and_complete_task" time="0.546" /><testcase classname="backend.tests.test_action_items_activity_feed.TestTaskCompletion" name="test_complete_nonexistent_task_returns_404" time="0.142" /><testcase classname="backend.tests.test_action_items_activity_feed.TestActivityEventTypes" name="test_activity_feed_event_types" time="0.159" /><testcase classname="backend.tests.test_action_items_activity_feed.TestErrorHandling" name="test_invalid_user_returns_404" time="0.119" /><testcase classname="backend.tests.test_action_items_activity_feed.TestErrorHandling" name="test_activity_feed_with_limit_parameter" time="0.133" /></testsuite></testsuites>