<?xml version="1.0" encoding="utf-8"?><testsuites name="pytest tests"><testsuite name="pytest" errors="0" failures="0" skipped="0" tests="13" time="4.394" timestamp="2026-03-23T01:08:32.880412+00:00" hostname="agent-env-4c466a1c-dd63-4e57-8274-6f963bbd6089"><testcase classname="backend.tests.test_production_readiness_238.TestEmergencyResetRemoved" name="test_emergency_reset_post_returns_404_or_405" time="0.284" /><testcase classname="backend.tests.test_production_readiness_238.TestEmergencyResetRemoved" name="test_emergency_reset_get_returns_404_or_405" time="0.117" /><testcase classname="backend.tests.test_production_readiness_238.TestLoginFlow" name="test_login_with_valid_credentials" time="0.523" /><testcase classname="backend.tests.test_production_readiness_238.TestLoginFlow" name="test_login_with_invalid_credentials" time="0.368" /><testcase classname="backend.tests.test_production_readiness_238.TestContactsAPI" name="test_get_contacts_default" time="0.554" /><testcase classname="backend.tests.test_production_readiness_238.TestContactsAPI" name="test_get_contacts_sort_by_recent" time="0.572" /><testcase classname="backend.tests.test_production_readiness_238.TestContactsAPI" name="test_get_contacts_sort_by_alpha" time="0.687" /><testcase classname="backend.tests.test_production_readiness_238.TestContactsAPI" name="test_get_contacts_team_view_mode" time="0.617" /><testcase classname="backend.tests.test_production_readiness_238.TestContactsAPI" name="test_get_contacts_search" time="0.527" /><testcase classname="backend.tests.test_production_readiness_238.TestEmailSignatureInBrandContext" name="test_brand_context_has_signature_fields" time="0.007" /><testcase classname="backend.tests.test_production_readiness_238.TestMongoDBIndexes" name="test_indexes_defined_in_server_startup" time="0.000" /><testcase classname="backend.tests.test_production_readiness_238.TestPhotoBackfillAsync" name="test_photo_backfill_uses_asyncio_create_task" time="0.000" /><testcase classname="backend.tests.test_production_readiness_238.TestRaceConditionFix" name="test_contacts_tsx_has_request_seq" time="0.000" /></testsuite></testsuites>