<?xml version="1.0" encoding="utf-8"?><testsuites name="pytest tests"><testsuite name="pytest" errors="0" failures="0" skipped="0" tests="8" time="1.796" timestamp="2026-02-27T23:21:43.738129+00:00" hostname="agent-env-8651593a-3219-43de-b9e7-99ba376b5ae0"><testcase classname="backend.tests.test_email_flow_bugfix.TestEmailFlowBugFix" name="test_conversations_returns_email_in_contact" time="0.156" /><testcase classname="backend.tests.test_email_flow_bugfix.TestEmailFlowBugFix" name="test_conversation_info_returns_contact_email" time="0.105" /><testcase classname="backend.tests.test_email_flow_bugfix.TestEmailFlowBugFix" name="test_send_email_with_channel_email" time="0.377" /><testcase classname="backend.tests.test_email_flow_bugfix.TestCTRAnalytics" name="test_user_activity_endpoint_exists" time="0.117" /><testcase classname="backend.tests.test_email_flow_bugfix.TestCTRAnalytics" name="test_user_activity_has_ctr_data" time="0.128" /><testcase classname="backend.tests.test_email_flow_bugfix.TestCTRAnalytics" name="test_user_activity_period_variations" time="0.505" /><testcase classname="backend.tests.test_email_flow_bugfix.TestConversationEmailField" name="test_single_conversation_has_contact_info" time="0.252" /><testcase classname="backend.tests.test_email_flow_bugfix.TestConversationEmailField" name="test_thread_messages_endpoint" time="0.102" /></testsuite></testsuites>