<?xml version="1.0" encoding="utf-8"?><testsuites name="pytest tests"><testsuite name="pytest" errors="0" failures="0" skipped="0" tests="11" time="1.706" timestamp="2026-03-09T16:33:52.008374+00:00" hostname="agent-env-68795eca-dc02-4f47-9f75-40bcbbbaad45"><testcase classname="backend.tests.test_event_tracking_quicksend.TestEventTrackingAPIs" name="test_log_contact_event_digital_card_shared" time="0.171" /><testcase classname="backend.tests.test_event_tracking_quicksend.TestEventTrackingAPIs" name="test_log_contact_event_review_invite_sent" time="0.106" /><testcase classname="backend.tests.test_event_tracking_quicksend.TestEventTrackingAPIs" name="test_log_contact_event_showcase_shared" time="0.167" /><testcase classname="backend.tests.test_event_tracking_quicksend.TestEventTrackingAPIs" name="test_find_or_create_and_log_new_contact" time="0.155" /><testcase classname="backend.tests.test_event_tracking_quicksend.TestEventTrackingAPIs" name="test_find_or_create_and_log_showcase_event" time="0.135" /><testcase classname="backend.tests.test_event_tracking_quicksend.TestEventTrackingAPIs" name="test_find_or_create_and_log_birthday_event" time="0.123" /><testcase classname="backend.tests.test_event_tracking_quicksend.TestPerformanceDashboardIntegration" name="test_performance_endpoint_returns_data" time="0.153" /><testcase classname="backend.tests.test_event_tracking_quicksend.TestPerformanceDashboardIntegration" name="test_performance_week_period" time="0.177" /><testcase classname="backend.tests.test_event_tracking_quicksend.TestPerformanceDashboardIntegration" name="test_performance_includes_contact_events" time="0.230" /><testcase classname="backend.tests.test_event_tracking_quicksend.TestContactEventsEndpoint" name="test_get_contact_events" time="0.108" /><testcase classname="backend.tests.test_event_tracking_quicksend.TestOldBrokenEndpoint" name="test_messages_send_without_conversation_id_returns_404" time="0.107" /></testsuite></testsuites>