<?xml version="1.0" encoding="utf-8"?><testsuites name="pytest tests"><testsuite name="pytest" errors="0" failures="0" skipped="0" tests="18" time="6.591" timestamp="2026-03-16T17:37:28.641485+00:00" hostname="agent-env-68795eca-dc02-4f47-9f75-40bcbbbaad45"><testcase classname="tests.test_csv_import.TestCSVPreviewEndpoint" name="test_preview_csv_upload_success" time="0.836" /><testcase classname="tests.test_csv_import.TestCSVPreviewEndpoint" name="test_preview_returns_duplicate_detection" time="0.331" /><testcase classname="tests.test_csv_import.TestCSVPreviewEndpoint" name="test_preview_contact_has_phones_array" time="0.383" /><testcase classname="tests.test_csv_import.TestCSVPreviewEndpoint" name="test_preview_contact_has_emails_array" time="0.274" /><testcase classname="tests.test_csv_import.TestCSVPreviewEndpoint" name="test_preview_contact_has_organization_name" time="0.274" /><testcase classname="tests.test_csv_import.TestCSVPreviewEndpoint" name="test_preview_rejects_non_csv_file" time="0.116" /><testcase classname="tests.test_csv_import.TestCSVPreviewEndpoint" name="test_preview_primary_phone_selection" time="0.275" /><testcase classname="tests.test_csv_import.TestCSVPreviewEndpoint" name="test_preview_skips_contacts_without_phone_or_email" time="0.290" /><testcase classname="tests.test_csv_import.TestCSVConfirmEndpoint" name="test_confirm_import_creates_contacts" time="0.343" /><testcase classname="tests.test_csv_import.TestCSVConfirmEndpoint" name="test_confirm_import_sets_correct_source_and_tags" time="0.428" /><testcase classname="tests.test_csv_import.TestCSVConfirmEndpoint" name="test_confirm_import_stores_phones_emails_arrays" time="0.555" /><testcase classname="tests.test_csv_import.TestCSVConfirmEndpoint" name="test_confirm_skips_duplicates" time="0.369" /><testcase classname="tests.test_csv_import.TestContactUpdateWithNewFields" name="test_update_contact_with_organization_name" time="0.428" /><testcase classname="tests.test_csv_import.TestContactUpdateWithNewFields" name="test_update_contact_with_phones_array" time="0.406" /><testcase classname="tests.test_csv_import.TestContactUpdateWithNewFields" name="test_update_contact_with_emails_array" time="0.375" /><testcase classname="tests.test_csv_import.TestSmartNameSplitting" name="test_name_splitting_with_full_name_in_first" time="0.128" /><testcase classname="tests.test_csv_import.TestSmartNameSplitting" name="test_organization_only_contact" time="0.247" /><testcase classname="tests.test_csv_import.TestDuplicateDetection" name="test_duplicate_detection_by_phone" time="0.456" /></testsuite></testsuites>