<?xml version="1.0" encoding="utf-8"?><testsuites name="pytest tests"><testsuite name="pytest" errors="0" failures="0" skipped="0" tests="13" time="3.207" timestamp="2026-03-11T15:51:49.418386+00:00" hostname="agent-env-68795eca-dc02-4f47-9f75-40bcbbbaad45"><testcase classname="backend.tests.test_activity_feed_master_fix.TestMasterFeedContactResolution" name="test_master_feed_returns_200" time="0.337" /><testcase classname="backend.tests.test_activity_feed_master_fix.TestMasterFeedContactResolution" name="test_master_feed_contact_names_resolved" time="0.117" /><testcase classname="backend.tests.test_activity_feed_master_fix.TestMasterFeedContactResolution" name="test_master_feed_contact_photos_present" time="0.178" /><testcase classname="backend.tests.test_activity_feed_master_fix.TestMasterFeedContactResolution" name="test_master_feed_contact_tags_present" time="0.125" /><testcase classname="backend.tests.test_activity_feed_master_fix.TestTrackingEventValidation" name="test_tracking_event_invalid_contact_id_rejected" time="0.392" /><testcase classname="backend.tests.test_activity_feed_master_fix.TestTrackingEventValidation" name="test_tracking_event_valid_contact_id_works" time="0.117" /><testcase classname="backend.tests.test_activity_feed_master_fix.TestTrackingEventValidation" name="test_tracking_event_no_contact_id_uses_fallback" time="0.173" /><testcase classname="backend.tests.test_activity_feed_master_fix.TestContactActivityLogging" name="test_find_or_create_valid_phone" time="0.987" /><testcase classname="backend.tests.test_activity_feed_master_fix.TestContactDetailEvents" name="test_contact_events_endpoint" time="0.186" /><testcase classname="backend.tests.test_activity_feed_master_fix.TestContactDetailEvents" name="test_contact_events_with_invalid_contact_id" time="0.126" /><testcase classname="backend.tests.test_activity_feed_master_fix.TestMasterFeedEventTypes" name="test_master_feed_event_types" time="0.132" /><testcase classname="backend.tests.test_activity_feed_master_fix.TestDataIntegrity" name="test_known_invalid_contact_ids_handled" time="0.126" /><testcase classname="backend.tests.test_activity_feed_master_fix.TestDataIntegrity" name="test_orphaned_contacts_show_unknown" time="0.120" /></testsuite></testsuites>