<?xml version="1.0" encoding="utf-8"?><testsuites name="pytest tests"><testsuite name="pytest" errors="0" failures="0" skipped="1" tests="7" time="3.555" timestamp="2026-09-14T23:49:38.607413+00:00" hostname="agent-env-ed2e0bed-a367-4d5c-a080-e18e539ff770"><testcase classname="tests.test_review_321" name="test_industries_automotive_five_depts" time="1.472" /><testcase classname="tests.test_review_321" name="test_scorecards_body_shop_template" time="0.593" /><testcase classname="tests.test_review_321" name="test_ack_manager_forbidden" time="0.275"><skipped type="pytest.skip" message="No evaluation id discoverable to ack test">/app/backend/tests/test_review_321.py:111: No evaluation id discoverable to ack test</skipped></testcase><testcase classname="tests.test_review_321" name="test_digest_super_admin_no_store" time="0.155" /><testcase classname="tests.test_review_321" name="test_digest_send_super_admin_400" time="0.149" /><testcase classname="tests.test_review_321" name="test_rep_digest_forbidden" time="0.484" /><testcase classname="tests.test_review_321" name="test_public_pdf" time="0.355" /></testsuite></testsuites>