<?xml version="1.0" encoding="utf-8"?><testsuites name="pytest tests"><testsuite name="pytest" errors="0" failures="0" skipped="0" tests="11" time="2.838" timestamp="2026-07-22T20:41:38.408257+00:00" hostname="agent-env-ed2e0bed-a367-4d5c-a080-e18e539ff770"><testcase classname="backend.tests.test_seo_tasks_fixes.TestSEOHealthScore" name="test_cache_miss_returns_valid_json" time="0.310" /><testcase classname="backend.tests.test_seo_tasks_fixes.TestSEOHealthScore" name="test_cache_hit_returns_valid_json" time="1.295" /><testcase classname="backend.tests.test_seo_tasks_fixes.TestSEOHealthScore" name="test_pending_placeholder_has_computing_flag" time="0.111" /><testcase classname="backend.tests.test_seo_tasks_fixes.TestSEOHealthScore" name="test_invalid_user_id_returns_error_json" time="0.144" /><testcase classname="backend.tests.test_seo_tasks_fixes.TestSEOHealthScore" name="test_short_user_id_returns_error_json" time="0.192" /><testcase classname="backend.tests.test_seo_tasks_fixes.TestSEOHealthScore" name="test_response_is_not_empty" time="0.101" /><testcase classname="backend.tests.test_seo_tasks_fixes.TestTasksSummary" name="test_summary_returns_200" time="0.111" /><testcase classname="backend.tests.test_seo_tasks_fixes.TestTasksSummary" name="test_summary_has_required_fields" time="0.133" /><testcase classname="backend.tests.test_seo_tasks_fixes.TestTasksSummary" name="test_summary_field_types" time="0.109" /><testcase classname="backend.tests.test_seo_tasks_fixes.TestTasksSummary" name="test_summary_progress_pct_range" time="0.113" /><testcase classname="backend.tests.test_seo_tasks_fixes.TestTasksSummary" name="test_summary_has_activity_field" time="0.138" /></testsuite></testsuites>