<?xml version="1.0" encoding="utf-8"?><testsuites name="pytest tests"><testsuite name="pytest" errors="0" failures="0" skipped="0" tests="30" time="16.393" timestamp="2026-09-15T02:55:03.224993+00:00" hostname="agent-env-ed2e0bed-a367-4d5c-a080-e18e539ff770"><testcase classname="tests.test_uk_pack" name="test_uk_texts_pure" time="0.001" /><testcase classname="tests.test_uk_pack" name="test_uk_client_public_pages_and_bundles" time="3.930" /><testcase classname="tests.test_dutch_pack" name="test_dutch_texts_pure" time="0.001" /><testcase classname="tests.test_dutch_pack" name="test_dutch_client_public_pages_and_import" time="4.142" /><testcase classname="tests.test_dutch_pack" name="test_dutch_review_gate" time="2.057" /><testcase classname="tests.test_locales" name="test_locale_table_and_defaults" time="0.000" /><testcase classname="tests.test_locales" name="test_speech_english_unchanged_and_british" time="0.000" /><testcase classname="tests.test_locales" name="test_speech_dutch" time="0.001" /><testcase classname="tests.test_locales" name="test_relay_twiml_and_announcements_follow_locale" time="0.001" /><testcase classname="tests.test_locales" name="test_customer_prompt_and_grader_language" time="0.000" /><testcase classname="tests.test_locales" name="test_lead_call_twiml_in_dutch" time="0.000" /><testcase classname="tests.test_locales" name="test_invoice_extras" time="0.000" /><testcase classname="tests.test_locales" name="test_client_locale_api_and_voice_override" time="2.237" /><testcase classname="tests.test_locales" name="test_store_locale_saves" time="0.138" /><testcase classname="tests.test_uk_ireland_review.TestPublicShopReport" name="test_en_gb_report" time="0.137" /><testcase classname="tests.test_uk_ireland_review.TestPublicShopReport" name="test_en_gb_report_pdf" time="0.136" /><testcase classname="tests.test_uk_ireland_review.TestPublicShopReport" name="test_dutch_report_regression" time="0.162" /><testcase classname="tests.test_uk_ireland_review.TestPublicShopReport" name="test_us_report_regression" time="0.155" /><testcase classname="tests.test_uk_ireland_review.TestBundleApi" name="test_get_bundles_lists_gb_ie_be" time="0.642" /><testcase classname="tests.test_uk_ireland_review.TestBundleApi" name="test_put_bundle_rejects_nl" time="0.141" /><testcase classname="tests.test_uk_ireland_review.TestBundleApi" name="test_put_bundle_rejects_bad_address" time="0.142" /><testcase classname="tests.test_uk_ireland_review.TestBundleApi" name="test_put_bundle_rejects_bad_bundle_sid" time="0.152" /><testcase classname="tests.test_uk_ireland_review.TestBundleApi" name="test_unauthenticated_bundle_get" time="0.171" /><testcase classname="tests.test_uk_ireland_review.TestGbBundleFlow" name="test_save_gb_bundle_then_clear" time="0.747" /><testcase classname="tests.test_uk_ireland_review.TestGbBundleFlow" name="test_uk_client_number_state_no_own" time="0.158" /><testcase classname="tests.test_uk_ireland_review.TestUkPeoplePhone" name="test_add_person_valid_mobile" time="0.334" /><testcase classname="tests.test_uk_ireland_review.TestUkPeoplePhone" name="test_add_person_invalid_mobile" time="0.151" /><testcase classname="tests.test_uk_ireland_review.TestUkPeoplePhone" name="test_cleanup_person" time="0.138" /><testcase classname="tests.test_uk_ireland_review.TestChallengeLibrary" name="test_languages_include_en_gb" time="0.149" /><testcase classname="tests.test_uk_ireland_review.TestChallengeLibrary" name="test_en_gb_review_status" time="0.143" /></testsuite></testsuites>