<?xml version="1.0" encoding="utf-8"?><testsuites name="pytest tests"><testsuite name="pytest" errors="0" failures="0" skipped="0" tests="11" time="6.118" timestamp="2026-09-16T15:44:14.251474+00:00" hostname="agent-env-ed2e0bed-a367-4d5c-a080-e18e539ff770"><testcase classname="tests.test_va_facts_api.TestConfig" name="test_no_token_401" time="0.954" /><testcase classname="tests.test_va_facts_api.TestConfig" name="test_forest_config" time="0.656" /><testcase classname="tests.test_va_facts_api.TestConfig" name="test_qa_manager_lab_gate" time="0.785" /><testcase classname="tests.test_va_facts_api.TestIndustryPick" name="test_forest_pick_and_restore" time="0.531" /><testcase classname="tests.test_va_facts_api.TestIndustryPick" name="test_store_override_wins" time="0.657" /><testcase classname="tests.test_va_facts_api.TestFacts" name="test_get_shape" time="0.275" /><testcase classname="tests.test_va_facts_api.TestFacts" name="test_add_edit_delete_mine" time="0.931" /><testcase classname="tests.test_va_facts_api.TestFacts" name="test_short_text_400" time="0.222" /><testcase classname="tests.test_va_facts_api.TestFacts" name="test_forest_no_store_store_scope_400" time="0.183" /><testcase classname="tests.test_va_facts_api.TestFacts" name="test_tester_403_on_store" time="0.530" /><testcase classname="tests.test_va_facts_api.TestFacts" name="test_manager_can_add_store_fact" time="0.306" /></testsuite></testsuites>