<?xml version="1.0" encoding="utf-8"?><testsuites name="pytest tests"><testsuite name="pytest" errors="0" failures="5" skipped="0" tests="13" time="4.972" timestamp="2026-09-16T15:46:53.811650+00:00" hostname="agent-env-ed2e0bed-a367-4d5c-a080-e18e539ff770"><testcase classname="tests.test_va_routing.TestInterviewTrim" name="test_module_constants" time="0.017" /><testcase classname="tests.test_va_routing.TestInterviewTrim" name="test_topics_automotive" time="0.000" /><testcase classname="tests.test_va_routing.TestInterviewTrim" name="test_topics_real_estate" time="0.000" /><testcase classname="tests.test_va_routing.TestInterviewTrim" name="test_greeting_five_minutes" time="0.000" /><testcase classname="tests.test_va_routing.TestInterviewTrim" name="test_serialize_labels" time="0.000" /><testcase classname="tests.test_va_routing.TestPromptGateway" name="test_forest_new_prompt" time="0.190" /><testcase classname="tests.test_va_routing.TestPromptGateway" name="test_qamgr_old_prompt_in_lab" time="0.004"><failure message="RuntimeError: Event loop is closed">E   RuntimeError: Event loop is closed</failure></testcase><testcase classname="tests.test_va_routing.TestPromptGateway" name="test_qamgr_new_prompt_when_live" time="1.064"><failure message="RuntimeError: Event loop is closed">E   RuntimeError: Event loop is closed</failure></testcase><testcase classname="tests.test_va_routing.TestSamplePreview" name="test_price_ask_no_dollars" time="1.645" /><testcase classname="tests.test_va_routing.TestSamplePreview" name="test_sunday_fact" time="1.479" /><testcase classname="tests.test_va_routing.TestInboundRouting" name="test_case_a_fact_match" time="0.019"><failure message="RuntimeError: Event loop is closed">E   RuntimeError: Event loop is closed</failure></testcase><testcase classname="tests.test_va_routing.TestInboundRouting" name="test_case_b_hot_topic" time="0.005"><failure message="RuntimeError: Event loop is closed">E   RuntimeError: Event loop is closed</failure></testcase><testcase classname="tests.test_va_routing.TestInboundRouting" name="test_case_c_real_estate_hold" time="0.394"><failure message="RuntimeError: Event loop is closed">E   RuntimeError: Event loop is closed</failure></testcase></testsuite></testsuites>