<?xml version="1.0" encoding="utf-8"?><testsuites name="pytest tests"><testsuite name="pytest" errors="0" failures="0" skipped="1" tests="14" time="1.341" timestamp="2026-07-23T01:30:51.156822+00:00" hostname="agent-env-ed2e0bed-a367-4d5c-a080-e18e539ff770"><testcase classname="backend.tests.test_vehicle_purchase_fix_268.TestPatchVehicleEndpoint" name="test_patch_vehicle_returns_200" time="0.314" /><testcase classname="backend.tests.test_vehicle_purchase_fix_268.TestPatchVehicleEndpoint" name="test_patch_vehicle_response_has_vehicle_field" time="0.047" /><testcase classname="backend.tests.test_vehicle_purchase_fix_268.TestPatchVehicleEndpoint" name="test_patch_vehicle_persists_to_contact" time="0.101" /><testcase classname="backend.tests.test_vehicle_purchase_fix_268.TestPatchVehicleEndpoint" name="test_patch_vehicle_does_not_change_other_fields" time="0.148" /><testcase classname="backend.tests.test_vehicle_purchase_fix_268.TestPatchVehicleEndpoint" name="test_patch_vehicle_empty_returns_400" time="0.047" /><testcase classname="backend.tests.test_vehicle_purchase_fix_268.TestPatchVehicleEndpoint" name="test_patch_vehicle_invalid_contact_returns_404" time="0.046" /><testcase classname="backend.tests.test_vehicle_purchase_fix_268.TestPostPurchaseUpdatesVehicle" name="test_post_purchase_returns_200" time="0.050" /><testcase classname="backend.tests.test_vehicle_purchase_fix_268.TestPostPurchaseUpdatesVehicle" name="test_post_purchase_response_has_purchase_object" time="0.044" /><testcase classname="backend.tests.test_vehicle_purchase_fix_268.TestPostPurchaseUpdatesVehicle" name="test_post_purchase_sets_vehicle_on_contact" time="0.100" /><testcase classname="backend.tests.test_vehicle_purchase_fix_268.TestPostPurchaseUpdatesVehicle" name="test_post_purchase_purchase_in_history" time="0.093" /><testcase classname="backend.tests.test_vehicle_purchase_fix_268.TestPostPurchaseUpdatesVehicle" name="test_post_purchase_missing_title_returns_400" time="0.045" /><testcase classname="backend.tests.test_vehicle_purchase_fix_268.TestRelationshipIntelPurchaseContext" name="test_relationship_brief_returns_ok" time="0.044"><skipped type="pytest.skip" message="relationship-brief endpoint not exposed; tested via jessi">/app/backend/tests/test_vehicle_purchase_fix_268.py:177: relationship-brief endpoint not exposed; tested via jessi</skipped></testcase><testcase classname="backend.tests.test_vehicle_purchase_fix_268.TestRelationshipIntelPurchaseContext" name="test_contact_vehicle_field_set_after_purchase" time="0.094" /><testcase classname="backend.tests.test_vehicle_purchase_fix_268.TestRelationshipIntelPurchaseContext" name="test_purchase_history_has_entries" time="0.094" /></testsuite></testsuites>