<?xml version="1.0" encoding="utf-8"?><testsuites name="pytest tests"><testsuite name="pytest" errors="0" failures="2" skipped="0" tests="11" time="2.285" timestamp="2026-02-19T21:58:12.108508+00:00" hostname="agent-env-ba4c01f7-c273-4a76-8161-cdada051b961"><testcase classname="backend.tests.test_admin_toggles.TestOrganizationToggle" name="test_org_default_active" time="0.382"><failure message="AssertionError: New org should be active by default. Got: None&#10;assert None == True&#10; +  where None = &lt;built-in method get of dict object at 0xfe3e615acc00&gt;('active')&#10; +    where &lt;built-in method get of dict object at 0xfe3e615acc00&gt; = {'_id': '69978774dbe86e3ac84559b3', 'account_type': 'organization', 'address': None, 'admin_email': 'test-toggle@example.com', ...}.get">backend/tests/test_admin_toggles.py:63: in test_org_default_active
    assert org.get('active') == True, f"New org should be active by default. Got: {org.get('active')}"
E   AssertionError: New org should be active by default. Got: None
E   assert None == True
E    +  where None = &lt;built-in method get of dict object at 0xfe3e615acc00&gt;('active')
E    +    where &lt;built-in method get of dict object at 0xfe3e615acc00&gt; = {'_id': '69978774dbe86e3ac84559b3', 'account_type': 'organization', 'address': None, 'admin_email': 'test-toggle@example.com', ...}.get</failure></testcase><testcase classname="backend.tests.test_admin_toggles.TestOrganizationToggle" name="test_org_deactivate" time="0.142" /><testcase classname="backend.tests.test_admin_toggles.TestOrganizationToggle" name="test_org_reactivate" time="0.165" /><testcase classname="backend.tests.test_admin_toggles.TestStoreToggle" name="test_store_default_active" time="0.180"><failure message="AssertionError: New store should be active by default. Got: None&#10;assert None == True&#10; +  where None = &lt;built-in method get of dict object at 0xfe3e6144ac00&gt;('active')&#10; +    where &lt;built-in method get of dict object at 0xfe3e6144ac00&gt; = {'_id': '69978774dbe86e3ac84559b4', 'address': None, 'city': 'Test City', 'country': 'US', ...}.get">backend/tests/test_admin_toggles.py:104: in test_store_default_active
    assert store.get('active') == True, f"New store should be active by default. Got: {store.get('active')}"
E   AssertionError: New store should be active by default. Got: None
E   assert None == True
E    +  where None = &lt;built-in method get of dict object at 0xfe3e6144ac00&gt;('active')
E    +    where &lt;built-in method get of dict object at 0xfe3e6144ac00&gt; = {'_id': '69978774dbe86e3ac84559b4', 'address': None, 'city': 'Test City', 'country': 'US', ...}.get</failure></testcase><testcase classname="backend.tests.test_admin_toggles.TestStoreToggle" name="test_store_deactivate" time="0.127" /><testcase classname="backend.tests.test_admin_toggles.TestStoreToggle" name="test_store_reactivate" time="0.158" /><testcase classname="backend.tests.test_admin_toggles.TestUserToggle" name="test_get_existing_user" time="0.090" /><testcase classname="backend.tests.test_admin_toggles.TestUserToggle" name="test_user_toggle_inactive" time="0.323" /><testcase classname="backend.tests.test_admin_toggles.TestUserToggle" name="test_user_toggle_active" time="0.310" /><testcase classname="backend.tests.test_admin_toggles.TestOrganizationListAndNavigation" name="test_organizations_list_returns_id" time="0.054" /><testcase classname="backend.tests.test_admin_toggles.TestOrganizationListAndNavigation" name="test_single_organization_detail" time="0.222" /></testsuite></testsuites>