<?xml version="1.0" encoding="utf-8"?><testsuites name="pytest tests"><testsuite name="pytest" errors="0" failures="0" skipped="0" tests="16" time="12.168" timestamp="2026-02-19T07:42:46.018250+00:00" hostname="agent-env-d859777f-9790-4b10-95df-e23abffd7c25"><testcase classname="backend.tests.test_profile.TestProfileGet" name="test_get_profile_success" time="0.142" /><testcase classname="backend.tests.test_profile.TestProfileGet" name="test_get_profile_invalid_id" time="0.110" /><testcase classname="backend.tests.test_profile.TestProfileGet" name="test_get_profile_nonexistent_user" time="0.102" /><testcase classname="backend.tests.test_profile.TestProfileUpdate" name="test_update_basic_info" time="0.312" /><testcase classname="backend.tests.test_profile.TestProfileUpdate" name="test_update_years_experience" time="0.245" /><testcase classname="backend.tests.test_profile.TestProfileUpdate" name="test_update_personal_story" time="0.199" /><testcase classname="backend.tests.test_profile.TestProfileUpdate" name="test_update_hobbies" time="0.245" /><testcase classname="backend.tests.test_profile.TestProfileUpdate" name="test_update_fun_facts" time="0.196" /><testcase classname="backend.tests.test_profile.TestProfileUpdate" name="test_update_social_links" time="0.227" /><testcase classname="backend.tests.test_profile.TestProfileUpdate" name="test_update_bio_directly" time="0.242" /><testcase classname="backend.tests.test_profile.TestAIBioGeneration" name="test_generate_bio_success" time="3.255" /><testcase classname="backend.tests.test_profile.TestAIBioGeneration" name="test_generate_bio_minimal_info" time="2.178" /><testcase classname="backend.tests.test_profile.TestAIBioGeneration" name="test_generate_bio_empty_data_uses_db" time="2.215" /><testcase classname="backend.tests.test_profile.TestAIBioGeneration" name="test_generate_bio_invalid_user" time="0.108" /><testcase classname="backend.tests.test_profile.TestDigitalCardIntegration" name="test_card_shows_bio" time="2.081" /><testcase classname="backend.tests.test_profile.TestDigitalCardIntegration" name="test_card_shows_social_links" time="0.223" /></testsuite></testsuites>