<?xml version="1.0" encoding="utf-8"?><testsuites name="pytest tests"><testsuite name="pytest" errors="0" failures="0" skipped="0" tests="17" time="5.993" timestamp="2026-02-18T20:36:01.199988+00:00" hostname="agent-env-6fc8389b-bb2c-4b26-882e-e95701ad819d"><testcase classname="backend.tests.test_auth_tasks.TestHealthCheck" name="test_api_root" time="0.151" /><testcase classname="backend.tests.test_auth_tasks.TestAuthFlow" name="test_signup_new_user" time="0.220" /><testcase classname="backend.tests.test_auth_tasks.TestAuthFlow" name="test_signup_duplicate_email_fails" time="0.176" /><testcase classname="backend.tests.test_auth_tasks.TestAuthFlow" name="test_login_success" time="0.219" /><testcase classname="backend.tests.test_auth_tasks.TestAuthFlow" name="test_login_invalid_credentials" time="0.127" /><testcase classname="backend.tests.test_auth_tasks.TestAuthFlow" name="test_login_missing_fields" time="0.144" /><testcase classname="backend.tests.test_auth_tasks.TestForgotPasswordFlow" name="test_forgot_password_request_code" time="0.280" /><testcase classname="backend.tests.test_auth_tasks.TestForgotPasswordFlow" name="test_forgot_password_nonexistent_email" time="0.189" /><testcase classname="backend.tests.test_auth_tasks.TestForgotPasswordFlow" name="test_verify_reset_code_valid" time="0.405" /><testcase classname="backend.tests.test_auth_tasks.TestForgotPasswordFlow" name="test_verify_reset_code_invalid" time="0.308" /><testcase classname="backend.tests.test_auth_tasks.TestForgotPasswordFlow" name="test_full_password_reset_flow" time="0.580" /><testcase classname="backend.tests.test_auth_tasks.TestTasksCRUD" name="test_create_task" time="0.283" /><testcase classname="backend.tests.test_auth_tasks.TestTasksCRUD" name="test_get_tasks_list" time="0.684" /><testcase classname="backend.tests.test_auth_tasks.TestTasksCRUD" name="test_update_task_toggle_completion" time="0.420" /><testcase classname="backend.tests.test_auth_tasks.TestTasksCRUD" name="test_delete_task" time="0.599" /><testcase classname="backend.tests.test_auth_tasks.TestTasksCRUD" name="test_delete_nonexistent_task" time="0.668" /><testcase classname="backend.tests.test_auth_tasks.TestTasksCRUD" name="test_get_active_tasks_filter" time="0.475" /></testsuite></testsuites>