<?xml version="1.0" encoding="utf-8"?><testsuites name="pytest tests"><testsuite name="pytest" errors="0" failures="0" skipped="0" tests="13" time="2.486" timestamp="2026-02-20T16:37:47.158188+00:00" hostname="agent-env-ebacfaeb-8540-4f8f-8fe2-6a49bb120bcc"><testcase classname="tests.test_onboarding_team_invite.TestOnboardingSettings" name="test_get_global_settings_returns_defaults" time="0.194" /><testcase classname="tests.test_onboarding_team_invite.TestOnboardingSettings" name="test_put_global_settings_updates" time="0.349" /><testcase classname="tests.test_onboarding_team_invite.TestOnboardingSettings" name="test_get_placeholders_returns_list" time="0.151" /><testcase classname="tests.test_onboarding_team_invite.TestOnboardingSettings" name="test_preview_message" time="0.170" /><testcase classname="tests.test_onboarding_team_invite.TestTeamInvite" name="test_validate_existing_invite_code" time="0.226" /><testcase classname="tests.test_onboarding_team_invite.TestTeamInvite" name="test_validate_invalid_invite_code" time="0.154" /><testcase classname="tests.test_onboarding_team_invite.TestTeamInvite" name="test_create_team_invite" time="0.127" /><testcase classname="tests.test_onboarding_team_invite.TestTeamInvite" name="test_join_team_creates_user" time="0.289" /><testcase classname="tests.test_onboarding_team_invite.TestTeamInvite" name="test_join_duplicate_email_fails" time="0.146" /><testcase classname="tests.test_onboarding_team_invite.TestTeamInvite" name="test_get_store_invites" time="0.119" /><testcase classname="tests.test_onboarding_team_invite.TestTeamInvite" name="test_get_user_share_link" time="0.164" /><testcase classname="tests.test_onboarding_team_invite.TestStoreAndOrgSettings" name="test_get_store_settings_returns_defaults" time="0.141" /><testcase classname="tests.test_onboarding_team_invite.TestStoreAndOrgSettings" name="test_get_invalid_store_returns_404" time="0.162" /></testsuite></testsuites>