<?xml version="1.0" encoding="utf-8"?><testsuites name="pytest tests"><testsuite name="pytest" errors="0" failures="0" skipped="0" tests="19" time="4.248" timestamp="2026-02-19T23:37:32.676176+00:00" hostname="agent-env-ba4c01f7-c273-4a76-8161-cdada051b961"><testcase classname="tests.test_store_independent_mms.TestStoreDetailPage" name="test_01_store_detail_loads_with_users" time="0.138" /><testcase classname="tests.test_store_independent_mms.TestStoreDetailPage" name="test_02_store_detail_users_have_required_fields" time="0.213" /><testcase classname="tests.test_store_independent_mms.TestStoreDetailPage" name="test_03_store_detail_available_users_have_required_fields" time="0.114" /><testcase classname="tests.test_store_independent_mms.TestStoreDetailPage" name="test_04_store_detail_shows_organization_info" time="0.122" /><testcase classname="tests.test_store_independent_mms.TestStoreDetailPage" name="test_05_store_not_found_returns_404" time="0.120" /><testcase classname="tests.test_store_independent_mms.TestStoreUserManagement" name="test_01_add_user_to_store" time="0.277" /><testcase classname="tests.test_store_independent_mms.TestStoreUserManagement" name="test_02_remove_user_from_store" time="0.274" /><testcase classname="tests.test_store_independent_mms.TestStoreUserManagement" name="test_03_assign_store_requires_store_id" time="0.113" /><testcase classname="tests.test_store_independent_mms.TestStoreUserManagement" name="test_04_assign_to_invalid_store_returns_404" time="0.201" /><testcase classname="tests.test_store_independent_mms.TestIndependentSignup" name="test_01_independent_signup_gets_active_status" time="0.213" /><testcase classname="tests.test_store_independent_mms.TestIndependentSignup" name="test_02_independent_signup_without_org_id" time="0.217" /><testcase classname="tests.test_store_independent_mms.TestOrganizationSignup" name="test_01_organization_signup_gets_pending_status" time="0.391" /><testcase classname="tests.test_store_independent_mms.TestOrganizationSignup" name="test_02_organization_signup_appears_in_pending_list" time="0.467" /><testcase classname="tests.test_store_independent_mms.TestPendingUsersCount" name="test_01_pending_users_count_endpoint" time="0.118" /><testcase classname="tests.test_store_independent_mms.TestPendingUsersCount" name="test_02_pending_count_increases_after_org_signup" time="0.498" /><testcase classname="tests.test_store_independent_mms.TestPendingUsersCount" name="test_03_pending_count_unchanged_after_independent_signup" time="0.307" /><testcase classname="tests.test_store_independent_mms.TestMMSMediaEndpoint" name="test_01_twilio_webhook_test_endpoint" time="0.120" /><testcase classname="tests.test_store_independent_mms.TestMMSMediaEndpoint" name="test_02_media_endpoint_exists" time="0.169" /><testcase classname="tests.test_store_independent_mms.TestCleanupTestUser" name="test_cleanup_test_user" time="0.119" /></testsuite></testsuites>