<?xml version="1.0" encoding="utf-8"?><testsuites name="pytest tests"><testsuite name="pytest" errors="0" failures="0" skipped="0" tests="16" time="2.350" timestamp="2026-02-20T06:59:07.623774+00:00" hostname="agent-env-6674404d-11c5-4311-a75d-5b9d514d2940"><testcase classname="tests.test_public_landing.TestPublicLandingPage" name="test_get_landing_page_data" time="0.149" /><testcase classname="tests.test_public_landing.TestPublicLandingPage" name="test_get_landing_page_data_invalid_user" time="0.104" /><testcase classname="tests.test_public_landing.TestReviewSubmission" name="test_submit_review_minimal" time="0.133" /><testcase classname="tests.test_public_landing.TestReviewSubmission" name="test_submit_review_full" time="0.160" /><testcase classname="tests.test_public_landing.TestReviewSubmission" name="test_submit_review_invalid_user" time="0.112" /><testcase classname="tests.test_public_landing.TestReviewApproval" name="test_get_pending_reviews" time="0.133" /><testcase classname="tests.test_public_landing.TestReviewApproval" name="test_approve_review_flow" time="0.195" /><testcase classname="tests.test_public_landing.TestReviewApproval" name="test_reject_review_flow" time="0.205" /><testcase classname="tests.test_public_landing.TestReviewApproval" name="test_approve_invalid_review" time="0.127" /><testcase classname="tests.test_public_landing.TestReviewApproval" name="test_reject_invalid_review" time="0.096" /><testcase classname="tests.test_public_landing.TestReferralSubmission" name="test_submit_referral" time="0.103" /><testcase classname="tests.test_public_landing.TestReferralSubmission" name="test_submit_referral_minimal" time="0.100" /><testcase classname="tests.test_public_landing.TestReferralSubmission" name="test_submit_referral_invalid_user" time="0.090" /><testcase classname="tests.test_public_landing.TestReferralSubmission" name="test_get_referrals" time="0.098" /><testcase classname="tests.test_public_landing.TestApprovedReviewsDisplay" name="test_approved_reviews_appear_in_testimonials" time="0.181" /><testcase classname="tests.test_public_landing.TestCleanup" name="test_cleanup_test_reviews" time="0.297" /></testsuite></testsuites>