<?xml version="1.0" encoding="utf-8"?><testsuites name="pytest tests"><testsuite name="pytest" errors="0" failures="0" skipped="0" tests="16" time="2.222" timestamp="2026-02-19T02:12:21.478089+00:00" hostname="agent-env-2b254f2d-27ed-4799-a764-0c4d4870341f"><testcase classname="backend.tests.test_tags_persona_quickactions.TestTagsAPI" name="test_get_tags_returns_list" time="0.324" /><testcase classname="backend.tests.test_tags_persona_quickactions.TestTagsAPI" name="test_get_tags_creates_defaults_for_new_users" time="0.093" /><testcase classname="backend.tests.test_tags_persona_quickactions.TestTagsAPI" name="test_create_tag" time="0.065" /><testcase classname="backend.tests.test_tags_persona_quickactions.TestTagsAPI" name="test_create_duplicate_tag_fails" time="0.176" /><testcase classname="backend.tests.test_tags_persona_quickactions.TestTagsAPI" name="test_delete_tag" time="0.130" /><testcase classname="backend.tests.test_tags_persona_quickactions.TestTagsAPI" name="test_get_tag_colors" time="0.075" /><testcase classname="backend.tests.test_tags_persona_quickactions.TestPersonaAPI" name="test_get_persona_settings" time="0.070" /><testcase classname="backend.tests.test_tags_persona_quickactions.TestPersonaAPI" name="test_update_persona_settings" time="0.144" /><testcase classname="backend.tests.test_tags_persona_quickactions.TestPersonaAPI" name="test_persona_for_nonexistent_user" time="0.073" /><testcase classname="backend.tests.test_tags_persona_quickactions.TestQuickActionsAPI" name="test_archive_conversation" time="0.171" /><testcase classname="backend.tests.test_tags_persona_quickactions.TestQuickActionsAPI" name="test_restore_conversation" time="0.074" /><testcase classname="backend.tests.test_tags_persona_quickactions.TestQuickActionsAPI" name="test_mark_conversation_read" time="0.091" /><testcase classname="backend.tests.test_tags_persona_quickactions.TestQuickActionsAPI" name="test_mark_conversation_unread" time="0.057" /><testcase classname="backend.tests.test_tags_persona_quickactions.TestQuickActionsAPI" name="test_invalid_conversation_returns_404" time="0.062" /><testcase classname="backend.tests.test_tags_persona_quickactions.TestTagAssignment" name="test_assign_tag_to_contacts" time="0.236" /><testcase classname="backend.tests.test_tags_persona_quickactions.TestTagAssignment" name="test_get_contacts_by_tag" time="0.310" /></testsuite></testsuites>