<?xml version="1.0" encoding="utf-8"?><testsuites name="pytest tests"><testsuite name="pytest" errors="0" failures="0" skipped="0" tests="6" time="0.703" timestamp="2026-02-19T08:41:10.483070+00:00" hostname="agent-env-d2a0a57a-95e9-4075-b810-0b80fe0e67f0"><testcase classname="backend.tests.test_legal.TestLegalEndpoints" name="test_get_terms_of_service" time="0.121" /><testcase classname="backend.tests.test_legal.TestLegalEndpoints" name="test_get_privacy_policy" time="0.100" /><testcase classname="backend.tests.test_legal.TestLegalEndpoints" name="test_get_customer_terms" time="0.109" /><testcase classname="backend.tests.test_legal.TestLegalEndpoints" name="test_get_all_legal_documents" time="0.104" /><testcase classname="backend.tests.test_legal.TestLegalEndpoints" name="test_terms_content_sections" time="0.109" /><testcase classname="backend.tests.test_legal.TestLegalEndpoints" name="test_privacy_content_sections" time="0.101" /></testsuite></testsuites>