<?xml version="1.0" encoding="utf-8"?><testsuites name="pytest tests"><testsuite name="pytest" errors="0" failures="0" skipped="0" tests="15" time="1.291" timestamp="2026-02-19T11:32:40.483274+00:00" hostname="agent-env-7ee4d0d3-1b3c-4665-9ce7-0e4cf00c0fea"><testcase classname="tests.test_shared_inboxes_bulk_transfer.TestSharedInboxesAPI" name="test_list_shared_inboxes" time="0.335" /><testcase classname="tests.test_shared_inboxes_bulk_transfer.TestSharedInboxesAPI" name="test_create_shared_inbox" time="0.050" /><testcase classname="tests.test_shared_inboxes_bulk_transfer.TestSharedInboxesAPI" name="test_create_inbox_duplicate_phone_number" time="0.048" /><testcase classname="tests.test_shared_inboxes_bulk_transfer.TestSharedInboxesAPI" name="test_get_shared_inbox_details" time="0.054" /><testcase classname="tests.test_shared_inboxes_bulk_transfer.TestUserAssignment" name="test_list_users_for_assignment" time="0.060" /><testcase classname="tests.test_shared_inboxes_bulk_transfer.TestUserAssignment" name="test_assign_user_to_inbox" time="0.056" /><testcase classname="tests.test_shared_inboxes_bulk_transfer.TestUserAssignment" name="test_verify_user_assigned" time="0.050" /><testcase classname="tests.test_shared_inboxes_bulk_transfer.TestUserAssignment" name="test_unassign_user_from_inbox" time="0.047" /><testcase classname="tests.test_shared_inboxes_bulk_transfer.TestUserAssignment" name="test_verify_user_unassigned" time="0.048" /><testcase classname="tests.test_shared_inboxes_bulk_transfer.TestBulkTransferAPI" name="test_get_transfer_preview" time="0.112" /><testcase classname="tests.test_shared_inboxes_bulk_transfer.TestBulkTransferAPI" name="test_get_transfer_preview_invalid_user" time="0.046" /><testcase classname="tests.test_shared_inboxes_bulk_transfer.TestBulkTransferAPI" name="test_get_transfer_history" time="0.047" /><testcase classname="tests.test_shared_inboxes_bulk_transfer.TestBulkTransferAPI" name="test_execute_bulk_transfer" time="0.126" /><testcase classname="tests.test_shared_inboxes_bulk_transfer.TestBulkTransferAPI" name="test_bulk_transfer_invalid_from_user" time="0.097" /><testcase classname="tests.test_shared_inboxes_bulk_transfer.TestSharedInboxCleanup" name="test_delete_shared_inbox" time="0.047" /></testsuite></testsuites>