<?xml version="1.0" encoding="utf-8"?><testsuites name="pytest tests"><testsuite name="pytest" errors="0" failures="0" skipped="0" tests="10" time="1.858" timestamp="2026-02-20T07:36:14.028002+00:00" hostname="agent-env-6674404d-11c5-4311-a75d-5b9d514d2940"><testcase classname="backend.tests.test_congrats_cards.TestCongratsTemplates" name="test_get_default_template" time="0.205" /><testcase classname="backend.tests.test_congrats_cards.TestCongratsCardRetrieval" name="test_get_existing_card" time="0.160" /><testcase classname="backend.tests.test_congrats_cards.TestCongratsCardRetrieval" name="test_get_nonexistent_card" time="0.139" /><testcase classname="backend.tests.test_congrats_cards.TestCongratsCardCreation" name="test_create_congrats_card" time="0.238" /><testcase classname="backend.tests.test_congrats_cards.TestCongratsCardCreation" name="test_create_card_without_photo" time="0.106" /><testcase classname="backend.tests.test_congrats_cards.TestCongratsCardCreation" name="test_create_card_invalid_salesman" time="0.108" /><testcase classname="backend.tests.test_congrats_cards.TestCongratsCardTracking" name="test_track_download" time="0.250" /><testcase classname="backend.tests.test_congrats_cards.TestCongratsCardTracking" name="test_track_share" time="0.238" /><testcase classname="backend.tests.test_congrats_cards.TestCongratsCardTracking" name="test_track_invalid_action" time="0.231" /><testcase classname="backend.tests.test_congrats_cards.TestCongratsCardHistory" name="test_get_card_history" time="0.113" /></testsuite></testsuites>