<?xml version="1.0" encoding="utf-8"?><testsuites name="pytest tests"><testsuite name="pytest" errors="0" failures="0" skipped="0" tests="13" time="2.487" timestamp="2026-02-19T01:44:17.663892+00:00" hostname="agent-env-2b254f2d-27ed-4799-a764-0c4d4870341f"><testcase classname="backend.tests.test_templates.TestTemplatesAPI" name="test_01_get_templates_for_user" time="0.149" /><testcase classname="backend.tests.test_templates.TestTemplatesAPI" name="test_02_get_templates_contains_defaults" time="0.172" /><testcase classname="backend.tests.test_templates.TestTemplatesAPI" name="test_03_create_template" time="0.151" /><testcase classname="backend.tests.test_templates.TestTemplatesAPI" name="test_04_verify_created_template_persisted" time="0.118" /><testcase classname="backend.tests.test_templates.TestTemplatesAPI" name="test_05_get_single_template" time="0.137" /><testcase classname="backend.tests.test_templates.TestTemplatesAPI" name="test_06_update_template" time="0.104" /><testcase classname="backend.tests.test_templates.TestTemplatesAPI" name="test_07_verify_update_persisted" time="0.143" /><testcase classname="backend.tests.test_templates.TestTemplatesAPI" name="test_08_cannot_delete_default_template" time="0.274" /><testcase classname="backend.tests.test_templates.TestTemplatesAPI" name="test_09_delete_custom_template" time="0.108" /><testcase classname="backend.tests.test_templates.TestTemplatesAPI" name="test_10_verify_delete_persisted" time="0.281" /><testcase classname="backend.tests.test_templates.TestTemplatesAPI" name="test_11_create_duplicate_name_fails" time="0.130" /><testcase classname="backend.tests.test_templates.TestTemplatesAPI" name="test_12_track_template_usage" time="0.367" /><testcase classname="backend.tests.test_templates.TestTemplatesAPI" name="test_13_get_template_categories" time="0.282" /></testsuite></testsuites>