<?xml version="1.0" encoding="utf-8"?><testsuites name="pytest tests"><testsuite name="pytest" errors="0" failures="0" skipped="0" tests="9" time="1.578" timestamp="2026-02-20T10:56:19.387488+00:00" hostname="agent-env-20a38b5f-6b61-458e-a423-30ec99c84049"><testcase classname="backend.tests.test_short_urls.TestURLShortener" name="test_create_short_url_success" time="0.218" /><testcase classname="backend.tests.test_short_urls.TestURLShortener" name="test_create_short_url_missing_url" time="0.141" /><testcase classname="backend.tests.test_short_urls.TestURLShortener" name="test_redirect_short_url" time="0.229" /><testcase classname="backend.tests.test_short_urls.TestURLShortener" name="test_redirect_nonexistent_short_url" time="0.112" /><testcase classname="backend.tests.test_short_urls.TestURLShortener" name="test_short_url_stats" time="0.222" /><testcase classname="backend.tests.test_short_urls.TestURLShortener" name="test_short_url_deduplication" time="0.216" /><testcase classname="backend.tests.test_short_urls.TestLogin" name="test_login_sales_user" time="0.115" /><testcase classname="backend.tests.test_short_urls.TestLogin" name="test_login_super_admin" time="0.139" /><testcase classname="backend.tests.test_short_urls.TestLogin" name="test_login_invalid_credentials" time="0.122" /></testsuite></testsuites>